[2022-09-06T20:18:41.040Z] Log level: Info
[2022-09-06T20:18:41.045Z] [info] Validating found git in: git
[2022-09-06T20:18:41.081Z] [info] Using git 2.37.2 from git
[2022-09-06T20:18:41.100Z] > git rev-parse --show-toplevel [5ms]
[2022-09-06T20:18:41.114Z] > git rev-parse --git-dir --git-common-dir [5ms]
[2022-09-06T20:18:41.119Z] [info] Open repository: /home/netoca/projects/interactive-card-form
[2022-09-06T20:18:41.129Z] > git status -z -uall [2ms]
[2022-09-06T20:18:41.134Z] > git symbolic-ref --short HEAD [1ms]
[2022-09-06T20:18:41.140Z] > git for-each-ref --format=%(refname)%00%(upstream:short)%00%(objectname)%00%(upstream:track)%00%(upstream:remotename)%00%(upstream:remoteref) refs/heads/master refs/remotes/master [1ms]
[2022-09-06T20:18:41.152Z] > git remote --verbose [2ms]
[2022-09-06T20:18:41.152Z] > git for-each-ref --sort -committerdate --format %(refname) %(objectname) %(*objectname) [6ms]
[2022-09-06T20:18:41.163Z] > git config --get commit.template [1ms]
[2022-09-06T20:18:41.171Z] > git status -z -uall [3ms]
[2022-09-06T20:18:41.176Z] > git symbolic-ref --short HEAD [1ms]
[2022-09-06T20:18:41.181Z] > git for-each-ref --format=%(refname)%00%(upstream:short)%00%(objectname)%00%(upstream:track)%00%(upstream:remotename)%00%(upstream:remoteref) refs/heads/master refs/remotes/master [1ms]
[2022-09-06T20:18:41.191Z] > git remote --verbose [2ms]
[2022-09-06T20:18:41.191Z] > git for-each-ref --sort -committerdate --format %(refname) %(objectname) %(*objectname) [6ms]
[2022-09-06T20:18:41.198Z] > git config --get commit.template [2ms]
[2022-09-06T20:18:41.657Z] > git check-ignore -v -z --stdin [1ms]
[2022-09-06T20:18:42.205Z] > git check-ignore -v -z --stdin [1ms]
[2022-09-06T20:20:22.621Z] > git show --textconv :src/App.tsx [10ms]
[2022-09-06T20:20:22.622Z] > git ls-files --stage -- /home/netoca/projects/interactive-card-form/src/App.tsx [2ms]
[2022-09-06T20:20:22.631Z] > git cat-file -s a53698aab3c66049c61980112dd0109dd2cd0845 [1ms]
[2022-09-06T20:20:58.995Z] > git status -z -uall [2ms]
[2022-09-06T20:20:59.001Z] > git symbolic-ref --short HEAD [0ms]
[2022-09-06T20:20:59.010Z] > git for-each-ref --format=%(refname)%00%(upstream:short)%00%(objectname)%00%(upstream:track)%00%(upstream:remotename)%00%(upstream:remoteref) refs/heads/master refs/remotes/master [1ms]
[2022-09-06T20:20:59.022Z] > git remote --verbose [2ms]
[2022-09-06T20:20:59.022Z] > git for-each-ref --sort -committerdate --format %(refname) %(objectname) %(*objectname) [7ms]
[2022-09-06T20:20:59.029Z] > git config --get commit.template [1ms]
[2022-09-06T20:21:04.036Z] > git status -z -uall [1ms]
[2022-09-06T20:21:04.041Z] > git symbolic-ref --short HEAD [1ms]
[2022-09-06T20:21:04.047Z] > git for-each-ref --format=%(refname)%00%(upstream:short)%00%(objectname)%00%(upstream:track)%00%(upstream:remotename)%00%(upstream:remoteref) refs/heads/master refs/remotes/master [1ms]
[2022-09-06T20:21:04.055Z] > git remote --verbose [1ms]
[2022-09-06T20:21:04.055Z] > git for-each-ref --sort -committerdate --format %(refname) %(objectname) %(*objectname) [4ms]
[2022-09-06T20:21:04.063Z] > git config --get commit.template [1ms]
[2022-09-06T20:21:09.071Z] > git status -z -uall [1ms]
[2022-09-06T20:21:09.076Z] > git symbolic-ref --short HEAD [1ms]
[2022-09-06T20:21:09.081Z] > git for-each-ref --format=%(refname)%00%(upstream:short)%00%(objectname)%00%(upstream:track)%00%(upstream:remotename)%00%(upstream:remoteref) refs/heads/master refs/remotes/master [1ms]
[2022-09-06T20:21:09.089Z] > git for-each-ref --sort -committerdate --format %(refname) %(objectname) %(*objectname) [3ms]
[2022-09-06T20:21:09.090Z] > git remote --verbose [1ms]
[2022-09-06T20:21:09.097Z] > git config --get commit.template [1ms]
[2022-09-06T20:22:36.774Z] > git show --textconv :src/App.tsx [5ms]
[2022-09-06T20:22:36.774Z] > git ls-files --stage -- /home/netoca/projects/interactive-card-form/src/App.tsx [1ms]
[2022-09-06T20:22:36.780Z] > git cat-file -s a53698aab3c66049c61980112dd0109dd2cd0845 [1ms]
[2022-09-06T20:22:38.892Z] > git status -z -uall [1ms]
[2022-09-06T20:22:38.899Z] > git symbolic-ref --short HEAD [1ms]
[2022-09-06T20:22:38.905Z] > git for-each-ref --format=%(refname)%00%(upstream:short)%00%(objectname)%00%(upstream:track)%00%(upstream:remotename)%00%(upstream:remoteref) refs/heads/master refs/remotes/master [1ms]
[2022-09-06T20:22:38.916Z] > git for-each-ref --sort -committerdate --format %(refname) %(objectname) %(*objectname) [5ms]
[2022-09-06T20:22:38.916Z] > git remote --verbose [1ms]
[2022-09-06T20:22:38.924Z] > git config --get commit.template [2ms]
