[2022-09-06 17:18:29.844] [sharedprocess] [info] Starting worker process with pid 21217 (type: fileWatcher, window: 1).
[2022-09-06 17:18:54.638] [sharedprocess] [info] Getting Manifest... emmanuelbeziat.vscode-great-icons
[2022-09-06 17:18:54.644] [sharedprocess] [info] Installing extension: emmanuelbeziat.vscode-great-icons
[2022-09-06 17:18:56.103] [sharedprocess] [info] Downloaded extension: emmanuelbeziat.vscode-great-icons /home/netoca/.config/Code/CachedExtensionVSIXs/emmanuelbeziat.vscode-great-icons-2.1.86
[2022-09-06 17:18:56.501] [sharedprocess] [info] Extracted extension to /home/netoca/.vscode/extensions/.ac867ec9-b39c-46ce-abb5-e8f7a1b60255: emmanuelbeziat.vscode-great-icons
[2022-09-06 17:18:56.504] [sharedprocess] [info] Renamed to /home/netoca/.vscode/extensions/emmanuelbeziat.vscode-great-icons-2.1.86
[2022-09-06 17:18:56.506] [sharedprocess] [info] Extracting completed. emmanuelbeziat.vscode-great-icons
[2022-09-06 17:18:56.507] [sharedprocess] [info] Extension installed successfully: emmanuelbeziat.vscode-great-icons
[2022-09-06 17:19:05.796] [sharedprocess] [info] Getting Manifest... dbaeumer.vscode-eslint
[2022-09-06 17:19:05.800] [sharedprocess] [info] Installing extension: dbaeumer.vscode-eslint
[2022-09-06 17:19:07.131] [sharedprocess] [info] Downloaded extension: dbaeumer.vscode-eslint /home/netoca/.config/Code/CachedExtensionVSIXs/dbaeumer.vscode-eslint-2.2.6
[2022-09-06 17:19:07.162] [sharedprocess] [info] Extracted extension to /home/netoca/.vscode/extensions/.836240da-d499-4960-a873-907a06ca6359: dbaeumer.vscode-eslint
[2022-09-06 17:19:07.165] [sharedprocess] [info] Renamed to /home/netoca/.vscode/extensions/dbaeumer.vscode-eslint-2.2.6
[2022-09-06 17:19:07.166] [sharedprocess] [info] Extracting completed. dbaeumer.vscode-eslint
[2022-09-06 17:19:07.168] [sharedprocess] [info] Extension installed successfully: dbaeumer.vscode-eslint
[2022-09-06 17:19:11.144] [sharedprocess] [info] Getting Manifest... rvest.vs-code-prettier-eslint
[2022-09-06 17:19:11.149] [sharedprocess] [info] Installing extension: rvest.vs-code-prettier-eslint
[2022-09-06 17:19:12.472] [sharedprocess] [info] Downloaded extension: rvest.vs-code-prettier-eslint /home/netoca/.config/Code/CachedExtensionVSIXs/rvest.vs-code-prettier-eslint-5.0.4
[2022-09-06 17:19:12.505] [sharedprocess] [info] Extracted extension to /home/netoca/.vscode/extensions/.3c348850-8d17-4faa-b18e-6abe255a6669: rvest.vs-code-prettier-eslint
[2022-09-06 17:19:12.508] [sharedprocess] [info] Renamed to /home/netoca/.vscode/extensions/rvest.vs-code-prettier-eslint-5.0.4
[2022-09-06 17:19:12.509] [sharedprocess] [info] Extracting completed. rvest.vs-code-prettier-eslint
[2022-09-06 17:19:12.510] [sharedprocess] [info] Extension installed successfully: rvest.vs-code-prettier-eslint
[2022-09-06 17:19:22.069] [sharedprocess] [info] Getting Manifest... esbenp.prettier-vscode
[2022-09-06 17:19:22.073] [sharedprocess] [info] Installing extension: esbenp.prettier-vscode
[2022-09-06 17:19:23.562] [sharedprocess] [info] Downloaded extension: esbenp.prettier-vscode /home/netoca/.config/Code/CachedExtensionVSIXs/esbenp.prettier-vscode-9.8.0
[2022-09-06 17:19:24.102] [sharedprocess] [info] Extracted extension to /home/netoca/.vscode/extensions/.7a7efdc9-24e0-4ea2-b988-d31ac06e05ce: esbenp.prettier-vscode
[2022-09-06 17:19:24.106] [sharedprocess] [info] Renamed to /home/netoca/.vscode/extensions/esbenp.prettier-vscode-9.8.0
[2022-09-06 17:19:24.109] [sharedprocess] [info] Extracting completed. esbenp.prettier-vscode
[2022-09-06 17:19:24.110] [sharedprocess] [info] Extension installed successfully: esbenp.prettier-vscode
[2022-09-06 17:20:05.552] [sharedprocess] [info] Getting Manifest... dsznajder.es7-react-js-snippets
[2022-09-06 17:20:05.561] [sharedprocess] [info] Installing extension: dsznajder.es7-react-js-snippets
[2022-09-06 17:20:07.011] [sharedprocess] [info] Downloaded extension: dsznajder.es7-react-js-snippets /home/netoca/.config/Code/CachedExtensionVSIXs/dsznajder.es7-react-js-snippets-4.4.3
[2022-09-06 17:20:07.476] [sharedprocess] [info] Extracted extension to /home/netoca/.vscode/extensions/.120d75ba-d15c-4135-bdbe-f6fda018d744: dsznajder.es7-react-js-snippets
[2022-09-06 17:20:07.479] [sharedprocess] [info] Renamed to /home/netoca/.vscode/extensions/dsznajder.es7-react-js-snippets-4.4.3
[2022-09-06 17:20:07.481] [sharedprocess] [info] Extracting completed. dsznajder.es7-react-js-snippets
[2022-09-06 17:20:07.482] [sharedprocess] [info] Extension installed successfully: dsznajder.es7-react-js-snippets
[2022-09-06 17:20:16.073] [sharedprocess] [info] Getting Manifest... beardedbear.beardedtheme
[2022-09-06 17:20:16.077] [sharedprocess] [info] Installing extension: beardedbear.beardedtheme
[2022-09-06 17:20:17.486] [sharedprocess] [info] Downloaded extension: beardedbear.beardedtheme /home/netoca/.config/Code/CachedExtensionVSIXs/beardedbear.beardedtheme-7.3.0
[2022-09-06 17:20:17.613] [sharedprocess] [info] Extracted extension to /home/netoca/.vscode/extensions/.ff04fb79-72c2-4e77-b6d3-b54ceb9cd100: beardedbear.beardedtheme
[2022-09-06 17:20:17.617] [sharedprocess] [info] Renamed to /home/netoca/.vscode/extensions/beardedbear.beardedtheme-7.3.0
[2022-09-06 17:20:17.618] [sharedprocess] [info] Extracting completed. beardedbear.beardedtheme
[2022-09-06 17:20:17.619] [sharedprocess] [info] Extension installed successfully: beardedbear.beardedtheme
