[2022-09-13 13:53:40.914] [renderer1] [error] Unable to read file '/home/netoca/coding-challenges/fullstack-labs/toy-blocks-client-react/src/types/Blocks.ts' (Error: File not modified since): Error: Unable to read file '/home/netoca/coding-challenges/fullstack-labs/toy-blocks-client-react/src/types/Blocks.ts' (Error: File not modified since)
    at h.doReadFileStream (vscode-file://vscode-app/opt/visual-studio-code/resources/app/out/vs/workbench/workbench.desktop.main.js:603:20036)
    at async p.doRead (vscode-file://vscode-app/opt/visual-studio-code/resources/app/out/vs/workbench/workbench.desktop.main.js:2763:42714)
    at async p.readStream (vscode-file://vscode-app/opt/visual-studio-code/resources/app/out/vs/workbench/workbench.desktop.main.js:2763:42389)
    at async kr.resolveFromFile (vscode-file://vscode-app/opt/visual-studio-code/resources/app/out/vs/workbench/workbench.desktop.main.js:2752:68593)
    at async vscode-file://vscode-app/opt/visual-studio-code/resources/app/out/vs/workbench/workbench.desktop.main.js:2763:36858
[2022-09-13 13:55:13.144] [renderer1] [error] Error: File not found
    at g.handleSetInputError (vscode-file://vscode-app/opt/visual-studio-code/resources/app/out/vs/workbench/workbench.desktop.main.js:2727:95841)
    at async g.setInput (vscode-file://vscode-app/opt/visual-studio-code/resources/app/out/vs/workbench/workbench.desktop.main.js:2727:95081)
    at async r.doSetInput (vscode-file://vscode-app/opt/visual-studio-code/resources/app/out/vs/workbench/workbench.desktop.main.js:2725:6429)
    at async r.doOpenEditor (vscode-file://vscode-app/opt/visual-studio-code/resources/app/out/vs/workbench/workbench.desktop.main.js:2725:4791)
    at async r.openEditor (vscode-file://vscode-app/opt/visual-studio-code/resources/app/out/vs/workbench/workbench.desktop.main.js:2725:3783)
    at async vscode-file://vscode-app/opt/visual-studio-code/resources/app/out/vs/workbench/workbench.desktop.main.js:2932:16794
    at async Fi.openAnything (vscode-file://vscode-app/opt/visual-studio-code/resources/app/out/vs/workbench/workbench.desktop.main.js:2738:18537)
[2022-09-13 14:12:13.060] [renderer1] [error] Error: file:///home/netoca/coding-challenges/fullstack-labs/toy-blocks-client-react/src/containers/Blocks.tsx has changed in the meantime
    at a.apply (vscode-file://vscode-app/opt/visual-studio-code/resources/app/out/vs/workbench/workbench.desktop.main.js:905:15091)
    at async m._performTextEdits (vscode-file://vscode-app/opt/visual-studio-code/resources/app/out/vs/workbench/workbench.desktop.main.js:2763:28367)
    at async m.perform (vscode-file://vscode-app/opt/visual-studio-code/resources/app/out/vs/workbench/workbench.desktop.main.js:2763:27750)
    at async p.apply (vscode-file://vscode-app/opt/visual-studio-code/resources/app/out/vs/workbench/workbench.desktop.main.js:2763:30102)
[2022-09-13 14:12:13.060] [renderer1] [warning] IGNORING workspace edit {}
