[2022-09-16 17:30:57.307] [exthost] [info] Extension host with pid 63660 started
[2022-09-16 17:30:57.307] [exthost] [info] Skipping acquiring lock for /home/netoca/.config/Code/User/workspaceStorage/9073b88adb03ae4a7ed8bc85edb88dab.
[2022-09-16 17:30:57.353] [exthost] [info] ExtensionService#_doActivateExtension vscode.microsoft-authentication, startup: false, activationEvent: 'onAuthenticationRequest:microsoft'
[2022-09-16 17:30:57.363] [exthost] [info] ExtensionService#_doActivateExtension vscode.debug-auto-launch, startup: true, activationEvent: '*'
[2022-09-16 17:30:57.364] [exthost] [info] ExtensionService#_doActivateExtension vscode.git-base, startup: true, activationEvent: '*'
[2022-09-16 17:30:57.365] [exthost] [info] ExtensionService#_doActivateExtension vscode.ipynb, startup: true, activationEvent: '*'
[2022-09-16 17:30:57.378] [exthost] [info] ExtensionService#_doActivateExtension vscode.github, startup: true, activationEvent: '*'
[2022-09-16 17:30:57.382] [exthost] [info] Eager extensions activated
[2022-09-16 17:30:57.385] [exthost] [info] ExtensionService#_doActivateExtension vscode.emmet, startup: false, activationEvent: 'onStartupFinished'
[2022-09-16 17:30:57.388] [exthost] [info] ExtensionService#_doActivateExtension vscode.merge-conflict, startup: false, activationEvent: 'onStartupFinished'
[2022-09-16 17:30:57.389] [exthost] [info] ExtensionService#_doActivateExtension dsznajder.es7-react-js-snippets, startup: false, activationEvent: 'onStartupFinished'
[2022-09-16 17:30:57.595] [exthost] [info] ExtensionService#_doActivateExtension vscode.npm, startup: false, activationEvent: 'onStartupFinished', root cause: esbenp.prettier-vscode
[2022-09-16 17:30:57.621] [exthost] [info] ExtensionService#_doActivateExtension vscode.github-authentication, startup: false, activationEvent: 'onAuthenticationRequest:github'
[2022-09-16 17:30:57.674] [exthost] [info] ExtensionService#_doActivateExtension esbenp.prettier-vscode, startup: false, activationEvent: 'onStartupFinished'
[2022-09-16 17:30:58.314] [exthost] [info] ExtensionService#_doActivateExtension vscode.git, startup: false, activationEvent: 'api', root cause: vscode.github
[2022-09-16 17:30:58.329] [exthost] [info] ExtensionService#_doActivateExtension dbaeumer.vscode-eslint, startup: false, activationEvent: 'onStartupFinished'
[2022-09-16 17:31:29.590] [exthost] [info] ExtensionService#_doActivateExtension vscodevim.vim, startup: false, activationEvent: '*'
[2022-09-16 17:32:10.572] [exthost] [info] Extension host terminating: received terminate message from renderer
[2022-09-16 17:32:10.890] [exthost] [error] TypeError: Converting circular structure to JSON
    --> starting at object with constructor 't'
    |     property '_readableState' -> object with constructor 'M'
    |     property 'pipes' -> object with constructor 'Array'
    |     index 0 -> object with constructor 't.ConsoleForElectron'
    --- property 'parent' closes the circle
    at JSON.stringify (<anonymous>)
    at /home/netoca/.vscode/extensions/vscodevim.vim-1.23.2/src/register/register.ts:333:16
    at process.async (node:internal/process/task_queues:96:5)
    at Object.e.deactivate (/home/netoca/.vscode/extensions/vscodevim.vim-1.23.2/extension.ts:64:8)
    at async Promise.all (index 13)
    at b._deactivateAll (/opt/visual-studio-code/resources/app/out/vs/workbench/api/node/extensionHostProcess.js:97:10665)
[2022-09-16 17:32:10.890] [exthost] [info] Extension host with pid 63660 exiting with code 0
