[2022-09-06T20:30:15.293Z] Log level: Info
[2022-09-06T20:30:15.296Z] [info] Validating found git in: git
[2022-09-06T20:30:15.313Z] [info] Using git 2.37.2 from git
[2022-09-06T20:30:15.328Z] > git rev-parse --show-toplevel [4ms]
[2022-09-06T20:30:15.328Z] fatal: not a git repository (or any of the parent directories): .git
[2022-09-06T20:30:15.338Z] > git rev-parse --show-toplevel [1ms]
[2022-09-06T20:30:15.346Z] > git rev-parse --git-dir --git-common-dir [1ms]
[2022-09-06T20:30:15.350Z] [info] Open repository: /home/netoca/projects/interactive-card-form
[2022-09-06T20:30:15.732Z] > git status -z -uall [376ms]
[2022-09-06T20:30:15.744Z] > git rev-parse --show-toplevel [382ms]
[2022-09-06T20:30:15.744Z] fatal: not a git repository (or any of the parent directories): .git
[2022-09-06T20:30:15.763Z] > git rev-parse --show-toplevel [8ms]
[2022-09-06T20:30:15.763Z] fatal: not a git repository (or any of the parent directories): .git
[2022-09-06T20:30:15.775Z] > git symbolic-ref --short HEAD [31ms]
[2022-09-06T20:30:15.822Z] > git rev-parse --show-toplevel [47ms]
[2022-09-06T20:30:15.834Z] > git rev-parse --git-dir --git-common-dir [3ms]
[2022-09-06T20:30:15.837Z] [info] Open repository: /home/netoca/projects/test
[2022-09-06T20:30:15.857Z] > git for-each-ref --format=%(refname)%00%(upstream:short)%00%(objectname)%00%(upstream:track)%00%(upstream:remotename)%00%(upstream:remoteref) refs/heads/master refs/remotes/master [70ms]
[2022-09-06T20:30:15.893Z] > git status -z -uall [47ms]
[2022-09-06T20:30:15.904Z] > git remote --verbose [29ms]
[2022-09-06T20:30:15.905Z] > git for-each-ref --sort -committerdate --format %(refname) %(objectname) %(*objectname) [39ms]
[2022-09-06T20:30:15.913Z] > git rev-parse --show-toplevel [56ms]
[2022-09-06T20:30:15.913Z] fatal: not a git repository (or any of the parent directories): .git
[2022-09-06T20:30:15.963Z] > git show --textconv :src/components/CreditCardForm.tsx [24ms]
[2022-09-06T20:30:15.964Z] > git rev-parse --show-toplevel [39ms]
[2022-09-06T20:30:15.964Z] fatal: not a git repository (or any of the parent directories): .git
[2022-09-06T20:30:15.964Z] > git symbolic-ref --short HEAD [60ms]
[2022-09-06T20:30:15.990Z] > git config --get commit.template [28ms]
[2022-09-06T20:30:15.999Z] > git ls-files --stage -- /home/netoca/projects/interactive-card-form/src/components/CreditCardForm.tsx [49ms]
[2022-09-06T20:30:16.001Z] > git status -z -uall [2ms]
[2022-09-06T20:30:16.011Z] > git for-each-ref --format=%(refname)%00%(upstream:short)%00%(objectname)%00%(upstream:track)%00%(upstream:remotename)%00%(upstream:remoteref) refs/heads/master refs/remotes/master [37ms]
[2022-09-06T20:30:16.044Z] > git remote --verbose [15ms]
[2022-09-06T20:30:16.044Z] > git for-each-ref --sort -committerdate --format %(refname) %(objectname) %(*objectname) [24ms]
[2022-09-06T20:30:16.047Z] > git symbolic-ref --short HEAD [36ms]
[2022-09-06T20:30:16.102Z] > git config --get commit.template [7ms]
[2022-09-06T20:30:16.115Z] > git for-each-ref --format=%(refname)%00%(upstream:short)%00%(objectname)%00%(upstream:track)%00%(upstream:remotename)%00%(upstream:remoteref) refs/heads/master refs/remotes/master [47ms]
[2022-09-06T20:30:16.144Z] > git status -z -uall [29ms]
[2022-09-06T20:30:16.154Z] > git for-each-ref --sort -committerdate --format %(refname) %(objectname) %(*objectname) [26ms]
[2022-09-06T20:30:16.163Z] > git symbolic-ref --short HEAD [9ms]
[2022-09-06T20:30:16.174Z] > git remote --verbose [35ms]
[2022-09-06T20:30:16.206Z] > git for-each-ref --format=%(refname)%00%(upstream:short)%00%(objectname)%00%(upstream:track)%00%(upstream:remotename)%00%(upstream:remoteref) refs/heads/master refs/remotes/master [33ms]
[2022-09-06T20:30:16.224Z] > git remote --verbose [2ms]
[2022-09-06T20:30:16.224Z] > git for-each-ref --sort -committerdate --format %(refname) %(objectname) %(*objectname) [11ms]
[2022-09-06T20:30:16.226Z] > git config --get commit.template [22ms]
[2022-09-06T20:30:16.247Z] > git config --get commit.template [2ms]
[2022-09-06T20:30:16.470Z] > git check-ignore -v -z --stdin [9ms]
[2022-09-06T20:30:16.471Z] > git check-ignore -v -z --stdin [2ms]
[2022-09-06T20:30:19.761Z] > git status -z -uall [1ms]
[2022-09-06T20:30:19.769Z] > git symbolic-ref --short HEAD [1ms]
[2022-09-06T20:30:19.776Z] > git for-each-ref --format=%(refname)%00%(upstream:short)%00%(objectname)%00%(upstream:track)%00%(upstream:remotename)%00%(upstream:remoteref) refs/heads/master refs/remotes/master [1ms]
[2022-09-06T20:30:19.790Z] > git for-each-ref --sort -committerdate --format %(refname) %(objectname) %(*objectname) [8ms]
[2022-09-06T20:30:19.790Z] > git remote --verbose [1ms]
[2022-09-06T20:30:19.801Z] > git config --get commit.template [1ms]
[2022-09-06T20:30:59.647Z] > git show --textconv :src/components/CreditCardForm.tsx [7ms]
[2022-09-06T20:30:59.648Z] > git ls-files --stage -- /home/netoca/projects/interactive-card-form/src/components/CreditCardForm.tsx [2ms]
[2022-09-08T21:16:48.945Z] > git status -z -uall [3ms]
[2022-09-08T21:16:48.951Z] > git symbolic-ref --short HEAD [1ms]
[2022-09-08T21:16:48.957Z] > git for-each-ref --format=%(refname)%00%(upstream:short)%00%(objectname)%00%(upstream:track)%00%(upstream:remotename)%00%(upstream:remoteref) refs/heads/master refs/remotes/master [1ms]
[2022-09-08T21:16:48.967Z] > git remote --verbose [1ms]
[2022-09-08T21:16:48.968Z] > git for-each-ref --sort -committerdate --format %(refname) %(objectname) %(*objectname) [5ms]
[2022-09-08T21:16:48.976Z] > git config --get commit.template [2ms]
