[Info  - 10:42:56 AM] ESLint server is starting
[Info  - 10:42:56 AM] ESLint server running in node v16.14.2
[Info  - 10:42:56 AM] ESLint server is running.
[Info  - 10:46:34 AM] ESLint library loaded from: /home/netoca/coding-challenges/fullstack-labs/toy-blocks-client-react/node_modules/eslint/lib/api.js
Uncaught exception received.
Error: spawn /opt/visual-studio-code/code ENOENT
    at ChildProcess._handle.onexit (node:internal/child_process:283:19)
    at onErrorNT (node:internal/child_process:478:16)
    at process.processTicksAndRejections (node:internal/process/task_queues:83:21)
Uncaught exception received.
Error: spawn /opt/visual-studio-code/code ENOENT
    at ChildProcess._handle.onexit (node:internal/child_process:283:19)
    at onErrorNT (node:internal/child_process:478:16)
    at processTicksAndRejections (node:internal/process/task_queues:83:21)
    at runNextTicks (node:internal/process/task_queues:65:3)
    at process.processImmediate (node:internal/timers:437:9)
Uncaught exception received.
Error: spawn /opt/visual-studio-code/code ENOENT
    at ChildProcess._handle.onexit (node:internal/child_process:283:19)
    at onErrorNT (node:internal/child_process:478:16)
    at processTicksAndRejections (node:internal/process/task_queues:83:21)
    at runNextTicks (node:internal/process/task_queues:65:3)
    at process.processImmediate (node:internal/timers:437:9)
Uncaught exception received.
Error: spawn /opt/visual-studio-code/code ENOENT
    at ChildProcess._handle.onexit (node:internal/child_process:283:19)
    at onErrorNT (node:internal/child_process:478:16)
    at process.processTicksAndRejections (node:internal/process/task_queues:83:21)
Uncaught exception received.
Error: spawn /opt/visual-studio-code/code ENOENT
    at ChildProcess._handle.onexit (node:internal/child_process:283:19)
    at onErrorNT (node:internal/child_process:478:16)
    at processTicksAndRejections (node:internal/process/task_queues:83:21)
    at runNextTicks (node:internal/process/task_queues:65:3)
    at process.processImmediate (node:internal/timers:437:9)
Uncaught exception received.
Error: spawn /opt/visual-studio-code/code ENOENT
    at ChildProcess._handle.onexit (node:internal/child_process:283:19)
    at onErrorNT (node:internal/child_process:478:16)
    at processTicksAndRejections (node:internal/process/task_queues:83:21)
    at runNextTicks (node:internal/process/task_queues:65:3)
    at process.processImmediate (node:internal/timers:437:9)
Uncaught exception received.
Error: spawn /opt/visual-studio-code/code ENOENT
    at ChildProcess._handle.onexit (node:internal/child_process:283:19)
    at onErrorNT (node:internal/child_process:478:16)
    at process.processTicksAndRejections (node:internal/process/task_queues:83:21)
Uncaught exception received.
Error: spawn /opt/visual-studio-code/code ENOENT
    at ChildProcess._handle.onexit (node:internal/child_process:283:19)
    at onErrorNT (node:internal/child_process:478:16)
    at processTicksAndRejections (node:internal/process/task_queues:83:21)
    at runNextTicks (node:internal/process/task_queues:65:3)
    at process.processImmediate (node:internal/timers:437:9)
Uncaught exception received.
Error: spawn /opt/visual-studio-code/code ENOENT
    at ChildProcess._handle.onexit (node:internal/child_process:283:19)
    at onErrorNT (node:internal/child_process:478:16)
    at processTicksAndRejections (node:internal/process/task_queues:83:21)
    at runNextTicks (node:internal/process/task_queues:65:3)
    at process.processImmediate (node:internal/timers:437:9)
[Info  - 11:31:38 AM] ESLint server stopped.
