[2022-09-16T20:30:58.357Z] Log level: Info
[2022-09-16T20:30:58.358Z] [info] Validating found git in: git
[2022-09-16T20:30:58.368Z] [info] Using git 2.37.2 from git
[2022-09-16T20:30:58.380Z] > git rev-parse --show-toplevel [6ms]
[2022-09-16T20:30:58.387Z] > git rev-parse --git-dir --git-common-dir [3ms]
[2022-09-16T20:30:58.390Z] [info] Open repository: /home/netoca/work/helix/services
[2022-09-16T20:30:58.396Z] > git status -z -uall [2ms]
[2022-09-16T20:30:58.400Z] > git symbolic-ref --short HEAD [1ms]
[2022-09-16T20:30:58.405Z] > git for-each-ref --format=%(refname)%00%(upstream:short)%00%(objectname)%00%(upstream:track)%00%(upstream:remotename)%00%(upstream:remoteref) refs/heads/main refs/remotes/main [1ms]
[2022-09-16T20:30:58.415Z] > git remote --verbose [1ms]
[2022-09-16T20:30:58.415Z] > git for-each-ref --sort -committerdate --format %(refname) %(objectname) %(*objectname) [6ms]
[2022-09-16T20:30:58.423Z] > git config --get commit.template [1ms]
[2022-09-16T20:30:58.430Z] > git status -z -uall [2ms]
[2022-09-16T20:30:58.435Z] > git symbolic-ref --short HEAD [1ms]
[2022-09-16T20:30:58.439Z] > git for-each-ref --format=%(refname)%00%(upstream:short)%00%(objectname)%00%(upstream:track)%00%(upstream:remotename)%00%(upstream:remoteref) refs/heads/main refs/remotes/main [1ms]
[2022-09-16T20:30:58.447Z] > git for-each-ref --sort -committerdate --format %(refname) %(objectname) %(*objectname) [4ms]
[2022-09-16T20:30:58.448Z] > git remote --verbose [1ms]
[2022-09-16T20:30:58.453Z] > git config --get commit.template [1ms]
[2022-09-16T20:30:58.910Z] > git check-ignore -v -z --stdin [1ms]
[2022-09-16T20:30:59.997Z] > git check-ignore -v -z --stdin [1ms]
[2022-09-16T20:31:03.725Z] > git check-ignore -v -z --stdin [1ms]
[2022-09-16T20:31:07.943Z] > git show --textconv :account_server/main.go [4ms]
[2022-09-16T20:31:07.944Z] > git ls-files --stage -- /home/netoca/work/helix/services/account_server/main.go [1ms]
[2022-09-16T20:31:08.257Z] > git check-ignore -v -z --stdin [1ms]
[2022-09-16T20:31:08.760Z] > git status -z -uall [1ms]
[2022-09-16T20:31:08.765Z] > git symbolic-ref --short HEAD [1ms]
[2022-09-16T20:31:08.769Z] > git for-each-ref --format=%(refname)%00%(upstream:short)%00%(objectname)%00%(upstream:track)%00%(upstream:remotename)%00%(upstream:remoteref) refs/heads/main refs/remotes/main [1ms]
[2022-09-16T20:31:08.776Z] > git for-each-ref --sort -committerdate --format %(refname) %(objectname) %(*objectname) [4ms]
[2022-09-16T20:31:08.776Z] > git remote --verbose [1ms]
[2022-09-16T20:31:08.781Z] > git config --get commit.template [1ms]
[2022-09-16T20:31:13.788Z] > git status -z -uall [1ms]
[2022-09-16T20:31:13.791Z] > git symbolic-ref --short HEAD [0ms]
[2022-09-16T20:31:13.795Z] > git for-each-ref --format=%(refname)%00%(upstream:short)%00%(objectname)%00%(upstream:track)%00%(upstream:remotename)%00%(upstream:remoteref) refs/heads/main refs/remotes/main [1ms]
[2022-09-16T20:31:13.800Z] > git for-each-ref --sort -committerdate --format %(refname) %(objectname) %(*objectname) [3ms]
[2022-09-16T20:31:13.800Z] > git remote --verbose [1ms]
[2022-09-16T20:31:13.804Z] > git config --get commit.template [0ms]
[2022-09-16T20:31:32.188Z] > git show --textconv :account_server/main.go [4ms]
[2022-09-16T20:31:32.189Z] > git ls-files --stage -- /home/netoca/work/helix/services/account_server/main.go [2ms]
[2022-09-16T20:31:35.618Z] > git show --textconv :account_server/main.go [4ms]
[2022-09-16T20:31:35.618Z] > git ls-files --stage -- /home/netoca/work/helix/services/account_server/main.go [1ms]
[2022-09-16T20:32:04.241Z] > git status -z -uall [1ms]
[2022-09-16T20:32:04.245Z] > git symbolic-ref --short HEAD [0ms]
[2022-09-16T20:32:04.249Z] > git for-each-ref --format=%(refname)%00%(upstream:short)%00%(objectname)%00%(upstream:track)%00%(upstream:remotename)%00%(upstream:remoteref) refs/heads/main refs/remotes/main [1ms]
[2022-09-16T20:32:04.254Z] > git for-each-ref --sort -committerdate --format %(refname) %(objectname) %(*objectname) [3ms]
[2022-09-16T20:32:04.255Z] > git remote --verbose [1ms]
[2022-09-16T20:32:04.259Z] > git config --get commit.template [1ms]
