[2022-09-10 10:49:27.692] [renderer1] [error] Unable to read file '/home/netoca/coding-challenges/fullstack-labs/toy-blocks-client-react/src/components/Blocks.tsx' (Error: File not modified since): Error: Unable to read file '/home/netoca/coding-challenges/fullstack-labs/toy-blocks-client-react/src/components/Blocks.tsx' (Error: File not modified since)
    at h.doReadFileStream (vscode-file://vscode-app/opt/visual-studio-code/resources/app/out/vs/workbench/workbench.desktop.main.js:603:20036)
    at async p.doRead (vscode-file://vscode-app/opt/visual-studio-code/resources/app/out/vs/workbench/workbench.desktop.main.js:2763:42714)
    at async p.readStream (vscode-file://vscode-app/opt/visual-studio-code/resources/app/out/vs/workbench/workbench.desktop.main.js:2763:42389)
    at async kr.resolveFromFile (vscode-file://vscode-app/opt/visual-studio-code/resources/app/out/vs/workbench/workbench.desktop.main.js:2752:68593)
    at async vscode-file://vscode-app/opt/visual-studio-code/resources/app/out/vs/workbench/workbench.desktop.main.js:2763:36858
[2022-09-10 11:21:58.847] [renderer1] [error] Error: Unable to read file '/home/netoca/coding-challenges/fullstack-labs/toy-blocks-client-react/src/reducers/nodes.spec.ts' (Error: Unable to resolve nonexistent file '/home/netoca/coding-challenges/fullstack-labs/toy-blocks-client-react/src/reducers/nodes.spec.ts')
    at h.doReadFileStream (vscode-file://vscode-app/opt/visual-studio-code/resources/app/out/vs/workbench/workbench.desktop.main.js:603:20089)
    at async p.doRead (vscode-file://vscode-app/opt/visual-studio-code/resources/app/out/vs/workbench/workbench.desktop.main.js:2763:42714)
    at async p.readStream (vscode-file://vscode-app/opt/visual-studio-code/resources/app/out/vs/workbench/workbench.desktop.main.js:2763:42389)
    at async kr.resolveFromFile (vscode-file://vscode-app/opt/visual-studio-code/resources/app/out/vs/workbench/workbench.desktop.main.js:2752:68593)
    at async d.doResolve (vscode-file://vscode-app/opt/visual-studio-code/resources/app/out/vs/workbench/workbench.desktop.main.js:2763:37261)
    at async a.doCreateReferencedObject (vscode-file://vscode-app/opt/visual-studio-code/resources/app/out/vs/workbench/workbench.desktop.main.js:2752:79578)
    at async g.acquire (vscode-file://vscode-app/opt/visual-studio-code/resources/app/out/vs/workbench/workbench.desktop.main.js:19:32728)
    at async o.createModelReference (vscode-file://vscode-app/opt/visual-studio-code/resources/app/out/vs/workbench/workbench.desktop.main.js:2752:81727)
    at async Promise.all (index 0)
    at async a._createEditsTasks (vscode-file://vscode-app/opt/visual-studio-code/resources/app/out/vs/workbench/workbench.desktop.main.js:905:14775)
    at async a.apply (vscode-file://vscode-app/opt/visual-studio-code/resources/app/out/vs/workbench/workbench.desktop.main.js:905:14951)
    at async m._performTextEdits (vscode-file://vscode-app/opt/visual-studio-code/resources/app/out/vs/workbench/workbench.desktop.main.js:2763:28367)
    at async m.perform (vscode-file://vscode-app/opt/visual-studio-code/resources/app/out/vs/workbench/workbench.desktop.main.js:2763:27750)
    at async p.apply (vscode-file://vscode-app/opt/visual-studio-code/resources/app/out/vs/workbench/workbench.desktop.main.js:2763:30102)
[2022-09-10 11:21:58.848] [renderer1] [warning] IGNORING workspace edit {"fileOperationResult":1,"options":{"acceptTextOnly":true,"limits":{"size":17179869184,"memory":1468006400}}}
[2022-09-10 11:22:30.258] [renderer1] [error] Unable to read file '/home/netoca/coding-challenges/fullstack-labs/toy-blocks-client-react/src/reducers/blocks/initialState' (Error: Unable to resolve nonexistent file '/home/netoca/coding-challenges/fullstack-labs/toy-blocks-client-react/src/reducers/blocks/initialState'): Error: Unable to read file '/home/netoca/coding-challenges/fullstack-labs/toy-blocks-client-react/src/reducers/blocks/initialState' (Error: Unable to resolve nonexistent file '/home/netoca/coding-challenges/fullstack-labs/toy-blocks-client-react/src/reducers/blocks/initialState')
    at h.doReadFileStream (vscode-file://vscode-app/opt/visual-studio-code/resources/app/out/vs/workbench/workbench.desktop.main.js:603:20089)
    at async p.doRead (vscode-file://vscode-app/opt/visual-studio-code/resources/app/out/vs/workbench/workbench.desktop.main.js:2763:42714)
    at async p.readStream (vscode-file://vscode-app/opt/visual-studio-code/resources/app/out/vs/workbench/workbench.desktop.main.js:2763:42389)
    at async kr.resolveFromFile (vscode-file://vscode-app/opt/visual-studio-code/resources/app/out/vs/workbench/workbench.desktop.main.js:2752:68593)
    at async d.doResolve (vscode-file://vscode-app/opt/visual-studio-code/resources/app/out/vs/workbench/workbench.desktop.main.js:2763:37261)
    at async a.doCreateReferencedObject (vscode-file://vscode-app/opt/visual-studio-code/resources/app/out/vs/workbench/workbench.desktop.main.js:2752:79578)
    at async g.acquire (vscode-file://vscode-app/opt/visual-studio-code/resources/app/out/vs/workbench/workbench.desktop.main.js:19:32728)
    at async o.createModelReference (vscode-file://vscode-app/opt/visual-studio-code/resources/app/out/vs/workbench/workbench.desktop.main.js:2752:81727)
[2022-09-10 11:23:21.857] [renderer1] [error] Error: File not found
    at g.handleSetInputError (vscode-file://vscode-app/opt/visual-studio-code/resources/app/out/vs/workbench/workbench.desktop.main.js:2727:95841)
    at async g.setInput (vscode-file://vscode-app/opt/visual-studio-code/resources/app/out/vs/workbench/workbench.desktop.main.js:2727:95081)
    at async r.doSetInput (vscode-file://vscode-app/opt/visual-studio-code/resources/app/out/vs/workbench/workbench.desktop.main.js:2725:6429)
    at async r.doOpenEditor (vscode-file://vscode-app/opt/visual-studio-code/resources/app/out/vs/workbench/workbench.desktop.main.js:2725:4791)
    at async r.openEditor (vscode-file://vscode-app/opt/visual-studio-code/resources/app/out/vs/workbench/workbench.desktop.main.js:2725:3783)
    at async vscode-file://vscode-app/opt/visual-studio-code/resources/app/out/vs/workbench/workbench.desktop.main.js:2932:16794
    at async C.doOpenCodeEditor (vscode-file://vscode-app/opt/visual-studio-code/resources/app/out/vs/workbench/workbench.desktop.main.js:1360:58414)
    at async C.openCodeEditor (vscode-file://vscode-app/opt/visual-studio-code/resources/app/out/vs/workbench/workbench.desktop.main.js:661:60416)
    at async us._openReference (vscode-file://vscode-app/opt/visual-studio-code/resources/app/out/vs/workbench/workbench.desktop.main.js:806:74127)
    at async us._onResult (vscode-file://vscode-app/opt/visual-studio-code/resources/app/out/vs/workbench/workbench.desktop.main.js:806:73851)
[2022-09-10 11:23:58.680] [renderer1] [error] Error: File not found
    at g.handleSetInputError (vscode-file://vscode-app/opt/visual-studio-code/resources/app/out/vs/workbench/workbench.desktop.main.js:2727:95841)
    at async g.setInput (vscode-file://vscode-app/opt/visual-studio-code/resources/app/out/vs/workbench/workbench.desktop.main.js:2727:95081)
    at async r.doSetInput (vscode-file://vscode-app/opt/visual-studio-code/resources/app/out/vs/workbench/workbench.desktop.main.js:2725:6429)
    at async r.doOpenEditor (vscode-file://vscode-app/opt/visual-studio-code/resources/app/out/vs/workbench/workbench.desktop.main.js:2725:4791)
    at async r.openEditor (vscode-file://vscode-app/opt/visual-studio-code/resources/app/out/vs/workbench/workbench.desktop.main.js:2725:3783)
    at async vscode-file://vscode-app/opt/visual-studio-code/resources/app/out/vs/workbench/workbench.desktop.main.js:2932:16794
    at async C.doOpenCodeEditor (vscode-file://vscode-app/opt/visual-studio-code/resources/app/out/vs/workbench/workbench.desktop.main.js:1360:58414)
    at async C.openCodeEditor (vscode-file://vscode-app/opt/visual-studio-code/resources/app/out/vs/workbench/workbench.desktop.main.js:661:60416)
    at async us._openReference (vscode-file://vscode-app/opt/visual-studio-code/resources/app/out/vs/workbench/workbench.desktop.main.js:806:74127)
    at async us._onResult (vscode-file://vscode-app/opt/visual-studio-code/resources/app/out/vs/workbench/workbench.desktop.main.js:806:73851)
[2022-09-10 11:32:46.672] [renderer1] [error] Unable to read file '/home/netoca/coding-challenges/fullstack-labs/toy-blocks-client-react/src/reducers/store/configureStore' (Error: Unable to resolve nonexistent file '/home/netoca/coding-challenges/fullstack-labs/toy-blocks-client-react/src/reducers/store/configureStore'): Error: Unable to read file '/home/netoca/coding-challenges/fullstack-labs/toy-blocks-client-react/src/reducers/store/configureStore' (Error: Unable to resolve nonexistent file '/home/netoca/coding-challenges/fullstack-labs/toy-blocks-client-react/src/reducers/store/configureStore')
    at h.doReadFileStream (vscode-file://vscode-app/opt/visual-studio-code/resources/app/out/vs/workbench/workbench.desktop.main.js:603:20089)
    at async p.doRead (vscode-file://vscode-app/opt/visual-studio-code/resources/app/out/vs/workbench/workbench.desktop.main.js:2763:42714)
    at async p.readStream (vscode-file://vscode-app/opt/visual-studio-code/resources/app/out/vs/workbench/workbench.desktop.main.js:2763:42389)
    at async kr.resolveFromFile (vscode-file://vscode-app/opt/visual-studio-code/resources/app/out/vs/workbench/workbench.desktop.main.js:2752:68593)
    at async d.doResolve (vscode-file://vscode-app/opt/visual-studio-code/resources/app/out/vs/workbench/workbench.desktop.main.js:2763:37261)
    at async a.doCreateReferencedObject (vscode-file://vscode-app/opt/visual-studio-code/resources/app/out/vs/workbench/workbench.desktop.main.js:2752:79578)
    at async g.acquire (vscode-file://vscode-app/opt/visual-studio-code/resources/app/out/vs/workbench/workbench.desktop.main.js:19:32728)
    at async o.createModelReference (vscode-file://vscode-app/opt/visual-studio-code/resources/app/out/vs/workbench/workbench.desktop.main.js:2752:81727)
[2022-09-10 12:06:53.194] [renderer1] [error] Unable to read file '/home/netoca/coding-challenges/fullstack-labs/toy-blocks-client-react/src/reducers/blocks/index.ts' (Error: Unable to resolve nonexistent file '/home/netoca/coding-challenges/fullstack-labs/toy-blocks-client-react/src/reducers/blocks/index.ts'): Error: Unable to read file '/home/netoca/coding-challenges/fullstack-labs/toy-blocks-client-react/src/reducers/blocks/index.ts' (Error: Unable to resolve nonexistent file '/home/netoca/coding-challenges/fullstack-labs/toy-blocks-client-react/src/reducers/blocks/index.ts')
    at h.doReadFileStream (vscode-file://vscode-app/opt/visual-studio-code/resources/app/out/vs/workbench/workbench.desktop.main.js:603:20089)
    at async p.doRead (vscode-file://vscode-app/opt/visual-studio-code/resources/app/out/vs/workbench/workbench.desktop.main.js:2763:42714)
    at async p.readStream (vscode-file://vscode-app/opt/visual-studio-code/resources/app/out/vs/workbench/workbench.desktop.main.js:2763:42389)
    at async kr.resolveFromFile (vscode-file://vscode-app/opt/visual-studio-code/resources/app/out/vs/workbench/workbench.desktop.main.js:2752:68593)
    at async vscode-file://vscode-app/opt/visual-studio-code/resources/app/out/vs/workbench/workbench.desktop.main.js:2763:36858
[2022-09-10 12:22:40.302] [renderer1] [error] Unable to read file '/home/netoca/coding-challenges/fullstack-labs/toy-blocks-client-react/src/containers/reducers/nodes' (Error: Unable to resolve nonexistent file '/home/netoca/coding-challenges/fullstack-labs/toy-blocks-client-react/src/containers/reducers/nodes'): Error: Unable to read file '/home/netoca/coding-challenges/fullstack-labs/toy-blocks-client-react/src/containers/reducers/nodes' (Error: Unable to resolve nonexistent file '/home/netoca/coding-challenges/fullstack-labs/toy-blocks-client-react/src/containers/reducers/nodes')
    at h.doReadFileStream (vscode-file://vscode-app/opt/visual-studio-code/resources/app/out/vs/workbench/workbench.desktop.main.js:603:20089)
    at async p.doRead (vscode-file://vscode-app/opt/visual-studio-code/resources/app/out/vs/workbench/workbench.desktop.main.js:2763:42714)
    at async p.readStream (vscode-file://vscode-app/opt/visual-studio-code/resources/app/out/vs/workbench/workbench.desktop.main.js:2763:42389)
    at async kr.resolveFromFile (vscode-file://vscode-app/opt/visual-studio-code/resources/app/out/vs/workbench/workbench.desktop.main.js:2752:68593)
    at async d.doResolve (vscode-file://vscode-app/opt/visual-studio-code/resources/app/out/vs/workbench/workbench.desktop.main.js:2763:37261)
    at async a.doCreateReferencedObject (vscode-file://vscode-app/opt/visual-studio-code/resources/app/out/vs/workbench/workbench.desktop.main.js:2752:79578)
    at async g.acquire (vscode-file://vscode-app/opt/visual-studio-code/resources/app/out/vs/workbench/workbench.desktop.main.js:19:32728)
    at async o.createModelReference (vscode-file://vscode-app/opt/visual-studio-code/resources/app/out/vs/workbench/workbench.desktop.main.js:2752:81727)
[2022-09-10 12:31:51.387] [renderer1] [error] Error: Unable to read file '/home/netoca/coding-challenges/fullstack-labs/toy-blocks-client-react/src/reducers/nodes.ts' (Error: Unable to resolve nonexistent file '/home/netoca/coding-challenges/fullstack-labs/toy-blocks-client-react/src/reducers/nodes.ts')
    at h.doReadFileStream (vscode-file://vscode-app/opt/visual-studio-code/resources/app/out/vs/workbench/workbench.desktop.main.js:603:20089)
    at async p.doRead (vscode-file://vscode-app/opt/visual-studio-code/resources/app/out/vs/workbench/workbench.desktop.main.js:2763:42714)
    at async p.readStream (vscode-file://vscode-app/opt/visual-studio-code/resources/app/out/vs/workbench/workbench.desktop.main.js:2763:42389)
    at async kr.resolveFromFile (vscode-file://vscode-app/opt/visual-studio-code/resources/app/out/vs/workbench/workbench.desktop.main.js:2752:68593)
    at async d.doResolve (vscode-file://vscode-app/opt/visual-studio-code/resources/app/out/vs/workbench/workbench.desktop.main.js:2763:37261)
    at async a.doCreateReferencedObject (vscode-file://vscode-app/opt/visual-studio-code/resources/app/out/vs/workbench/workbench.desktop.main.js:2752:79578)
    at async g.acquire (vscode-file://vscode-app/opt/visual-studio-code/resources/app/out/vs/workbench/workbench.desktop.main.js:19:32728)
    at async o.createModelReference (vscode-file://vscode-app/opt/visual-studio-code/resources/app/out/vs/workbench/workbench.desktop.main.js:2752:81727)
    at async Promise.all (index 0)
    at async a._createEditsTasks (vscode-file://vscode-app/opt/visual-studio-code/resources/app/out/vs/workbench/workbench.desktop.main.js:905:14775)
    at async a.apply (vscode-file://vscode-app/opt/visual-studio-code/resources/app/out/vs/workbench/workbench.desktop.main.js:905:14951)
    at async m._performTextEdits (vscode-file://vscode-app/opt/visual-studio-code/resources/app/out/vs/workbench/workbench.desktop.main.js:2763:28367)
    at async m.perform (vscode-file://vscode-app/opt/visual-studio-code/resources/app/out/vs/workbench/workbench.desktop.main.js:2763:27750)
    at async p.apply (vscode-file://vscode-app/opt/visual-studio-code/resources/app/out/vs/workbench/workbench.desktop.main.js:2763:30102)
[2022-09-10 12:31:51.387] [renderer1] [warning] IGNORING workspace edit {"fileOperationResult":1,"options":{"acceptTextOnly":true,"limits":{"size":17179869184,"memory":1468006400}}}
[2022-09-10 12:33:27.592] [renderer1] [error] Unable to read file '/home/netoca/coding-challenges/fullstack-labs/toy-blocks-client-react/src/reducers/nodes/nodes.ts' (Error: File not modified since): Error: Unable to read file '/home/netoca/coding-challenges/fullstack-labs/toy-blocks-client-react/src/reducers/nodes/nodes.ts' (Error: File not modified since)
    at h.doReadFileStream (vscode-file://vscode-app/opt/visual-studio-code/resources/app/out/vs/workbench/workbench.desktop.main.js:603:20036)
    at async p.doRead (vscode-file://vscode-app/opt/visual-studio-code/resources/app/out/vs/workbench/workbench.desktop.main.js:2763:42714)
    at async p.readStream (vscode-file://vscode-app/opt/visual-studio-code/resources/app/out/vs/workbench/workbench.desktop.main.js:2763:42389)
    at async kr.resolveFromFile (vscode-file://vscode-app/opt/visual-studio-code/resources/app/out/vs/workbench/workbench.desktop.main.js:2752:68593)
    at async vscode-file://vscode-app/opt/visual-studio-code/resources/app/out/vs/workbench/workbench.desktop.main.js:2763:36858
[2022-09-11 16:51:01.306] [renderer1] [error] Unable to read file '/home/netoca/coding-challenges/fullstack-labs/toy-blocks-client-react/src/containers/Blocks.tsx' (Error: Unable to resolve nonexistent file '/home/netoca/coding-challenges/fullstack-labs/toy-blocks-client-react/src/containers/Blocks.tsx'): Error: Unable to read file '/home/netoca/coding-challenges/fullstack-labs/toy-blocks-client-react/src/containers/Blocks.tsx' (Error: Unable to resolve nonexistent file '/home/netoca/coding-challenges/fullstack-labs/toy-blocks-client-react/src/containers/Blocks.tsx')
    at h.doReadFileStream (vscode-file://vscode-app/opt/visual-studio-code/resources/app/out/vs/workbench/workbench.desktop.main.js:603:20089)
    at async p.doRead (vscode-file://vscode-app/opt/visual-studio-code/resources/app/out/vs/workbench/workbench.desktop.main.js:2763:42714)
    at async p.readStream (vscode-file://vscode-app/opt/visual-studio-code/resources/app/out/vs/workbench/workbench.desktop.main.js:2763:42389)
    at async kr.resolveFromFile (vscode-file://vscode-app/opt/visual-studio-code/resources/app/out/vs/workbench/workbench.desktop.main.js:2752:68593)
    at async vscode-file://vscode-app/opt/visual-studio-code/resources/app/out/vs/workbench/workbench.desktop.main.js:2763:36858
[2022-09-11 16:51:04.002] [renderer1] [error] Unable to read file '/home/netoca/coding-challenges/fullstack-labs/toy-blocks-client-react/src/reducers/blocks/blocks.ts' (Error: Unable to resolve nonexistent file '/home/netoca/coding-challenges/fullstack-labs/toy-blocks-client-react/src/reducers/blocks/blocks.ts'): Error: Unable to read file '/home/netoca/coding-challenges/fullstack-labs/toy-blocks-client-react/src/reducers/blocks/blocks.ts' (Error: Unable to resolve nonexistent file '/home/netoca/coding-challenges/fullstack-labs/toy-blocks-client-react/src/reducers/blocks/blocks.ts')
    at h.doReadFileStream (vscode-file://vscode-app/opt/visual-studio-code/resources/app/out/vs/workbench/workbench.desktop.main.js:603:20089)
    at async p.doRead (vscode-file://vscode-app/opt/visual-studio-code/resources/app/out/vs/workbench/workbench.desktop.main.js:2763:42714)
    at async p.readStream (vscode-file://vscode-app/opt/visual-studio-code/resources/app/out/vs/workbench/workbench.desktop.main.js:2763:42389)
    at async kr.resolveFromFile (vscode-file://vscode-app/opt/visual-studio-code/resources/app/out/vs/workbench/workbench.desktop.main.js:2752:68593)
    at async vscode-file://vscode-app/opt/visual-studio-code/resources/app/out/vs/workbench/workbench.desktop.main.js:2763:36858
[2022-09-11 17:08:08.014] [renderer1] [error] Error: Unable to read file '/home/netoca/coding-challenges/fullstack-labs/toy-blocks-client-react/src/reducers/nodes.spec.ts' (Error: Unable to resolve nonexistent file '/home/netoca/coding-challenges/fullstack-labs/toy-blocks-client-react/src/reducers/nodes.spec.ts')
    at h.doReadFileStream (vscode-file://vscode-app/opt/visual-studio-code/resources/app/out/vs/workbench/workbench.desktop.main.js:603:20089)
    at async p.doRead (vscode-file://vscode-app/opt/visual-studio-code/resources/app/out/vs/workbench/workbench.desktop.main.js:2763:42714)
    at async p.readStream (vscode-file://vscode-app/opt/visual-studio-code/resources/app/out/vs/workbench/workbench.desktop.main.js:2763:42389)
    at async kr.resolveFromFile (vscode-file://vscode-app/opt/visual-studio-code/resources/app/out/vs/workbench/workbench.desktop.main.js:2752:68593)
    at async d.doResolve (vscode-file://vscode-app/opt/visual-studio-code/resources/app/out/vs/workbench/workbench.desktop.main.js:2763:37261)
    at async a.doCreateReferencedObject (vscode-file://vscode-app/opt/visual-studio-code/resources/app/out/vs/workbench/workbench.desktop.main.js:2752:79578)
    at async g.acquire (vscode-file://vscode-app/opt/visual-studio-code/resources/app/out/vs/workbench/workbench.desktop.main.js:19:32728)
    at async o.createModelReference (vscode-file://vscode-app/opt/visual-studio-code/resources/app/out/vs/workbench/workbench.desktop.main.js:2752:81727)
    at async Promise.all (index 1)
    at async a._createEditsTasks (vscode-file://vscode-app/opt/visual-studio-code/resources/app/out/vs/workbench/workbench.desktop.main.js:905:14775)
    at async a.apply (vscode-file://vscode-app/opt/visual-studio-code/resources/app/out/vs/workbench/workbench.desktop.main.js:905:14951)
    at async m._performTextEdits (vscode-file://vscode-app/opt/visual-studio-code/resources/app/out/vs/workbench/workbench.desktop.main.js:2763:28367)
    at async m.perform (vscode-file://vscode-app/opt/visual-studio-code/resources/app/out/vs/workbench/workbench.desktop.main.js:2763:27750)
    at async p.apply (vscode-file://vscode-app/opt/visual-studio-code/resources/app/out/vs/workbench/workbench.desktop.main.js:2763:30102)
[2022-09-11 17:08:08.015] [renderer1] [warning] IGNORING workspace edit {"fileOperationResult":1,"options":{"acceptTextOnly":true,"limits":{"size":17179869184,"memory":1468006400}}}
[2022-09-11 17:10:23.353] [renderer1] [error] Unable to read file '/home/netoca/coding-challenges/fullstack-labs/toy-blocks-client-react/reducers/nodes' (Error: Unable to resolve nonexistent file '/home/netoca/coding-challenges/fullstack-labs/toy-blocks-client-react/reducers/nodes'): Error: Unable to read file '/home/netoca/coding-challenges/fullstack-labs/toy-blocks-client-react/reducers/nodes' (Error: Unable to resolve nonexistent file '/home/netoca/coding-challenges/fullstack-labs/toy-blocks-client-react/reducers/nodes')
    at h.doReadFileStream (vscode-file://vscode-app/opt/visual-studio-code/resources/app/out/vs/workbench/workbench.desktop.main.js:603:20089)
    at async p.doRead (vscode-file://vscode-app/opt/visual-studio-code/resources/app/out/vs/workbench/workbench.desktop.main.js:2763:42714)
    at async p.readStream (vscode-file://vscode-app/opt/visual-studio-code/resources/app/out/vs/workbench/workbench.desktop.main.js:2763:42389)
    at async kr.resolveFromFile (vscode-file://vscode-app/opt/visual-studio-code/resources/app/out/vs/workbench/workbench.desktop.main.js:2752:68593)
    at async d.doResolve (vscode-file://vscode-app/opt/visual-studio-code/resources/app/out/vs/workbench/workbench.desktop.main.js:2763:37261)
    at async a.doCreateReferencedObject (vscode-file://vscode-app/opt/visual-studio-code/resources/app/out/vs/workbench/workbench.desktop.main.js:2752:79578)
    at async g.acquire (vscode-file://vscode-app/opt/visual-studio-code/resources/app/out/vs/workbench/workbench.desktop.main.js:19:32728)
    at async o.createModelReference (vscode-file://vscode-app/opt/visual-studio-code/resources/app/out/vs/workbench/workbench.desktop.main.js:2752:81727)
[2022-09-11 22:17:13.942] [renderer1] [error] Unable to read file '/home/netoca/coding-challenges/fullstack-labs/toy-blocks-client-react/src/reducers/nodes/nodes.ts' (Error: File not modified since): Error: Unable to read file '/home/netoca/coding-challenges/fullstack-labs/toy-blocks-client-react/src/reducers/nodes/nodes.ts' (Error: File not modified since)
    at h.doReadFileStream (vscode-file://vscode-app/opt/visual-studio-code/resources/app/out/vs/workbench/workbench.desktop.main.js:603:20036)
    at async p.doRead (vscode-file://vscode-app/opt/visual-studio-code/resources/app/out/vs/workbench/workbench.desktop.main.js:2763:42714)
    at async p.readStream (vscode-file://vscode-app/opt/visual-studio-code/resources/app/out/vs/workbench/workbench.desktop.main.js:2763:42389)
    at async kr.resolveFromFile (vscode-file://vscode-app/opt/visual-studio-code/resources/app/out/vs/workbench/workbench.desktop.main.js:2752:68593)
    at async vscode-file://vscode-app/opt/visual-studio-code/resources/app/out/vs/workbench/workbench.desktop.main.js:2763:36858
[2022-09-11 22:31:52.720] [renderer1] [error] <semantic> TypeScript Server Error (4.8.2)
No Project.
Error: No Project.
    at Object.ThrowNoProject (/opt/visual-studio-code/resources/app/extensions/node_modules/typescript/lib/tsserver.js:170275:23)
    at ScriptInfo.getDefaultProject (/opt/visual-studio-code/resources/app/extensions/node_modules/typescript/lib/tsserver.js:171118:46)
    at ProjectService.doEnsureDefaultProjectForFile (/opt/visual-studio-code/resources/app/extensions/node_modules/typescript/lib/tsserver.js:174331:48)
    at ProjectService.ensureDefaultProjectForFile (/opt/visual-studio-code/resources/app/extensions/node_modules/typescript/lib/tsserver.js:174326:75)
    at Session.getFileAndProjectWorker (/opt/visual-studio-code/resources/app/extensions/node_modules/typescript/lib/tsserver.js:179244:87)
    at Session.getFileAndProject (/opt/visual-studio-code/resources/app/extensions/node_modules/typescript/lib/tsserver.js:179227:29)
    at Session.getEncodedSemanticClassifications (/opt/visual-studio-code/resources/app/extensions/node_modules/typescript/lib/tsserver.js:178651:31)
    at Session.handlers.ts.Map.ts.getEntries._a.<computed> (/opt/visual-studio-code/resources/app/extensions/node_modules/typescript/lib/tsserver.js:178113:61)
    at /opt/visual-studio-code/resources/app/extensions/node_modules/typescript/lib/tsserver.js:180140:96
    at Session.executeWithRequestId (/opt/visual-studio-code/resources/app/extensions/node_modules/typescript/lib/tsserver.js:180131:28)
    at Session.executeCommand (/opt/visual-studio-code/resources/app/extensions/node_modules/typescript/lib/tsserver.js:180140:41)
    at Session.onMessage (/opt/visual-studio-code/resources/app/extensions/node_modules/typescript/lib/tsserver.js:180168:35)
    at process.<anonymous> (/opt/visual-studio-code/resources/app/extensions/node_modules/typescript/lib/tsserver.js:184334:31)
    at process.emit (node:events:526:28)
    at emit (node:internal/child_process:938:14)
    at process.processTicksAndRejections (node:internal/process/task_queues:84:21): Error: <semantic> TypeScript Server Error (4.8.2)
No Project.
Error: No Project.
    at Object.ThrowNoProject (/opt/visual-studio-code/resources/app/extensions/node_modules/typescript/lib/tsserver.js:170275:23)
    at ScriptInfo.getDefaultProject (/opt/visual-studio-code/resources/app/extensions/node_modules/typescript/lib/tsserver.js:171118:46)
    at ProjectService.doEnsureDefaultProjectForFile (/opt/visual-studio-code/resources/app/extensions/node_modules/typescript/lib/tsserver.js:174331:48)
    at ProjectService.ensureDefaultProjectForFile (/opt/visual-studio-code/resources/app/extensions/node_modules/typescript/lib/tsserver.js:174326:75)
    at Session.getFileAndProjectWorker (/opt/visual-studio-code/resources/app/extensions/node_modules/typescript/lib/tsserver.js:179244:87)
    at Session.getFileAndProject (/opt/visual-studio-code/resources/app/extensions/node_modules/typescript/lib/tsserver.js:179227:29)
    at Session.getEncodedSemanticClassifications (/opt/visual-studio-code/resources/app/extensions/node_modules/typescript/lib/tsserver.js:178651:31)
    at Session.handlers.ts.Map.ts.getEntries._a.<computed> (/opt/visual-studio-code/resources/app/extensions/node_modules/typescript/lib/tsserver.js:178113:61)
    at /opt/visual-studio-code/resources/app/extensions/node_modules/typescript/lib/tsserver.js:180140:96
    at Session.executeWithRequestId (/opt/visual-studio-code/resources/app/extensions/node_modules/typescript/lib/tsserver.js:180131:28)
    at Session.executeCommand (/opt/visual-studio-code/resources/app/extensions/node_modules/typescript/lib/tsserver.js:180140:41)
    at Session.onMessage (/opt/visual-studio-code/resources/app/extensions/node_modules/typescript/lib/tsserver.js:180168:35)
    at process.<anonymous> (/opt/visual-studio-code/resources/app/extensions/node_modules/typescript/lib/tsserver.js:184334:31)
    at process.emit (node:events:526:28)
    at emit (node:internal/child_process:938:14)
    at process.processTicksAndRejections (node:internal/process/task_queues:84:21)
	at r.create (/opt/visual-studio-code/resources/app/extensions/typescript-language-features/dist/extension.js:1:511605)
	at d.dispatchResponse (/opt/visual-studio-code/resources/app/extensions/typescript-language-features/dist/extension.js:1:505453)
	at d.dispatchMessage (/opt/visual-studio-code/resources/app/extensions/typescript-language-features/dist/extension.js:1:504321)
	at ChildProcess.<anonymous> (/opt/visual-studio-code/resources/app/extensions/typescript-language-features/dist/extension.js:1:503806)
	at ChildProcess.emit (node:events:526:28)
	at emit (node:internal/child_process:938:14)
	at process.processTicksAndRejections (node:internal/process/task_queues:84:21)
[2022-09-11 22:31:52.721] [renderer1] [error] <semantic> TypeScript Server Error (4.8.2)
No Project.
Error: No Project.
    at Object.ThrowNoProject (/opt/visual-studio-code/resources/app/extensions/node_modules/typescript/lib/tsserver.js:170275:23)
    at ScriptInfo.getDefaultProject (/opt/visual-studio-code/resources/app/extensions/node_modules/typescript/lib/tsserver.js:171118:46)
    at ProjectService.doEnsureDefaultProjectForFile (/opt/visual-studio-code/resources/app/extensions/node_modules/typescript/lib/tsserver.js:174331:48)
    at ProjectService.ensureDefaultProjectForFile (/opt/visual-studio-code/resources/app/extensions/node_modules/typescript/lib/tsserver.js:174326:75)
    at Session.getFileAndProjectWorker (/opt/visual-studio-code/resources/app/extensions/node_modules/typescript/lib/tsserver.js:179244:87)
    at Session.getFileAndProject (/opt/visual-studio-code/resources/app/extensions/node_modules/typescript/lib/tsserver.js:179227:29)
    at Session.getApplicableRefactors (/opt/visual-studio-code/resources/app/extensions/node_modules/typescript/lib/tsserver.js:179750:31)
    at Session.handlers.ts.Map.ts.getEntries._a.<computed> (/opt/visual-studio-code/resources/app/extensions/node_modules/typescript/lib/tsserver.js:178225:61)
    at /opt/visual-studio-code/resources/app/extensions/node_modules/typescript/lib/tsserver.js:180140:96
    at Session.executeWithRequestId (/opt/visual-studio-code/resources/app/extensions/node_modules/typescript/lib/tsserver.js:180131:28)
    at Session.executeCommand (/opt/visual-studio-code/resources/app/extensions/node_modules/typescript/lib/tsserver.js:180140:41)
    at Session.onMessage (/opt/visual-studio-code/resources/app/extensions/node_modules/typescript/lib/tsserver.js:180168:35)
    at process.<anonymous> (/opt/visual-studio-code/resources/app/extensions/node_modules/typescript/lib/tsserver.js:184334:31)
    at process.emit (node:events:526:28)
    at emit (node:internal/child_process:938:14)
    at process.processTicksAndRejections (node:internal/process/task_queues:84:21): Error: <semantic> TypeScript Server Error (4.8.2)
No Project.
Error: No Project.
    at Object.ThrowNoProject (/opt/visual-studio-code/resources/app/extensions/node_modules/typescript/lib/tsserver.js:170275:23)
    at ScriptInfo.getDefaultProject (/opt/visual-studio-code/resources/app/extensions/node_modules/typescript/lib/tsserver.js:171118:46)
    at ProjectService.doEnsureDefaultProjectForFile (/opt/visual-studio-code/resources/app/extensions/node_modules/typescript/lib/tsserver.js:174331:48)
    at ProjectService.ensureDefaultProjectForFile (/opt/visual-studio-code/resources/app/extensions/node_modules/typescript/lib/tsserver.js:174326:75)
    at Session.getFileAndProjectWorker (/opt/visual-studio-code/resources/app/extensions/node_modules/typescript/lib/tsserver.js:179244:87)
    at Session.getFileAndProject (/opt/visual-studio-code/resources/app/extensions/node_modules/typescript/lib/tsserver.js:179227:29)
    at Session.getApplicableRefactors (/opt/visual-studio-code/resources/app/extensions/node_modules/typescript/lib/tsserver.js:179750:31)
    at Session.handlers.ts.Map.ts.getEntries._a.<computed> (/opt/visual-studio-code/resources/app/extensions/node_modules/typescript/lib/tsserver.js:178225:61)
    at /opt/visual-studio-code/resources/app/extensions/node_modules/typescript/lib/tsserver.js:180140:96
    at Session.executeWithRequestId (/opt/visual-studio-code/resources/app/extensions/node_modules/typescript/lib/tsserver.js:180131:28)
    at Session.executeCommand (/opt/visual-studio-code/resources/app/extensions/node_modules/typescript/lib/tsserver.js:180140:41)
    at Session.onMessage (/opt/visual-studio-code/resources/app/extensions/node_modules/typescript/lib/tsserver.js:180168:35)
    at process.<anonymous> (/opt/visual-studio-code/resources/app/extensions/node_modules/typescript/lib/tsserver.js:184334:31)
    at process.emit (node:events:526:28)
    at emit (node:internal/child_process:938:14)
    at process.processTicksAndRejections (node:internal/process/task_queues:84:21)
	at r.create (/opt/visual-studio-code/resources/app/extensions/typescript-language-features/dist/extension.js:1:511605)
	at d.dispatchResponse (/opt/visual-studio-code/resources/app/extensions/typescript-language-features/dist/extension.js:1:505453)
	at d.dispatchMessage (/opt/visual-studio-code/resources/app/extensions/typescript-language-features/dist/extension.js:1:504321)
	at ChildProcess.<anonymous> (/opt/visual-studio-code/resources/app/extensions/typescript-language-features/dist/extension.js:1:503806)
	at ChildProcess.emit (node:events:526:28)
	at emit (node:internal/child_process:938:14)
	at process.processTicksAndRejections (node:internal/process/task_queues:84:21)
[2022-09-11 22:31:53.784] [renderer1] [error] <semantic> TypeScript Server Error (4.8.2)
No Project.
Error: No Project.
    at Object.ThrowNoProject (/opt/visual-studio-code/resources/app/extensions/node_modules/typescript/lib/tsserver.js:170275:23)
    at ScriptInfo.getDefaultProject (/opt/visual-studio-code/resources/app/extensions/node_modules/typescript/lib/tsserver.js:171118:46)
    at ProjectService.doEnsureDefaultProjectForFile (/opt/visual-studio-code/resources/app/extensions/node_modules/typescript/lib/tsserver.js:174331:48)
    at ProjectService.ensureDefaultProjectForFile (/opt/visual-studio-code/resources/app/extensions/node_modules/typescript/lib/tsserver.js:174326:75)
    at Session.getFileAndProjectWorker (/opt/visual-studio-code/resources/app/extensions/node_modules/typescript/lib/tsserver.js:179244:87)
    at Session.getFileAndProject (/opt/visual-studio-code/resources/app/extensions/node_modules/typescript/lib/tsserver.js:179227:29)
    at Session.getDocumentHighlights (/opt/visual-studio-code/resources/app/extensions/node_modules/typescript/lib/tsserver.js:179037:31)
    at Session.handlers.ts.Map.ts.getEntries._a.<computed> (/opt/visual-studio-code/resources/app/extensions/node_modules/typescript/lib/tsserver.js:178187:61)
    at /opt/visual-studio-code/resources/app/extensions/node_modules/typescript/lib/tsserver.js:180140:96
    at Session.executeWithRequestId (/opt/visual-studio-code/resources/app/extensions/node_modules/typescript/lib/tsserver.js:180131:28)
    at Session.executeCommand (/opt/visual-studio-code/resources/app/extensions/node_modules/typescript/lib/tsserver.js:180140:41)
    at Session.onMessage (/opt/visual-studio-code/resources/app/extensions/node_modules/typescript/lib/tsserver.js:180168:35)
    at process.<anonymous> (/opt/visual-studio-code/resources/app/extensions/node_modules/typescript/lib/tsserver.js:184334:31)
    at process.emit (node:events:526:28)
    at emit (node:internal/child_process:938:14)
    at process.processTicksAndRejections (node:internal/process/task_queues:84:21): Error: <semantic> TypeScript Server Error (4.8.2)
No Project.
Error: No Project.
    at Object.ThrowNoProject (/opt/visual-studio-code/resources/app/extensions/node_modules/typescript/lib/tsserver.js:170275:23)
    at ScriptInfo.getDefaultProject (/opt/visual-studio-code/resources/app/extensions/node_modules/typescript/lib/tsserver.js:171118:46)
    at ProjectService.doEnsureDefaultProjectForFile (/opt/visual-studio-code/resources/app/extensions/node_modules/typescript/lib/tsserver.js:174331:48)
    at ProjectService.ensureDefaultProjectForFile (/opt/visual-studio-code/resources/app/extensions/node_modules/typescript/lib/tsserver.js:174326:75)
    at Session.getFileAndProjectWorker (/opt/visual-studio-code/resources/app/extensions/node_modules/typescript/lib/tsserver.js:179244:87)
    at Session.getFileAndProject (/opt/visual-studio-code/resources/app/extensions/node_modules/typescript/lib/tsserver.js:179227:29)
    at Session.getDocumentHighlights (/opt/visual-studio-code/resources/app/extensions/node_modules/typescript/lib/tsserver.js:179037:31)
    at Session.handlers.ts.Map.ts.getEntries._a.<computed> (/opt/visual-studio-code/resources/app/extensions/node_modules/typescript/lib/tsserver.js:178187:61)
    at /opt/visual-studio-code/resources/app/extensions/node_modules/typescript/lib/tsserver.js:180140:96
    at Session.executeWithRequestId (/opt/visual-studio-code/resources/app/extensions/node_modules/typescript/lib/tsserver.js:180131:28)
    at Session.executeCommand (/opt/visual-studio-code/resources/app/extensions/node_modules/typescript/lib/tsserver.js:180140:41)
    at Session.onMessage (/opt/visual-studio-code/resources/app/extensions/node_modules/typescript/lib/tsserver.js:180168:35)
    at process.<anonymous> (/opt/visual-studio-code/resources/app/extensions/node_modules/typescript/lib/tsserver.js:184334:31)
    at process.emit (node:events:526:28)
    at emit (node:internal/child_process:938:14)
    at process.processTicksAndRejections (node:internal/process/task_queues:84:21)
	at r.create (/opt/visual-studio-code/resources/app/extensions/typescript-language-features/dist/extension.js:1:511605)
	at d.dispatchResponse (/opt/visual-studio-code/resources/app/extensions/typescript-language-features/dist/extension.js:1:505453)
	at d.dispatchMessage (/opt/visual-studio-code/resources/app/extensions/typescript-language-features/dist/extension.js:1:504321)
	at ChildProcess.<anonymous> (/opt/visual-studio-code/resources/app/extensions/typescript-language-features/dist/extension.js:1:503806)
	at ChildProcess.emit (node:events:526:28)
	at emit (node:internal/child_process:938:14)
	at process.processTicksAndRejections (node:internal/process/task_queues:84:21)
[2022-09-11 22:31:54.166] [renderer1] [error] <semantic> TypeScript Server Error (4.8.2)
No Project.
Error: No Project.
    at Object.ThrowNoProject (/opt/visual-studio-code/resources/app/extensions/node_modules/typescript/lib/tsserver.js:170275:23)
    at ScriptInfo.getDefaultProject (/opt/visual-studio-code/resources/app/extensions/node_modules/typescript/lib/tsserver.js:171118:46)
    at ProjectService.doEnsureDefaultProjectForFile (/opt/visual-studio-code/resources/app/extensions/node_modules/typescript/lib/tsserver.js:174331:48)
    at ProjectService.ensureDefaultProjectForFile (/opt/visual-studio-code/resources/app/extensions/node_modules/typescript/lib/tsserver.js:174326:75)
    at Session.getFileAndProjectWorker (/opt/visual-studio-code/resources/app/extensions/node_modules/typescript/lib/tsserver.js:179244:87)
    at Session.getFileAndProject (/opt/visual-studio-code/resources/app/extensions/node_modules/typescript/lib/tsserver.js:179227:29)
    at Session.getApplicableRefactors (/opt/visual-studio-code/resources/app/extensions/node_modules/typescript/lib/tsserver.js:179750:31)
    at Session.handlers.ts.Map.ts.getEntries._a.<computed> (/opt/visual-studio-code/resources/app/extensions/node_modules/typescript/lib/tsserver.js:178225:61)
    at /opt/visual-studio-code/resources/app/extensions/node_modules/typescript/lib/tsserver.js:180140:96
    at Session.executeWithRequestId (/opt/visual-studio-code/resources/app/extensions/node_modules/typescript/lib/tsserver.js:180131:28)
    at Session.executeCommand (/opt/visual-studio-code/resources/app/extensions/node_modules/typescript/lib/tsserver.js:180140:41)
    at Session.onMessage (/opt/visual-studio-code/resources/app/extensions/node_modules/typescript/lib/tsserver.js:180168:35)
    at process.<anonymous> (/opt/visual-studio-code/resources/app/extensions/node_modules/typescript/lib/tsserver.js:184334:31)
    at process.emit (node:events:526:28)
    at emit (node:internal/child_process:938:14)
    at process.processTicksAndRejections (node:internal/process/task_queues:84:21): Error: <semantic> TypeScript Server Error (4.8.2)
No Project.
Error: No Project.
    at Object.ThrowNoProject (/opt/visual-studio-code/resources/app/extensions/node_modules/typescript/lib/tsserver.js:170275:23)
    at ScriptInfo.getDefaultProject (/opt/visual-studio-code/resources/app/extensions/node_modules/typescript/lib/tsserver.js:171118:46)
    at ProjectService.doEnsureDefaultProjectForFile (/opt/visual-studio-code/resources/app/extensions/node_modules/typescript/lib/tsserver.js:174331:48)
    at ProjectService.ensureDefaultProjectForFile (/opt/visual-studio-code/resources/app/extensions/node_modules/typescript/lib/tsserver.js:174326:75)
    at Session.getFileAndProjectWorker (/opt/visual-studio-code/resources/app/extensions/node_modules/typescript/lib/tsserver.js:179244:87)
    at Session.getFileAndProject (/opt/visual-studio-code/resources/app/extensions/node_modules/typescript/lib/tsserver.js:179227:29)
    at Session.getApplicableRefactors (/opt/visual-studio-code/resources/app/extensions/node_modules/typescript/lib/tsserver.js:179750:31)
    at Session.handlers.ts.Map.ts.getEntries._a.<computed> (/opt/visual-studio-code/resources/app/extensions/node_modules/typescript/lib/tsserver.js:178225:61)
    at /opt/visual-studio-code/resources/app/extensions/node_modules/typescript/lib/tsserver.js:180140:96
    at Session.executeWithRequestId (/opt/visual-studio-code/resources/app/extensions/node_modules/typescript/lib/tsserver.js:180131:28)
    at Session.executeCommand (/opt/visual-studio-code/resources/app/extensions/node_modules/typescript/lib/tsserver.js:180140:41)
    at Session.onMessage (/opt/visual-studio-code/resources/app/extensions/node_modules/typescript/lib/tsserver.js:180168:35)
    at process.<anonymous> (/opt/visual-studio-code/resources/app/extensions/node_modules/typescript/lib/tsserver.js:184334:31)
    at process.emit (node:events:526:28)
    at emit (node:internal/child_process:938:14)
    at process.processTicksAndRejections (node:internal/process/task_queues:84:21)
	at r.create (/opt/visual-studio-code/resources/app/extensions/typescript-language-features/dist/extension.js:1:511605)
	at d.dispatchResponse (/opt/visual-studio-code/resources/app/extensions/typescript-language-features/dist/extension.js:1:505453)
	at d.dispatchMessage (/opt/visual-studio-code/resources/app/extensions/typescript-language-features/dist/extension.js:1:504321)
	at ChildProcess.<anonymous> (/opt/visual-studio-code/resources/app/extensions/typescript-language-features/dist/extension.js:1:503806)
	at ChildProcess.emit (node:events:526:28)
	at emit (node:internal/child_process:938:14)
	at process.processTicksAndRejections (node:internal/process/task_queues:84:21)
[2022-09-11 22:31:54.168] [renderer1] [error] <semantic> TypeScript Server Error (4.8.2)
No Project.
Error: No Project.
    at Object.ThrowNoProject (/opt/visual-studio-code/resources/app/extensions/node_modules/typescript/lib/tsserver.js:170275:23)
    at ScriptInfo.getDefaultProject (/opt/visual-studio-code/resources/app/extensions/node_modules/typescript/lib/tsserver.js:171118:46)
    at ProjectService.doEnsureDefaultProjectForFile (/opt/visual-studio-code/resources/app/extensions/node_modules/typescript/lib/tsserver.js:174331:48)
    at ProjectService.ensureDefaultProjectForFile (/opt/visual-studio-code/resources/app/extensions/node_modules/typescript/lib/tsserver.js:174326:75)
    at Session.getFileAndProjectWorker (/opt/visual-studio-code/resources/app/extensions/node_modules/typescript/lib/tsserver.js:179244:87)
    at Session.getFileAndProject (/opt/visual-studio-code/resources/app/extensions/node_modules/typescript/lib/tsserver.js:179227:29)
    at Session.getDefinitionAndBoundSpan (/opt/visual-studio-code/resources/app/extensions/node_modules/typescript/lib/tsserver.js:178738:31)
    at Session.handlers.ts.Map.ts.getEntries._a.<computed> (/opt/visual-studio-code/resources/app/extensions/node_modules/typescript/lib/tsserver.js:177985:61)
    at /opt/visual-studio-code/resources/app/extensions/node_modules/typescript/lib/tsserver.js:180140:96
    at Session.executeWithRequestId (/opt/visual-studio-code/resources/app/extensions/node_modules/typescript/lib/tsserver.js:180131:28)
    at Session.executeCommand (/opt/visual-studio-code/resources/app/extensions/node_modules/typescript/lib/tsserver.js:180140:41)
    at Session.onMessage (/opt/visual-studio-code/resources/app/extensions/node_modules/typescript/lib/tsserver.js:180168:35)
    at process.<anonymous> (/opt/visual-studio-code/resources/app/extensions/node_modules/typescript/lib/tsserver.js:184334:31)
    at process.emit (node:events:526:28)
    at emit (node:internal/child_process:938:14)
    at process.processTicksAndRejections (node:internal/process/task_queues:84:21): Error: <semantic> TypeScript Server Error (4.8.2)
No Project.
Error: No Project.
    at Object.ThrowNoProject (/opt/visual-studio-code/resources/app/extensions/node_modules/typescript/lib/tsserver.js:170275:23)
    at ScriptInfo.getDefaultProject (/opt/visual-studio-code/resources/app/extensions/node_modules/typescript/lib/tsserver.js:171118:46)
    at ProjectService.doEnsureDefaultProjectForFile (/opt/visual-studio-code/resources/app/extensions/node_modules/typescript/lib/tsserver.js:174331:48)
    at ProjectService.ensureDefaultProjectForFile (/opt/visual-studio-code/resources/app/extensions/node_modules/typescript/lib/tsserver.js:174326:75)
    at Session.getFileAndProjectWorker (/opt/visual-studio-code/resources/app/extensions/node_modules/typescript/lib/tsserver.js:179244:87)
    at Session.getFileAndProject (/opt/visual-studio-code/resources/app/extensions/node_modules/typescript/lib/tsserver.js:179227:29)
    at Session.getDefinitionAndBoundSpan (/opt/visual-studio-code/resources/app/extensions/node_modules/typescript/lib/tsserver.js:178738:31)
    at Session.handlers.ts.Map.ts.getEntries._a.<computed> (/opt/visual-studio-code/resources/app/extensions/node_modules/typescript/lib/tsserver.js:177985:61)
    at /opt/visual-studio-code/resources/app/extensions/node_modules/typescript/lib/tsserver.js:180140:96
    at Session.executeWithRequestId (/opt/visual-studio-code/resources/app/extensions/node_modules/typescript/lib/tsserver.js:180131:28)
    at Session.executeCommand (/opt/visual-studio-code/resources/app/extensions/node_modules/typescript/lib/tsserver.js:180140:41)
    at Session.onMessage (/opt/visual-studio-code/resources/app/extensions/node_modules/typescript/lib/tsserver.js:180168:35)
    at process.<anonymous> (/opt/visual-studio-code/resources/app/extensions/node_modules/typescript/lib/tsserver.js:184334:31)
    at process.emit (node:events:526:28)
    at emit (node:internal/child_process:938:14)
    at process.processTicksAndRejections (node:internal/process/task_queues:84:21)
	at r.create (/opt/visual-studio-code/resources/app/extensions/typescript-language-features/dist/extension.js:1:511605)
	at d.dispatchResponse (/opt/visual-studio-code/resources/app/extensions/typescript-language-features/dist/extension.js:1:505453)
	at d.dispatchMessage (/opt/visual-studio-code/resources/app/extensions/typescript-language-features/dist/extension.js:1:504321)
	at ChildProcess.<anonymous> (/opt/visual-studio-code/resources/app/extensions/typescript-language-features/dist/extension.js:1:503806)
	at ChildProcess.emit (node:events:526:28)
	at emit (node:internal/child_process:938:14)
	at process.processTicksAndRejections (node:internal/process/task_queues:84:21)
[2022-09-11 22:31:59.953] [renderer1] [error] <semantic> TypeScript Server Error (4.8.2)
No Project.
Error: No Project.
    at Object.ThrowNoProject (/opt/visual-studio-code/resources/app/extensions/node_modules/typescript/lib/tsserver.js:170275:23)
    at ScriptInfo.getDefaultProject (/opt/visual-studio-code/resources/app/extensions/node_modules/typescript/lib/tsserver.js:171118:46)
    at ProjectService.doEnsureDefaultProjectForFile (/opt/visual-studio-code/resources/app/extensions/node_modules/typescript/lib/tsserver.js:174331:48)
    at ProjectService.ensureDefaultProjectForFile (/opt/visual-studio-code/resources/app/extensions/node_modules/typescript/lib/tsserver.js:174326:75)
    at Session.getFileAndProjectWorker (/opt/visual-studio-code/resources/app/extensions/node_modules/typescript/lib/tsserver.js:179244:87)
    at Session.getFileAndProject (/opt/visual-studio-code/resources/app/extensions/node_modules/typescript/lib/tsserver.js:179227:29)
    at Session.getApplicableRefactors (/opt/visual-studio-code/resources/app/extensions/node_modules/typescript/lib/tsserver.js:179750:31)
    at Session.handlers.ts.Map.ts.getEntries._a.<computed> (/opt/visual-studio-code/resources/app/extensions/node_modules/typescript/lib/tsserver.js:178225:61)
    at /opt/visual-studio-code/resources/app/extensions/node_modules/typescript/lib/tsserver.js:180140:96
    at Session.executeWithRequestId (/opt/visual-studio-code/resources/app/extensions/node_modules/typescript/lib/tsserver.js:180131:28)
    at Session.executeCommand (/opt/visual-studio-code/resources/app/extensions/node_modules/typescript/lib/tsserver.js:180140:41)
    at Session.onMessage (/opt/visual-studio-code/resources/app/extensions/node_modules/typescript/lib/tsserver.js:180168:35)
    at process.<anonymous> (/opt/visual-studio-code/resources/app/extensions/node_modules/typescript/lib/tsserver.js:184334:31)
    at process.emit (node:events:526:28)
    at emit (node:internal/child_process:938:14)
    at process.processTicksAndRejections (node:internal/process/task_queues:84:21): Error: <semantic> TypeScript Server Error (4.8.2)
No Project.
Error: No Project.
    at Object.ThrowNoProject (/opt/visual-studio-code/resources/app/extensions/node_modules/typescript/lib/tsserver.js:170275:23)
    at ScriptInfo.getDefaultProject (/opt/visual-studio-code/resources/app/extensions/node_modules/typescript/lib/tsserver.js:171118:46)
    at ProjectService.doEnsureDefaultProjectForFile (/opt/visual-studio-code/resources/app/extensions/node_modules/typescript/lib/tsserver.js:174331:48)
    at ProjectService.ensureDefaultProjectForFile (/opt/visual-studio-code/resources/app/extensions/node_modules/typescript/lib/tsserver.js:174326:75)
    at Session.getFileAndProjectWorker (/opt/visual-studio-code/resources/app/extensions/node_modules/typescript/lib/tsserver.js:179244:87)
    at Session.getFileAndProject (/opt/visual-studio-code/resources/app/extensions/node_modules/typescript/lib/tsserver.js:179227:29)
    at Session.getApplicableRefactors (/opt/visual-studio-code/resources/app/extensions/node_modules/typescript/lib/tsserver.js:179750:31)
    at Session.handlers.ts.Map.ts.getEntries._a.<computed> (/opt/visual-studio-code/resources/app/extensions/node_modules/typescript/lib/tsserver.js:178225:61)
    at /opt/visual-studio-code/resources/app/extensions/node_modules/typescript/lib/tsserver.js:180140:96
    at Session.executeWithRequestId (/opt/visual-studio-code/resources/app/extensions/node_modules/typescript/lib/tsserver.js:180131:28)
    at Session.executeCommand (/opt/visual-studio-code/resources/app/extensions/node_modules/typescript/lib/tsserver.js:180140:41)
    at Session.onMessage (/opt/visual-studio-code/resources/app/extensions/node_modules/typescript/lib/tsserver.js:180168:35)
    at process.<anonymous> (/opt/visual-studio-code/resources/app/extensions/node_modules/typescript/lib/tsserver.js:184334:31)
    at process.emit (node:events:526:28)
    at emit (node:internal/child_process:938:14)
    at process.processTicksAndRejections (node:internal/process/task_queues:84:21)
	at r.create (/opt/visual-studio-code/resources/app/extensions/typescript-language-features/dist/extension.js:1:511605)
	at d.dispatchResponse (/opt/visual-studio-code/resources/app/extensions/typescript-language-features/dist/extension.js:1:505453)
	at d.dispatchMessage (/opt/visual-studio-code/resources/app/extensions/typescript-language-features/dist/extension.js:1:504321)
	at ChildProcess.<anonymous> (/opt/visual-studio-code/resources/app/extensions/typescript-language-features/dist/extension.js:1:503806)
	at ChildProcess.emit (node:events:526:28)
	at emit (node:internal/child_process:938:14)
	at process.processTicksAndRejections (node:internal/process/task_queues:84:21)
[2022-09-11 22:32:00.011] [renderer1] [error] <semantic> TypeScript Server Error (4.8.2)
No Project.
Error: No Project.
    at Object.ThrowNoProject (/opt/visual-studio-code/resources/app/extensions/node_modules/typescript/lib/tsserver.js:170275:23)
    at ScriptInfo.getDefaultProject (/opt/visual-studio-code/resources/app/extensions/node_modules/typescript/lib/tsserver.js:171118:46)
    at ProjectService.doEnsureDefaultProjectForFile (/opt/visual-studio-code/resources/app/extensions/node_modules/typescript/lib/tsserver.js:174331:48)
    at ProjectService.ensureDefaultProjectForFile (/opt/visual-studio-code/resources/app/extensions/node_modules/typescript/lib/tsserver.js:174326:75)
    at Session.getFileAndProjectWorker (/opt/visual-studio-code/resources/app/extensions/node_modules/typescript/lib/tsserver.js:179244:87)
    at Session.getFileAndProject (/opt/visual-studio-code/resources/app/extensions/node_modules/typescript/lib/tsserver.js:179227:29)
    at Session.getEncodedSemanticClassifications (/opt/visual-studio-code/resources/app/extensions/node_modules/typescript/lib/tsserver.js:178651:31)
    at Session.handlers.ts.Map.ts.getEntries._a.<computed> (/opt/visual-studio-code/resources/app/extensions/node_modules/typescript/lib/tsserver.js:178113:61)
    at /opt/visual-studio-code/resources/app/extensions/node_modules/typescript/lib/tsserver.js:180140:96
    at Session.executeWithRequestId (/opt/visual-studio-code/resources/app/extensions/node_modules/typescript/lib/tsserver.js:180131:28)
    at Session.executeCommand (/opt/visual-studio-code/resources/app/extensions/node_modules/typescript/lib/tsserver.js:180140:41)
    at Session.onMessage (/opt/visual-studio-code/resources/app/extensions/node_modules/typescript/lib/tsserver.js:180168:35)
    at process.<anonymous> (/opt/visual-studio-code/resources/app/extensions/node_modules/typescript/lib/tsserver.js:184334:31)
    at process.emit (node:events:526:28)
    at emit (node:internal/child_process:938:14)
    at process.processTicksAndRejections (node:internal/process/task_queues:84:21): Error: <semantic> TypeScript Server Error (4.8.2)
No Project.
Error: No Project.
    at Object.ThrowNoProject (/opt/visual-studio-code/resources/app/extensions/node_modules/typescript/lib/tsserver.js:170275:23)
    at ScriptInfo.getDefaultProject (/opt/visual-studio-code/resources/app/extensions/node_modules/typescript/lib/tsserver.js:171118:46)
    at ProjectService.doEnsureDefaultProjectForFile (/opt/visual-studio-code/resources/app/extensions/node_modules/typescript/lib/tsserver.js:174331:48)
    at ProjectService.ensureDefaultProjectForFile (/opt/visual-studio-code/resources/app/extensions/node_modules/typescript/lib/tsserver.js:174326:75)
    at Session.getFileAndProjectWorker (/opt/visual-studio-code/resources/app/extensions/node_modules/typescript/lib/tsserver.js:179244:87)
    at Session.getFileAndProject (/opt/visual-studio-code/resources/app/extensions/node_modules/typescript/lib/tsserver.js:179227:29)
    at Session.getEncodedSemanticClassifications (/opt/visual-studio-code/resources/app/extensions/node_modules/typescript/lib/tsserver.js:178651:31)
    at Session.handlers.ts.Map.ts.getEntries._a.<computed> (/opt/visual-studio-code/resources/app/extensions/node_modules/typescript/lib/tsserver.js:178113:61)
    at /opt/visual-studio-code/resources/app/extensions/node_modules/typescript/lib/tsserver.js:180140:96
    at Session.executeWithRequestId (/opt/visual-studio-code/resources/app/extensions/node_modules/typescript/lib/tsserver.js:180131:28)
    at Session.executeCommand (/opt/visual-studio-code/resources/app/extensions/node_modules/typescript/lib/tsserver.js:180140:41)
    at Session.onMessage (/opt/visual-studio-code/resources/app/extensions/node_modules/typescript/lib/tsserver.js:180168:35)
    at process.<anonymous> (/opt/visual-studio-code/resources/app/extensions/node_modules/typescript/lib/tsserver.js:184334:31)
    at process.emit (node:events:526:28)
    at emit (node:internal/child_process:938:14)
    at process.processTicksAndRejections (node:internal/process/task_queues:84:21)
	at r.create (/opt/visual-studio-code/resources/app/extensions/typescript-language-features/dist/extension.js:1:511605)
	at d.dispatchResponse (/opt/visual-studio-code/resources/app/extensions/typescript-language-features/dist/extension.js:1:505453)
	at d.dispatchMessage (/opt/visual-studio-code/resources/app/extensions/typescript-language-features/dist/extension.js:1:504321)
	at ChildProcess.<anonymous> (/opt/visual-studio-code/resources/app/extensions/typescript-language-features/dist/extension.js:1:503806)
	at ChildProcess.emit (node:events:526:28)
	at emit (node:internal/child_process:938:14)
	at process.processTicksAndRejections (node:internal/process/task_queues:84:21)
[2022-09-11 22:32:00.165] [renderer1] [error] <semantic> TypeScript Server Error (4.8.2)
No Project.
Error: No Project.
    at Object.ThrowNoProject (/opt/visual-studio-code/resources/app/extensions/node_modules/typescript/lib/tsserver.js:170275:23)
    at ScriptInfo.getDefaultProject (/opt/visual-studio-code/resources/app/extensions/node_modules/typescript/lib/tsserver.js:171118:46)
    at ProjectService.doEnsureDefaultProjectForFile (/opt/visual-studio-code/resources/app/extensions/node_modules/typescript/lib/tsserver.js:174331:48)
    at ProjectService.ensureDefaultProjectForFile (/opt/visual-studio-code/resources/app/extensions/node_modules/typescript/lib/tsserver.js:174326:75)
    at Session.getFileAndProjectWorker (/opt/visual-studio-code/resources/app/extensions/node_modules/typescript/lib/tsserver.js:179244:87)
    at Session.getFileAndProject (/opt/visual-studio-code/resources/app/extensions/node_modules/typescript/lib/tsserver.js:179227:29)
    at Session.getApplicableRefactors (/opt/visual-studio-code/resources/app/extensions/node_modules/typescript/lib/tsserver.js:179750:31)
    at Session.handlers.ts.Map.ts.getEntries._a.<computed> (/opt/visual-studio-code/resources/app/extensions/node_modules/typescript/lib/tsserver.js:178225:61)
    at /opt/visual-studio-code/resources/app/extensions/node_modules/typescript/lib/tsserver.js:180140:96
    at Session.executeWithRequestId (/opt/visual-studio-code/resources/app/extensions/node_modules/typescript/lib/tsserver.js:180131:28)
    at Session.executeCommand (/opt/visual-studio-code/resources/app/extensions/node_modules/typescript/lib/tsserver.js:180140:41)
    at Session.onMessage (/opt/visual-studio-code/resources/app/extensions/node_modules/typescript/lib/tsserver.js:180168:35)
    at process.<anonymous> (/opt/visual-studio-code/resources/app/extensions/node_modules/typescript/lib/tsserver.js:184334:31)
    at process.emit (node:events:526:28)
    at emit (node:internal/child_process:938:14)
    at process.processTicksAndRejections (node:internal/process/task_queues:84:21): Error: <semantic> TypeScript Server Error (4.8.2)
No Project.
Error: No Project.
    at Object.ThrowNoProject (/opt/visual-studio-code/resources/app/extensions/node_modules/typescript/lib/tsserver.js:170275:23)
    at ScriptInfo.getDefaultProject (/opt/visual-studio-code/resources/app/extensions/node_modules/typescript/lib/tsserver.js:171118:46)
    at ProjectService.doEnsureDefaultProjectForFile (/opt/visual-studio-code/resources/app/extensions/node_modules/typescript/lib/tsserver.js:174331:48)
    at ProjectService.ensureDefaultProjectForFile (/opt/visual-studio-code/resources/app/extensions/node_modules/typescript/lib/tsserver.js:174326:75)
    at Session.getFileAndProjectWorker (/opt/visual-studio-code/resources/app/extensions/node_modules/typescript/lib/tsserver.js:179244:87)
    at Session.getFileAndProject (/opt/visual-studio-code/resources/app/extensions/node_modules/typescript/lib/tsserver.js:179227:29)
    at Session.getApplicableRefactors (/opt/visual-studio-code/resources/app/extensions/node_modules/typescript/lib/tsserver.js:179750:31)
    at Session.handlers.ts.Map.ts.getEntries._a.<computed> (/opt/visual-studio-code/resources/app/extensions/node_modules/typescript/lib/tsserver.js:178225:61)
    at /opt/visual-studio-code/resources/app/extensions/node_modules/typescript/lib/tsserver.js:180140:96
    at Session.executeWithRequestId (/opt/visual-studio-code/resources/app/extensions/node_modules/typescript/lib/tsserver.js:180131:28)
    at Session.executeCommand (/opt/visual-studio-code/resources/app/extensions/node_modules/typescript/lib/tsserver.js:180140:41)
    at Session.onMessage (/opt/visual-studio-code/resources/app/extensions/node_modules/typescript/lib/tsserver.js:180168:35)
    at process.<anonymous> (/opt/visual-studio-code/resources/app/extensions/node_modules/typescript/lib/tsserver.js:184334:31)
    at process.emit (node:events:526:28)
    at emit (node:internal/child_process:938:14)
    at process.processTicksAndRejections (node:internal/process/task_queues:84:21)
	at r.create (/opt/visual-studio-code/resources/app/extensions/typescript-language-features/dist/extension.js:1:511605)
	at d.dispatchResponse (/opt/visual-studio-code/resources/app/extensions/typescript-language-features/dist/extension.js:1:505453)
	at d.dispatchMessage (/opt/visual-studio-code/resources/app/extensions/typescript-language-features/dist/extension.js:1:504321)
	at ChildProcess.<anonymous> (/opt/visual-studio-code/resources/app/extensions/typescript-language-features/dist/extension.js:1:503806)
	at ChildProcess.emit (node:events:526:28)
	at emit (node:internal/child_process:938:14)
	at process.processTicksAndRejections (node:internal/process/task_queues:84:21)
