[2022-09-14T21:59:18.650Z] Log level: Info
[2022-09-14T21:59:18.653Z] [info] Validating found git in: git
[2022-09-14T21:59:18.665Z] [info] Using git 2.37.2 from git
[2022-09-14T21:59:18.676Z] > git rev-parse --show-toplevel [3ms]
[2022-09-14T21:59:18.686Z] > git rev-parse --git-dir --git-common-dir [3ms]
[2022-09-14T21:59:18.690Z] [info] Open repository: /home/netoca/work/helix/non-suspicious-repository
[2022-09-14T21:59:18.697Z] > git status -z -uall [1ms]
[2022-09-14T21:59:18.704Z] > git symbolic-ref --short HEAD [1ms]
[2022-09-14T21:59:18.712Z] > git for-each-ref --format=%(refname)%00%(upstream:short)%00%(objectname)%00%(upstream:track)%00%(upstream:remotename)%00%(upstream:remoteref) refs/heads/main refs/remotes/main [1ms]
[2022-09-14T21:59:18.726Z] > git remote --verbose [2ms]
[2022-09-14T21:59:18.727Z] > git for-each-ref --sort -committerdate --format %(refname) %(objectname) %(*objectname) [9ms]
[2022-09-14T21:59:18.739Z] > git status -z -uall [1ms]
[2022-09-14T21:59:18.751Z] > git symbolic-ref --short HEAD [5ms]
[2022-09-14T21:59:18.758Z] > git for-each-ref --format=%(refname)%00%(upstream:short)%00%(objectname)%00%(upstream:track)%00%(upstream:remotename)%00%(upstream:remoteref) refs/heads/main refs/remotes/main [1ms]
[2022-09-14T21:59:18.770Z] > git for-each-ref --sort -committerdate --format %(refname) %(objectname) %(*objectname) [6ms]
[2022-09-14T21:59:18.770Z] > git remote --verbose [1ms]
[2022-09-14T21:59:19.234Z] > git check-ignore -v -z --stdin [1ms]
[2022-09-14T21:59:20.007Z] > git check-ignore -v -z --stdin [2ms]
[2022-09-14T21:59:20.813Z] > git show -s --format=%H%n%aN%n%aE%n%at%n%ct%n%P%n%D%n%B -z MERGE_HEAD [3ms]
[2022-09-14T21:59:20.814Z] > git show -s --format=%H%n%aN%n%aE%n%at%n%ct%n%P%n%D%n%B -z HEAD [10ms]
[2022-09-14T21:59:20.895Z] > git show --textconv :1:actions/users/controller_test.go [32ms]
[2022-09-14T21:59:20.895Z] > git show --textconv :3:actions/users/controller_test.go [24ms]
[2022-09-14T21:59:20.895Z] > git show --textconv :2:actions/users/controller_test.go [18ms]
[2022-09-14T21:59:20.895Z] > git ls-tree -l :3 -- /home/netoca/work/helix/non-suspicious-repository/actions/users/controller_test.go [7ms]
[2022-09-14T21:59:20.895Z] fatal: Not a valid object name :3
[2022-09-14T21:59:20.896Z] > git ls-tree -l :1 -- /home/netoca/work/helix/non-suspicious-repository/actions/users/controller_test.go [13ms]
[2022-09-14T21:59:20.896Z] fatal: Not a valid object name :1
[2022-09-14T21:59:20.897Z] > git ls-tree -l :2 -- /home/netoca/work/helix/non-suspicious-repository/actions/users/controller_test.go [3ms]
[2022-09-14T21:59:20.897Z] fatal: Not a valid object name :2
[2022-09-14T21:59:21.401Z] > git check-ignore -v -z --stdin [1ms]
[2022-09-14T21:59:25.608Z] > git show -s --format=%H%n%aN%n%aE%n%at%n%ct%n%P%n%D%n%B -z MERGE_HEAD [2ms]
[2022-09-14T21:59:25.608Z] > git show -s --format=%H%n%aN%n%aE%n%at%n%ct%n%P%n%D%n%B -z HEAD [5ms]
[2022-09-14T21:59:33.128Z] > git show -s --format=%H%n%aN%n%aE%n%at%n%ct%n%P%n%D%n%B -z MERGE_HEAD [1ms]
[2022-09-14T21:59:33.129Z] > git show -s --format=%H%n%aN%n%aE%n%at%n%ct%n%P%n%D%n%B -z HEAD [6ms]
[2022-09-14T21:59:58.414Z] > git ls-tree -l :2 -- /home/netoca/work/helix/non-suspicious-repository/actions/users/controller_test.go [7ms]
[2022-09-14T21:59:58.414Z] fatal: Not a valid object name :2
[2022-09-14T21:59:58.415Z] > git ls-tree -l :3 -- /home/netoca/work/helix/non-suspicious-repository/actions/users/controller_test.go [15ms]
[2022-09-14T21:59:58.415Z] fatal: Not a valid object name :3
[2022-09-14T21:59:58.415Z] > git status -z -uall [2ms]
[2022-09-14T21:59:58.420Z] > git symbolic-ref --short HEAD [1ms]
[2022-09-14T21:59:58.426Z] > git for-each-ref --format=%(refname)%00%(upstream:short)%00%(objectname)%00%(upstream:track)%00%(upstream:remotename)%00%(upstream:remoteref) refs/heads/main refs/remotes/main [2ms]
[2022-09-14T21:59:58.437Z] > git for-each-ref --sort -committerdate --format %(refname) %(objectname) %(*objectname) [7ms]
[2022-09-14T21:59:58.437Z] > git remote --verbose [1ms]
[2022-09-14T22:00:03.445Z] > git status -z -uall [1ms]
[2022-09-14T22:00:03.452Z] > git symbolic-ref --short HEAD [1ms]
[2022-09-14T22:00:03.457Z] > git for-each-ref --format=%(refname)%00%(upstream:short)%00%(objectname)%00%(upstream:track)%00%(upstream:remotename)%00%(upstream:remoteref) refs/heads/main refs/remotes/main [1ms]
[2022-09-14T22:00:03.468Z] > git remote --verbose [1ms]
[2022-09-14T22:00:03.468Z] > git for-each-ref --sort -committerdate --format %(refname) %(objectname) %(*objectname) [6ms]
[2022-09-14T22:00:13.238Z] > git add -A -- /home/netoca/work/helix/non-suspicious-repository/actions/users/controller_test.go [2ms]
[2022-09-14T22:00:13.244Z] > git status -z -uall [1ms]
[2022-09-14T22:00:13.249Z] > git symbolic-ref --short HEAD [1ms]
[2022-09-14T22:00:13.255Z] > git for-each-ref --format=%(refname)%00%(upstream:short)%00%(objectname)%00%(upstream:track)%00%(upstream:remotename)%00%(upstream:remoteref) refs/heads/main refs/remotes/main [1ms]
[2022-09-14T22:00:13.265Z] > git for-each-ref --sort -committerdate --format %(refname) %(objectname) %(*objectname) [5ms]
[2022-09-14T22:00:13.266Z] > git remote --verbose [1ms]
[2022-09-14T22:00:13.607Z] > git show --textconv :actions/users/controller_test.go [6ms]
[2022-09-14T22:00:13.607Z] > git ls-files --stage -- /home/netoca/work/helix/non-suspicious-repository/actions/users/controller_test.go [1ms]
[2022-09-14T22:00:13.612Z] > git cat-file -s fe13db3189d8b94b30d92cb747dbb42c7266f21c [1ms]
[2022-09-14T22:00:14.318Z] > git status -z -uall [1ms]
[2022-09-14T22:00:14.325Z] > git symbolic-ref --short HEAD [1ms]
[2022-09-14T22:00:14.330Z] > git for-each-ref --format=%(refname)%00%(upstream:short)%00%(objectname)%00%(upstream:track)%00%(upstream:remotename)%00%(upstream:remoteref) refs/heads/main refs/remotes/main [1ms]
[2022-09-14T22:00:14.340Z] > git for-each-ref --sort -committerdate --format %(refname) %(objectname) %(*objectname) [5ms]
[2022-09-14T22:00:14.340Z] > git remote --verbose [1ms]
[2022-09-14T22:00:14.438Z] > git ls-tree -l :2 -- /home/netoca/work/helix/non-suspicious-repository/actions/users/controller_test.go [6ms]
[2022-09-14T22:00:14.438Z] fatal: Not a valid object name :2
[2022-09-14T22:00:14.439Z] > git ls-tree -l :3 -- /home/netoca/work/helix/non-suspicious-repository/actions/users/controller_test.go [10ms]
[2022-09-14T22:00:14.439Z] fatal: Not a valid object name :3
[2022-09-14T22:00:14.439Z] > git ls-tree -l :1 -- /home/netoca/work/helix/non-suspicious-repository/actions/users/controller_test.go [14ms]
[2022-09-14T22:00:14.439Z] fatal: Not a valid object name :1
[2022-09-14T22:00:14.439Z] > git ls-files --stage -- /home/netoca/work/helix/non-suspicious-repository/actions/users/controller_test.go [1ms]
[2022-09-14T22:00:14.447Z] > git cat-file -s fe13db3189d8b94b30d92cb747dbb42c7266f21c [2ms]
[2022-09-14T22:00:14.465Z] > git show --textconv :2:actions/users/controller_test.go [13ms]
[2022-09-14T22:00:14.465Z] > git show --textconv :3:actions/users/controller_test.go [7ms]
[2022-09-14T22:00:14.465Z] > git show --textconv :1:actions/users/controller_test.go [1ms]
[2022-09-14T22:00:14.560Z] > git show --textconv :actions/users/controller_test.go [1ms]
[2022-09-14T22:00:15.440Z] > git show --textconv HEAD:actions/users/controller_test.go [16ms]
[2022-09-14T22:00:15.440Z] > git show --textconv :actions/users/controller_test.go [10ms]
[2022-09-14T22:00:15.440Z] > git ls-tree -l HEAD -- /home/netoca/work/helix/non-suspicious-repository/actions/users/controller_test.go [6ms]
[2022-09-14T22:00:15.441Z] > git ls-files --stage -- /home/netoca/work/helix/non-suspicious-repository/actions/users/controller_test.go [2ms]
[2022-09-14T22:00:15.447Z] > git cat-file -s fe13db3189d8b94b30d92cb747dbb42c7266f21c [1ms]
[2022-09-14T22:00:15.947Z] > git check-ignore -v -z --stdin [1ms]
[2022-09-14T22:00:19.349Z] > git status -z -uall [1ms]
[2022-09-14T22:00:19.357Z] > git symbolic-ref --short HEAD [1ms]
[2022-09-14T22:00:19.363Z] > git for-each-ref --format=%(refname)%00%(upstream:short)%00%(objectname)%00%(upstream:track)%00%(upstream:remotename)%00%(upstream:remoteref) refs/heads/main refs/remotes/main [1ms]
[2022-09-14T22:00:19.374Z] > git for-each-ref --sort -committerdate --format %(refname) %(objectname) %(*objectname) [6ms]
[2022-09-14T22:00:19.374Z] > git remote --verbose [1ms]
[2022-09-14T22:00:23.918Z] > git ls-tree -l HEAD -- /home/netoca/work/helix/non-suspicious-repository/actions/users/controller_test.go [4ms]
[2022-09-14T22:00:23.919Z] > git ls-files --stage -- /home/netoca/work/helix/non-suspicious-repository/actions/users/controller_test.go [1ms]
[2022-09-14T22:00:23.925Z] > git cat-file -s fe13db3189d8b94b30d92cb747dbb42c7266f21c [2ms]
[2022-09-14T22:00:25.037Z] > git ls-tree -l HEAD -- /home/netoca/work/helix/non-suspicious-repository/actions/users/controller_test.go [5ms]
[2022-09-14T22:00:25.037Z] > git ls-files --stage -- /home/netoca/work/helix/non-suspicious-repository/actions/users/controller_test.go [1ms]
[2022-09-14T22:00:25.044Z] > git cat-file -s fe13db3189d8b94b30d92cb747dbb42c7266f21c [1ms]
[2022-09-14T22:00:26.779Z] > git show --textconv :actions/users/controller_test.go [5ms]
[2022-09-14T22:00:26.780Z] > git ls-files --stage -- /home/netoca/work/helix/non-suspicious-repository/actions/users/controller_test.go [1ms]
[2022-09-14T22:00:26.786Z] > git cat-file -s fe13db3189d8b94b30d92cb747dbb42c7266f21c [1ms]
[2022-09-14T22:00:32.104Z] > git status -z -uall [1ms]
[2022-09-14T22:00:32.111Z] > git symbolic-ref --short HEAD [0ms]
[2022-09-14T22:00:32.119Z] > git for-each-ref --format=%(refname)%00%(upstream:short)%00%(objectname)%00%(upstream:track)%00%(upstream:remotename)%00%(upstream:remoteref) refs/heads/main refs/remotes/main [2ms]
[2022-09-14T22:00:32.133Z] > git for-each-ref --sort -committerdate --format %(refname) %(objectname) %(*objectname) [8ms]
[2022-09-14T22:00:32.133Z] > git remote --verbose [2ms]
[2022-09-14T22:00:34.686Z] > git add -A -- /home/netoca/work/helix/non-suspicious-repository/actions/users/controller.go [8ms]
[2022-09-14T22:00:34.693Z] > git status -z -uall [2ms]
[2022-09-14T22:00:34.700Z] > git symbolic-ref --short HEAD [1ms]
[2022-09-14T22:00:34.708Z] > git for-each-ref --format=%(refname)%00%(upstream:short)%00%(objectname)%00%(upstream:track)%00%(upstream:remotename)%00%(upstream:remoteref) refs/heads/main refs/remotes/main [2ms]
[2022-09-14T22:00:34.718Z] > git for-each-ref --sort -committerdate --format %(refname) %(objectname) %(*objectname) [6ms]
[2022-09-14T22:00:34.719Z] > git remote --verbose [1ms]
[2022-09-14T22:00:35.077Z] > git show --textconv :actions/users/controller.go [5ms]
[2022-09-14T22:00:35.078Z] > git ls-files --stage -- /home/netoca/work/helix/non-suspicious-repository/actions/users/controller.go [1ms]
[2022-09-14T22:00:35.082Z] > git cat-file -s d37106d9546859a18b93095ea837fdd5092289dc [0ms]
[2022-09-14T22:00:35.458Z] > git show -s --format=%H%n%aN%n%aE%n%at%n%ct%n%P%n%D%n%B -z HEAD [4ms]
[2022-09-14T22:00:35.458Z] > git show -s --format=%H%n%aN%n%aE%n%at%n%ct%n%P%n%D%n%B -z MERGE_HEAD [1ms]
[2022-09-14T22:00:35.512Z] > git show --textconv :1:actions/users/service.go [22ms]
[2022-09-14T22:00:35.512Z] > git show --textconv :3:actions/users/service.go [16ms]
[2022-09-14T22:00:35.512Z] > git show --textconv :2:actions/users/service.go [11ms]
[2022-09-14T22:00:35.512Z] > git ls-tree -l :3 -- /home/netoca/work/helix/non-suspicious-repository/actions/users/service.go [5ms]
[2022-09-14T22:00:35.512Z] fatal: Not a valid object name :3
[2022-09-14T22:00:35.512Z] > git ls-tree -l :1 -- /home/netoca/work/helix/non-suspicious-repository/actions/users/service.go [7ms]
[2022-09-14T22:00:35.512Z] fatal: Not a valid object name :1
[2022-09-14T22:00:35.513Z] > git ls-tree -l :2 -- /home/netoca/work/helix/non-suspicious-repository/actions/users/service.go [2ms]
[2022-09-14T22:00:35.513Z] fatal: Not a valid object name :2
[2022-09-14T22:00:35.854Z] > git ls-tree -l :3 -- /home/netoca/work/helix/non-suspicious-repository/actions/users/service.go [5ms]
[2022-09-14T22:00:35.854Z] fatal: Not a valid object name :3
[2022-09-14T22:00:35.854Z] > git ls-tree -l :1 -- /home/netoca/work/helix/non-suspicious-repository/actions/users/service.go [10ms]
[2022-09-14T22:00:35.854Z] fatal: Not a valid object name :1
[2022-09-14T22:00:35.854Z] > git ls-tree -l :2 -- /home/netoca/work/helix/non-suspicious-repository/actions/users/service.go [1ms]
[2022-09-14T22:00:35.854Z] fatal: Not a valid object name :2
[2022-09-14T22:00:35.868Z] > git show --textconv :3:actions/users/service.go [8ms]
[2022-09-14T22:00:35.868Z] > git show --textconv :1:actions/users/service.go [4ms]
[2022-09-14T22:00:35.868Z] > git show --textconv :2:actions/users/service.go [1ms]
[2022-09-14T22:00:37.143Z] > git status -z -uall [1ms]
[2022-09-14T22:00:37.149Z] > git symbolic-ref --short HEAD [1ms]
[2022-09-14T22:00:37.154Z] > git for-each-ref --format=%(refname)%00%(upstream:short)%00%(objectname)%00%(upstream:track)%00%(upstream:remotename)%00%(upstream:remoteref) refs/heads/main refs/remotes/main [1ms]
[2022-09-14T22:00:37.162Z] > git for-each-ref --sort -committerdate --format %(refname) %(objectname) %(*objectname) [5ms]
[2022-09-14T22:00:37.163Z] > git remote --verbose [1ms]
[2022-09-14T22:00:39.603Z] > git ls-tree -l :3 -- /home/netoca/work/helix/non-suspicious-repository/actions/users/service.go [7ms]
[2022-09-14T22:00:39.603Z] fatal: Not a valid object name :3
[2022-09-14T22:00:39.604Z] > git ls-tree -l :2 -- /home/netoca/work/helix/non-suspicious-repository/actions/users/service.go [1ms]
[2022-09-14T22:00:39.604Z] fatal: Not a valid object name :2
[2022-09-14T22:00:40.693Z] > git ls-tree -l :3 -- /home/netoca/work/helix/non-suspicious-repository/actions/users/service.go [7ms]
[2022-09-14T22:00:40.694Z] fatal: Not a valid object name :3
[2022-09-14T22:00:40.694Z] > git ls-tree -l :2 -- /home/netoca/work/helix/non-suspicious-repository/actions/users/service.go [1ms]
[2022-09-14T22:00:40.694Z] fatal: Not a valid object name :2
[2022-09-14T22:00:41.504Z] > git show -s --format=%H%n%aN%n%aE%n%at%n%ct%n%P%n%D%n%B -z HEAD [7ms]
[2022-09-14T22:00:41.504Z] > git show -s --format=%H%n%aN%n%aE%n%at%n%ct%n%P%n%D%n%B -z MERGE_HEAD [1ms]
[2022-09-14T22:00:42.084Z] > git show -s --format=%H%n%aN%n%aE%n%at%n%ct%n%P%n%D%n%B -z HEAD [4ms]
[2022-09-14T22:00:42.084Z] > git show -s --format=%H%n%aN%n%aE%n%at%n%ct%n%P%n%D%n%B -z MERGE_HEAD [1ms]
[2022-09-14T22:00:42.172Z] > git status -z -uall [1ms]
[2022-09-14T22:00:42.178Z] > git symbolic-ref --short HEAD [1ms]
[2022-09-14T22:00:42.183Z] > git for-each-ref --format=%(refname)%00%(upstream:short)%00%(objectname)%00%(upstream:track)%00%(upstream:remotename)%00%(upstream:remoteref) refs/heads/main refs/remotes/main [1ms]
[2022-09-14T22:00:42.192Z] > git for-each-ref --sort -committerdate --format %(refname) %(objectname) %(*objectname) [3ms]
[2022-09-14T22:00:42.193Z] > git remote --verbose [1ms]
[2022-09-14T22:00:42.250Z] > git show -s --format=%H%n%aN%n%aE%n%at%n%ct%n%P%n%D%n%B -z HEAD [4ms]
[2022-09-14T22:00:42.251Z] > git show -s --format=%H%n%aN%n%aE%n%at%n%ct%n%P%n%D%n%B -z MERGE_HEAD [2ms]
[2022-09-14T22:00:48.872Z] > git ls-tree -l :3 -- /home/netoca/work/helix/non-suspicious-repository/actions/users/service.go [7ms]
[2022-09-14T22:00:48.872Z] fatal: Not a valid object name :3
[2022-09-14T22:00:48.872Z] > git ls-tree -l :2 -- /home/netoca/work/helix/non-suspicious-repository/actions/users/service.go [1ms]
[2022-09-14T22:00:48.872Z] fatal: Not a valid object name :2
[2022-09-14T22:00:51.388Z] > git ls-tree -l :3 -- /home/netoca/work/helix/non-suspicious-repository/actions/users/service.go [9ms]
[2022-09-14T22:00:51.388Z] fatal: Not a valid object name :3
[2022-09-14T22:00:51.388Z] > git ls-tree -l :2 -- /home/netoca/work/helix/non-suspicious-repository/actions/users/service.go [1ms]
[2022-09-14T22:00:51.388Z] fatal: Not a valid object name :2
[2022-09-14T22:00:51.956Z] > git ls-tree -l :3 -- /home/netoca/work/helix/non-suspicious-repository/actions/users/service.go [8ms]
[2022-09-14T22:00:51.956Z] fatal: Not a valid object name :3
[2022-09-14T22:00:51.957Z] > git ls-tree -l :2 -- /home/netoca/work/helix/non-suspicious-repository/actions/users/service.go [1ms]
[2022-09-14T22:00:51.957Z] fatal: Not a valid object name :2
[2022-09-14T22:00:54.152Z] > git add -A -- /home/netoca/work/helix/non-suspicious-repository/actions/users/service.go [1ms]
[2022-09-14T22:00:54.159Z] > git status -z -uall [2ms]
[2022-09-14T22:00:54.165Z] > git symbolic-ref --short HEAD [1ms]
[2022-09-14T22:00:54.171Z] > git for-each-ref --format=%(refname)%00%(upstream:short)%00%(objectname)%00%(upstream:track)%00%(upstream:remotename)%00%(upstream:remoteref) refs/heads/main refs/remotes/main [1ms]
[2022-09-14T22:00:54.183Z] > git for-each-ref --sort -committerdate --format %(refname) %(objectname) %(*objectname) [6ms]
[2022-09-14T22:00:54.183Z] > git remote --verbose [0ms]
[2022-09-14T22:00:55.218Z] > git status -z -uall [1ms]
[2022-09-14T22:00:55.223Z] > git symbolic-ref --short HEAD [1ms]
[2022-09-14T22:00:55.229Z] > git for-each-ref --format=%(refname)%00%(upstream:short)%00%(objectname)%00%(upstream:track)%00%(upstream:remotename)%00%(upstream:remoteref) refs/heads/main refs/remotes/main [1ms]
[2022-09-14T22:00:55.237Z] > git for-each-ref --sort -committerdate --format %(refname) %(objectname) %(*objectname) [3ms]
[2022-09-14T22:00:55.238Z] > git remote --verbose [1ms]
[2022-09-14T22:00:55.396Z] > git show --textconv HEAD:actions/users/controller_test.go [21ms]
[2022-09-14T22:00:55.396Z] > git show --textconv :actions/users/controller_test.go [14ms]
[2022-09-14T22:00:55.396Z] > git ls-tree -l HEAD -- /home/netoca/work/helix/non-suspicious-repository/actions/users/controller_test.go [7ms]
[2022-09-14T22:00:55.397Z] > git ls-files --stage -- /home/netoca/work/helix/non-suspicious-repository/actions/users/controller_test.go [2ms]
[2022-09-14T22:00:55.403Z] > git cat-file -s fe13db3189d8b94b30d92cb747dbb42c7266f21c [1ms]
[2022-09-14T22:00:56.413Z] > git show --textconv HEAD:actions/users/controller.go [16ms]
[2022-09-14T22:00:56.413Z] > git show --textconv :actions/users/controller.go [8ms]
[2022-09-14T22:00:56.413Z] > git ls-tree -l HEAD -- /home/netoca/work/helix/non-suspicious-repository/actions/users/controller.go [4ms]
[2022-09-14T22:00:56.414Z] > git ls-files --stage -- /home/netoca/work/helix/non-suspicious-repository/actions/users/controller.go [2ms]
[2022-09-14T22:00:56.420Z] > git cat-file -s d37106d9546859a18b93095ea837fdd5092289dc [1ms]
[2022-09-14T22:00:56.919Z] > git check-ignore -v -z --stdin [1ms]
[2022-09-14T22:01:00.248Z] > git status -z -uall [2ms]
[2022-09-14T22:01:00.254Z] > git symbolic-ref --short HEAD [1ms]
[2022-09-14T22:01:00.260Z] > git for-each-ref --format=%(refname)%00%(upstream:short)%00%(objectname)%00%(upstream:track)%00%(upstream:remotename)%00%(upstream:remoteref) refs/heads/main refs/remotes/main [1ms]
[2022-09-14T22:01:00.272Z] > git for-each-ref --sort -committerdate --format %(refname) %(objectname) %(*objectname) [6ms]
[2022-09-14T22:01:00.273Z] > git remote --verbose [2ms]
[2022-09-14T22:01:07.381Z] > git show --textconv HEAD:actions/users/service.go [18ms]
[2022-09-14T22:01:07.381Z] > git show --textconv :actions/users/service.go [11ms]
[2022-09-14T22:01:07.381Z] > git ls-tree -l HEAD -- /home/netoca/work/helix/non-suspicious-repository/actions/users/service.go [5ms]
[2022-09-14T22:01:07.382Z] > git ls-files --stage -- /home/netoca/work/helix/non-suspicious-repository/actions/users/service.go [2ms]
[2022-09-14T22:01:07.389Z] > git cat-file -s 2da8a2bdfcf2534842573b7c8e45a5003cdcd388 [1ms]
[2022-09-14T22:01:07.887Z] > git check-ignore -v -z --stdin [1ms]
[2022-09-14T22:01:08.562Z] > git show --textconv HEAD:actions/users/controller.go [19ms]
[2022-09-14T22:01:08.562Z] > git show --textconv :actions/users/controller.go [11ms]
[2022-09-14T22:01:08.562Z] > git ls-tree -l HEAD -- /home/netoca/work/helix/non-suspicious-repository/actions/users/controller.go [5ms]
[2022-09-14T22:01:08.562Z] > git ls-files --stage -- /home/netoca/work/helix/non-suspicious-repository/actions/users/controller.go [1ms]
[2022-09-14T22:01:08.567Z] > git cat-file -s d37106d9546859a18b93095ea837fdd5092289dc [1ms]
