[2022-09-06T20:22:51.128Z] Log level: Info
[2022-09-06T20:22:51.131Z] [info] Validating found git in: git
[2022-09-06T20:22:51.143Z] [info] Using git 2.37.2 from git
[2022-09-06T20:22:51.155Z] > git rev-parse --show-toplevel [4ms]
[2022-09-06T20:22:51.155Z] fatal: not a git repository (or any of the parent directories): .git
[2022-09-06T20:22:51.407Z] > git rev-parse --show-toplevel [246ms]
[2022-09-06T20:22:51.407Z] fatal: not a git repository (or any of the parent directories): .git
[2022-09-06T20:22:51.429Z] > git rev-parse --show-toplevel [15ms]
[2022-09-06T20:22:51.451Z] > git rev-parse --git-dir --git-common-dir [16ms]
[2022-09-06T20:22:51.454Z] [info] Open repository: /home/netoca/projects/interactive-card-form
[2022-09-06T20:22:51.470Z] > git status -z -uall [10ms]
[2022-09-06T20:22:51.480Z] > git rev-parse --show-toplevel [13ms]
[2022-09-06T20:22:51.480Z] fatal: not a git repository (or any of the parent directories): .git
[2022-09-06T20:22:51.489Z] > git symbolic-ref --short HEAD [11ms]
[2022-09-06T20:22:51.498Z] > git rev-parse --show-toplevel [11ms]
[2022-09-06T20:22:51.505Z] > git for-each-ref --format=%(refname)%00%(upstream:short)%00%(objectname)%00%(upstream:track)%00%(upstream:remotename)%00%(upstream:remoteref) refs/heads/master refs/remotes/master [8ms]
[2022-09-06T20:22:51.522Z] > git remote --verbose [3ms]
[2022-09-06T20:22:51.522Z] > git for-each-ref --sort -committerdate --format %(refname) %(objectname) %(*objectname) [10ms]
[2022-09-06T20:22:51.525Z] > git rev-parse --git-dir --git-common-dir [21ms]
[2022-09-06T20:22:51.526Z] [info] Open repository: /home/netoca/projects/test
[2022-09-06T20:22:51.555Z] > git status -z -uall [21ms]
[2022-09-06T20:22:51.575Z] > git symbolic-ref --short HEAD [14ms]
[2022-09-06T20:22:51.584Z] > git config --get commit.template [35ms]
[2022-09-06T20:22:51.594Z] > git rev-parse --show-toplevel [52ms]
[2022-09-06T20:22:51.594Z] fatal: not a git repository (or any of the parent directories): .git
[2022-09-06T20:22:51.601Z] > git status -z -uall [8ms]
[2022-09-06T20:22:51.609Z] > git for-each-ref --format=%(refname)%00%(upstream:short)%00%(objectname)%00%(upstream:track)%00%(upstream:remotename)%00%(upstream:remoteref) refs/heads/master refs/remotes/master [25ms]
[2022-09-06T20:22:51.626Z] > git remote --verbose [4ms]
[2022-09-06T20:22:51.626Z] > git for-each-ref --sort -committerdate --format %(refname) %(objectname) %(*objectname) [9ms]
[2022-09-06T20:22:51.629Z] > git symbolic-ref --short HEAD [20ms]
[2022-09-06T20:22:51.651Z] > git for-each-ref --format=%(refname)%00%(upstream:short)%00%(objectname)%00%(upstream:track)%00%(upstream:remotename)%00%(upstream:remoteref) refs/heads/master refs/remotes/master [15ms]
[2022-09-06T20:22:51.678Z] > git for-each-ref --sort -committerdate --format %(refname) %(objectname) %(*objectname) [19ms]
[2022-09-06T20:22:51.679Z] > git config --get commit.template [30ms]
[2022-09-06T20:22:51.710Z] > git rev-parse --show-toplevel [33ms]
[2022-09-06T20:22:51.710Z] fatal: not a git repository (or any of the parent directories): .git
[2022-09-06T20:22:51.710Z] > git remote --verbose [45ms]
[2022-09-06T20:22:51.730Z] > git status -z -uall [43ms]
[2022-09-06T20:22:51.738Z] > git config --get commit.template [20ms]
[2022-09-06T20:22:51.739Z] > git symbolic-ref --short HEAD [2ms]
[2022-09-06T20:22:51.746Z] > git for-each-ref --format=%(refname)%00%(upstream:short)%00%(objectname)%00%(upstream:track)%00%(upstream:remotename)%00%(upstream:remoteref) refs/heads/master refs/remotes/master [1ms]
[2022-09-06T20:22:51.760Z] > git for-each-ref --sort -committerdate --format %(refname) %(objectname) %(*objectname) [7ms]
[2022-09-06T20:22:51.760Z] > git remote --verbose [1ms]
[2022-09-06T20:22:51.769Z] > git config --get commit.template [1ms]
[2022-09-06T20:22:52.143Z] > git check-ignore -v -z --stdin [10ms]
[2022-09-06T20:22:52.143Z] > git check-ignore -v -z --stdin [1ms]
[2022-09-06T20:23:00.851Z] > git check-ignore -v -z --stdin [1ms]
[2022-09-06T20:23:01.855Z] > git check-ignore -v -z --stdin [1ms]
[2022-09-06T20:23:03.205Z] > git check-ignore -v -z --stdin [0ms]
[2022-09-06T20:23:03.809Z] > git show --textconv :src/components/CreditCardForm.tsx [13ms]
[2022-09-06T20:23:03.810Z] > git ls-files --stage -- /home/netoca/projects/interactive-card-form/src/components/CreditCardForm.tsx [5ms]
[2022-09-06T20:23:05.979Z] > git status -z -uall [1ms]
[2022-09-06T20:23:05.985Z] > git symbolic-ref --short HEAD [1ms]
[2022-09-06T20:23:05.991Z] > git for-each-ref --format=%(refname)%00%(upstream:short)%00%(objectname)%00%(upstream:track)%00%(upstream:remotename)%00%(upstream:remoteref) refs/heads/master refs/remotes/master [0ms]
[2022-09-06T20:23:06.005Z] > git for-each-ref --sort -committerdate --format %(refname) %(objectname) %(*objectname) [8ms]
[2022-09-06T20:23:06.005Z] > git remote --verbose [1ms]
[2022-09-06T20:23:06.014Z] > git config --get commit.template [1ms]
[2022-09-06T20:23:16.700Z] > git status -z -uall [1ms]
[2022-09-06T20:23:16.706Z] > git symbolic-ref --short HEAD [0ms]
[2022-09-06T20:23:16.713Z] > git for-each-ref --format=%(refname)%00%(upstream:short)%00%(objectname)%00%(upstream:track)%00%(upstream:remotename)%00%(upstream:remoteref) refs/heads/master refs/remotes/master [0ms]
[2022-09-06T20:23:16.725Z] > git for-each-ref --sort -committerdate --format %(refname) %(objectname) %(*objectname) [6ms]
[2022-09-06T20:23:16.725Z] > git remote --verbose [1ms]
[2022-09-06T20:23:16.732Z] > git config --get commit.template [0ms]
[2022-09-06T20:23:23.205Z] > git status -z -uall [2ms]
[2022-09-06T20:23:23.213Z] > git symbolic-ref --short HEAD [3ms]
[2022-09-06T20:23:23.222Z] > git for-each-ref --format=%(refname)%00%(upstream:short)%00%(objectname)%00%(upstream:track)%00%(upstream:remotename)%00%(upstream:remoteref) refs/heads/master refs/remotes/master [3ms]
[2022-09-06T20:23:23.235Z] > git remote --verbose [0ms]
[2022-09-06T20:23:23.236Z] > git for-each-ref --sort -committerdate --format %(refname) %(objectname) %(*objectname) [7ms]
[2022-09-06T20:23:23.244Z] > git config --get commit.template [1ms]
[2022-09-06T20:23:28.252Z] > git status -z -uall [1ms]
[2022-09-06T20:23:28.258Z] > git symbolic-ref --short HEAD [1ms]
[2022-09-06T20:23:28.263Z] > git for-each-ref --format=%(refname)%00%(upstream:short)%00%(objectname)%00%(upstream:track)%00%(upstream:remotename)%00%(upstream:remoteref) refs/heads/master refs/remotes/master [1ms]
[2022-09-06T20:23:28.272Z] > git remote --verbose [1ms]
[2022-09-06T20:23:28.272Z] > git for-each-ref --sort -committerdate --format %(refname) %(objectname) %(*objectname) [5ms]
[2022-09-06T20:23:28.282Z] > git config --get commit.template [3ms]
[2022-09-06T20:23:34.274Z] > git status -z -uall [1ms]
[2022-09-06T20:23:34.280Z] > git symbolic-ref --short HEAD [0ms]
[2022-09-06T20:23:34.284Z] > git for-each-ref --format=%(refname)%00%(upstream:short)%00%(objectname)%00%(upstream:track)%00%(upstream:remotename)%00%(upstream:remoteref) refs/heads/master refs/remotes/master [1ms]
[2022-09-06T20:23:34.299Z] > git remote --verbose [1ms]
[2022-09-06T20:23:34.300Z] > git for-each-ref --sort -committerdate --format %(refname) %(objectname) %(*objectname) [9ms]
[2022-09-06T20:23:34.308Z] > git config --get commit.template [1ms]
[2022-09-06T20:23:50.601Z] > git show --textconv :src/index.tsx [9ms]
[2022-09-06T20:23:50.602Z] > git ls-files --stage -- /home/netoca/projects/interactive-card-form/src/index.tsx [1ms]
[2022-09-06T20:23:50.609Z] > git cat-file -s 032464fb6ec40a523899b8c8a593242f3108a420 [0ms]
[2022-09-06T20:23:54.215Z] > git show --textconv :src/react-app-env.d.ts [6ms]
[2022-09-06T20:23:54.216Z] > git ls-files --stage -- /home/netoca/projects/interactive-card-form/src/react-app-env.d.ts [1ms]
[2022-09-06T20:23:54.222Z] > git cat-file -s 6431bc5fc6b2c932dfe5d0418fc667b86c18b9fc [2ms]
[2022-09-06T20:23:54.874Z] > git show --textconv :src/App.tsx [6ms]
[2022-09-06T20:23:54.875Z] > git ls-files --stage -- /home/netoca/projects/interactive-card-form/src/App.tsx [1ms]
[2022-09-06T20:23:54.881Z] > git cat-file -s a53698aab3c66049c61980112dd0109dd2cd0845 [1ms]
[2022-09-06T20:24:03.206Z] > git show --textconv :tsconfig.json [9ms]
[2022-09-06T20:24:03.207Z] > git ls-files --stage -- /home/netoca/projects/interactive-card-form/tsconfig.json [1ms]
[2022-09-06T20:24:03.218Z] > git cat-file -s a273b0cfc0e965c35524e3cd0d3574cbe1ad2d0d [6ms]
[2022-09-06T20:24:04.493Z] > git show --textconv :src/components/CreditCardForm.tsx [6ms]
[2022-09-06T20:24:04.494Z] > git ls-files --stage -- /home/netoca/projects/interactive-card-form/src/components/CreditCardForm.tsx [1ms]
[2022-09-06T20:24:49.797Z] > git rev-parse --show-toplevel [1ms]
[2022-09-06T20:24:49.797Z] fatal: not a git repository (or any of the parent directories): .git
[2022-09-06T20:24:51.967Z] > git rev-parse --show-toplevel [3ms]
[2022-09-06T20:24:51.967Z] fatal: not a git repository (or any of the parent directories): .git
[2022-09-06T20:25:00.574Z] > git check-ignore -v -z --stdin [1ms]
[2022-09-06T20:25:01.096Z] > git status -z -uall [1ms]
[2022-09-06T20:25:01.102Z] > git symbolic-ref --short HEAD [0ms]
[2022-09-06T20:25:01.108Z] > git for-each-ref --format=%(refname)%00%(upstream:short)%00%(objectname)%00%(upstream:track)%00%(upstream:remotename)%00%(upstream:remoteref) refs/heads/master refs/remotes/master [1ms]
[2022-09-06T20:25:01.117Z] > git for-each-ref --sort -committerdate --format %(refname) %(objectname) %(*objectname) [5ms]
[2022-09-06T20:25:01.117Z] > git remote --verbose [1ms]
[2022-09-06T20:25:01.124Z] > git config --get commit.template [1ms]
[2022-09-06T20:25:01.376Z] > git check-ignore -v -z --stdin [1ms]
[2022-09-06T20:25:05.642Z] > git check-ignore -v -z --stdin [1ms]
[2022-09-06T20:25:06.260Z] > git status -z -uall [1ms]
[2022-09-06T20:25:06.266Z] > git symbolic-ref --short HEAD [1ms]
[2022-09-06T20:25:06.273Z] > git for-each-ref --format=%(refname)%00%(upstream:short)%00%(objectname)%00%(upstream:track)%00%(upstream:remotename)%00%(upstream:remoteref) refs/heads/master refs/remotes/master [1ms]
[2022-09-06T20:25:06.283Z] > git for-each-ref --sort -committerdate --format %(refname) %(objectname) %(*objectname) [6ms]
[2022-09-06T20:25:06.283Z] > git remote --verbose [1ms]
[2022-09-06T20:25:06.291Z] > git config --get commit.template [1ms]
[2022-09-06T20:25:11.780Z] > git status -z -uall [2ms]
[2022-09-06T20:25:11.788Z] > git symbolic-ref --short HEAD [1ms]
[2022-09-06T20:25:11.796Z] > git for-each-ref --format=%(refname)%00%(upstream:short)%00%(objectname)%00%(upstream:track)%00%(upstream:remotename)%00%(upstream:remoteref) refs/heads/master refs/remotes/master [1ms]
[2022-09-06T20:25:11.810Z] > git for-each-ref --sort -committerdate --format %(refname) %(objectname) %(*objectname) [7ms]
[2022-09-06T20:25:11.810Z] > git remote --verbose [1ms]
[2022-09-06T20:25:11.818Z] > git config --get commit.template [1ms]
[2022-09-06T20:25:12.823Z] > git show --textconv :public/index.html [8ms]
[2022-09-06T20:25:12.823Z] > git ls-files --stage -- /home/netoca/projects/interactive-card-form/public/index.html [1ms]
[2022-09-06T20:25:12.829Z] > git cat-file -s aa069f27cbd9d53394428171c3989fd03db73c76 [1ms]
[2022-09-06T20:25:16.826Z] > git status -z -uall [1ms]
[2022-09-06T20:25:16.833Z] > git symbolic-ref --short HEAD [1ms]
[2022-09-06T20:25:16.838Z] > git for-each-ref --format=%(refname)%00%(upstream:short)%00%(objectname)%00%(upstream:track)%00%(upstream:remotename)%00%(upstream:remoteref) refs/heads/master refs/remotes/master [1ms]
[2022-09-06T20:25:16.851Z] > git remote --verbose [1ms]
[2022-09-06T20:25:16.851Z] > git for-each-ref --sort -committerdate --format %(refname) %(objectname) %(*objectname) [8ms]
[2022-09-06T20:25:16.858Z] > git config --get commit.template [1ms]
[2022-09-06T20:25:23.444Z] > git check-ignore -v -z --stdin [1ms]
[2022-09-06T20:25:24.031Z] > git status -z -uall [1ms]
[2022-09-06T20:25:24.037Z] > git symbolic-ref --short HEAD [1ms]
[2022-09-06T20:25:24.043Z] > git for-each-ref --format=%(refname)%00%(upstream:short)%00%(objectname)%00%(upstream:track)%00%(upstream:remotename)%00%(upstream:remoteref) refs/heads/master refs/remotes/master [0ms]
[2022-09-06T20:25:24.055Z] > git remote --verbose [1ms]
[2022-09-06T20:25:24.055Z] > git for-each-ref --sort -committerdate --format %(refname) %(objectname) %(*objectname) [6ms]
[2022-09-06T20:25:24.062Z] > git config --get commit.template [1ms]
[2022-09-06T20:25:25.417Z] > git check-ignore -v -z --stdin [1ms]
[2022-09-06T20:25:29.071Z] > git status -z -uall [1ms]
[2022-09-06T20:25:29.078Z] > git symbolic-ref --short HEAD [1ms]
[2022-09-06T20:25:29.084Z] > git for-each-ref --format=%(refname)%00%(upstream:short)%00%(objectname)%00%(upstream:track)%00%(upstream:remotename)%00%(upstream:remoteref) refs/heads/master refs/remotes/master [1ms]
[2022-09-06T20:25:29.097Z] > git for-each-ref --sort -committerdate --format %(refname) %(objectname) %(*objectname) [7ms]
[2022-09-06T20:25:29.097Z] > git remote --verbose [1ms]
[2022-09-06T20:25:29.106Z] > git config --get commit.template [2ms]
[2022-09-06T20:25:34.702Z] > git status -z -uall [2ms]
[2022-09-06T20:25:34.708Z] > git symbolic-ref --short HEAD [1ms]
[2022-09-06T20:25:34.713Z] > git for-each-ref --format=%(refname)%00%(upstream:short)%00%(objectname)%00%(upstream:track)%00%(upstream:remotename)%00%(upstream:remoteref) refs/heads/master refs/remotes/master [0ms]
[2022-09-06T20:25:34.723Z] > git for-each-ref --sort -committerdate --format %(refname) %(objectname) %(*objectname) [4ms]
[2022-09-06T20:25:34.723Z] > git remote --verbose [1ms]
[2022-09-06T20:25:34.731Z] > git config --get commit.template [1ms]
[2022-09-06T20:25:36.375Z] > git show --textconv :src/components/CreditCardForm.tsx [7ms]
[2022-09-06T20:25:36.376Z] > git ls-files --stage -- /home/netoca/projects/interactive-card-form/src/components/CreditCardForm.tsx [2ms]
[2022-09-06T20:26:16.251Z] > git rev-parse --show-toplevel [3ms]
[2022-09-06T20:26:16.251Z] fatal: not a git repository (or any of the parent directories): .git
[2022-09-06T20:26:21.758Z] > git show --textconv :src/components/CreditCardForm.tsx [7ms]
[2022-09-06T20:26:21.758Z] > git ls-files --stage -- /home/netoca/projects/interactive-card-form/src/components/CreditCardForm.tsx [1ms]
[2022-09-06T20:26:23.659Z] > git show --textconv :src/components/form.css [8ms]
[2022-09-06T20:26:23.660Z] > git ls-files --stage -- /home/netoca/projects/interactive-card-form/src/components/form.css [2ms]
[2022-09-06T20:26:36.509Z] > git rev-parse --show-toplevel [1ms]
[2022-09-06T20:26:36.509Z] fatal: not a git repository (or any of the parent directories): .git
[2022-09-06T20:26:38.978Z] > git show --textconv :src/components/CreditCardForm.tsx [7ms]
[2022-09-06T20:26:38.978Z] > git ls-files --stage -- /home/netoca/projects/interactive-card-form/src/components/CreditCardForm.tsx [1ms]
[2022-09-06T20:26:54.327Z] > git show --textconv :src/components/CreditCardForm.tsx [8ms]
[2022-09-06T20:26:54.328Z] > git ls-files --stage -- /home/netoca/projects/interactive-card-form/src/components/CreditCardForm.tsx [1ms]
[2022-09-06T20:26:58.710Z] > git show --textconv :src/components/CreditCardForm.tsx [6ms]
[2022-09-06T20:26:58.710Z] > git ls-files --stage -- /home/netoca/projects/interactive-card-form/src/components/CreditCardForm.tsx [1ms]
[2022-09-06T20:27:01.663Z] > git show --textconv :src/components/CreditCardForm.tsx [6ms]
[2022-09-06T20:27:01.664Z] > git ls-files --stage -- /home/netoca/projects/interactive-card-form/src/components/CreditCardForm.tsx [1ms]
[2022-09-06T20:27:03.576Z] > git show --textconv :src/components/CreditCardForm.tsx [9ms]
[2022-09-06T20:27:03.577Z] > git ls-files --stage -- /home/netoca/projects/interactive-card-form/src/components/CreditCardForm.tsx [1ms]
[2022-09-06T20:27:30.213Z] > git rev-parse --show-toplevel [1ms]
[2022-09-06T20:27:30.213Z] fatal: not a git repository (or any of the parent directories): .git
[2022-09-06T20:27:35.561Z] > git status -z -uall [1ms]
[2022-09-06T20:27:35.570Z] > git symbolic-ref --short HEAD [1ms]
[2022-09-06T20:27:35.579Z] > git for-each-ref --format=%(refname)%00%(upstream:short)%00%(objectname)%00%(upstream:track)%00%(upstream:remotename)%00%(upstream:remoteref) refs/heads/master refs/remotes/master [0ms]
[2022-09-06T20:27:35.594Z] > git remote --verbose [0ms]
[2022-09-06T20:27:35.595Z] > git for-each-ref --sort -committerdate --format %(refname) %(objectname) %(*objectname) [9ms]
[2022-09-06T20:27:35.603Z] > git config --get commit.template [1ms]
[2022-09-06T20:27:46.947Z] > git rev-parse --show-toplevel [5ms]
[2022-09-06T20:27:46.947Z] fatal: not a git repository (or any of the parent directories): .git
[2022-09-06T20:27:50.054Z] > git show --textconv :src/components/CreditCardForm.tsx [6ms]
[2022-09-06T20:27:50.055Z] > git ls-files --stage -- /home/netoca/projects/interactive-card-form/src/components/CreditCardForm.tsx [1ms]
[2022-09-06T20:27:59.469Z] > git show --textconv :src/components/CreditCardForm.tsx [7ms]
[2022-09-06T20:27:59.470Z] > git ls-files --stage -- /home/netoca/projects/interactive-card-form/src/components/CreditCardForm.tsx [1ms]
[2022-09-06T20:28:05.620Z] > git status -z -uall [1ms]
[2022-09-06T20:28:05.627Z] > git symbolic-ref --short HEAD [1ms]
[2022-09-06T20:28:05.636Z] > git for-each-ref --format=%(refname)%00%(upstream:short)%00%(objectname)%00%(upstream:track)%00%(upstream:remotename)%00%(upstream:remoteref) refs/heads/master refs/remotes/master [1ms]
[2022-09-06T20:28:05.652Z] > git for-each-ref --sort -committerdate --format %(refname) %(objectname) %(*objectname) [8ms]
[2022-09-06T20:28:05.652Z] > git remote --verbose [1ms]
[2022-09-06T20:28:05.660Z] > git config --get commit.template [0ms]
[2022-09-06T20:29:31.060Z] > git rev-parse --show-toplevel [0ms]
[2022-09-06T20:29:31.060Z] fatal: not a git repository (or any of the parent directories): .git
[2022-09-06T20:29:33.393Z] > git rev-parse --show-toplevel [1ms]
[2022-09-06T20:29:33.393Z] fatal: not a git repository (or any of the parent directories): .git
[2022-09-06T20:29:34.745Z] > git rev-parse --show-toplevel [1ms]
[2022-09-06T20:29:34.745Z] fatal: not a git repository (or any of the parent directories): .git
[2022-09-06T20:29:43.871Z] > git show --textconv :src/components/CreditCardForm.tsx [6ms]
[2022-09-06T20:29:43.872Z] > git ls-files --stage -- /home/netoca/projects/interactive-card-form/src/components/CreditCardForm.tsx [1ms]
[2022-09-06T20:29:45.319Z] > git status -z -uall [1ms]
[2022-09-06T20:29:45.330Z] > git symbolic-ref --short HEAD [1ms]
[2022-09-06T20:29:45.399Z] > git show --textconv :src/components/CreditCardForm.tsx [54ms]
[2022-09-06T20:29:45.399Z] > git ls-files --stage -- /home/netoca/projects/interactive-card-form/src/components/CreditCardForm.tsx [1ms]
[2022-09-06T20:29:45.400Z] > git for-each-ref --format=%(refname)%00%(upstream:short)%00%(objectname)%00%(upstream:track)%00%(upstream:remotename)%00%(upstream:remoteref) refs/heads/master refs/remotes/master [63ms]
[2022-09-06T20:29:45.414Z] > git remote --verbose [1ms]
[2022-09-06T20:29:45.414Z] > git for-each-ref --sort -committerdate --format %(refname) %(objectname) %(*objectname) [9ms]
[2022-09-06T20:29:45.425Z] > git config --get commit.template [2ms]
[2022-09-06T20:29:47.818Z] > git show --textconv :src/components/CreditCardForm.tsx [7ms]
[2022-09-06T20:29:47.819Z] > git ls-files --stage -- /home/netoca/projects/interactive-card-form/src/components/CreditCardForm.tsx [1ms]
