[2022-09-13T16:39:29.413Z] Log level: Info
[2022-09-13T16:39:29.416Z] [info] Validating found git in: git
[2022-09-13T16:39:29.432Z] [info] Using git 2.37.2 from git
[2022-09-13T16:39:29.444Z] > git rev-parse --show-toplevel [2ms]
[2022-09-13T16:39:29.453Z] > git rev-parse --git-dir --git-common-dir [1ms]
[2022-09-13T16:39:29.458Z] [info] Open repository: /home/netoca/coding-challenges/fullstack-labs/toy-blocks-client-react
[2022-09-13T16:39:29.496Z] > git status -z -uall [27ms]
[2022-09-13T16:39:29.516Z] > git symbolic-ref --short HEAD [11ms]
[2022-09-13T16:39:29.525Z] > git for-each-ref --format=%(refname)%00%(upstream:short)%00%(objectname)%00%(upstream:track)%00%(upstream:remotename)%00%(upstream:remoteref) refs/heads/master refs/remotes/master [2ms]
[2022-09-13T16:39:29.617Z] > git remote --verbose [78ms]
[2022-09-13T16:39:29.618Z] > git for-each-ref --sort -committerdate --format %(refname) %(objectname) %(*objectname) [87ms]
[2022-09-13T16:39:29.663Z] > git config --get commit.template [32ms]
[2022-09-13T16:39:29.677Z] > git status -z -uall [4ms]
[2022-09-13T16:39:29.688Z] > git symbolic-ref --short HEAD [1ms]
[2022-09-13T16:39:29.698Z] > git for-each-ref --format=%(refname)%00%(upstream:short)%00%(objectname)%00%(upstream:track)%00%(upstream:remotename)%00%(upstream:remoteref) refs/heads/master refs/remotes/master [2ms]
[2022-09-13T16:39:29.714Z] > git for-each-ref --sort -committerdate --format %(refname) %(objectname) %(*objectname) [9ms]
[2022-09-13T16:39:29.715Z] > git remote --verbose [2ms]
[2022-09-13T16:39:29.727Z] > git config --get commit.template [2ms]
[2022-09-13T16:39:29.987Z] > git check-ignore -v -z --stdin [2ms]
[2022-09-13T16:39:30.046Z] > git show --textconv :src/reducers/nodes.ts [7ms]
[2022-09-13T16:39:30.047Z] > git ls-files --stage -- /home/netoca/coding-challenges/fullstack-labs/toy-blocks-client-react/src/reducers/nodes.ts [2ms]
[2022-09-13T16:39:30.056Z] > git cat-file -s 32ded6fc0144b82bdc146b3f0b8bef70e607ed15 [1ms]
[2022-09-13T16:39:42.906Z] > git show --textconv HEAD:src/types/Block.ts [8ms]
[2022-09-13T16:39:42.907Z] > git ls-tree -l HEAD -- /home/netoca/coding-challenges/fullstack-labs/toy-blocks-client-react/src/types/Block.ts [2ms]
[2022-09-13T16:39:46.839Z] > git ls-tree -l HEAD -- /home/netoca/coding-challenges/fullstack-labs/toy-blocks-client-react/src/types/Block.ts [4ms]
[2022-09-13T16:39:52.199Z] > git show --textconv HEAD:src/types/Node.ts [9ms]
[2022-09-13T16:39:52.199Z] > git ls-tree -l HEAD -- /home/netoca/coding-challenges/fullstack-labs/toy-blocks-client-react/src/types/Node.ts [2ms]
[2022-09-13T16:39:55.310Z] > git add -A -- /home/netoca/coding-challenges/fullstack-labs/toy-blocks-client-react/src/components/Block.tsx /home/netoca/coding-challenges/fullstack-labs/toy-blocks-client-react/src/components/Node.tsx /home/netoca/coding-challenges/fullstack-labs/toy-blocks-client-react/src/components/Status.tsx /home/netoca/coding-challenges/fullstack-labs/toy-blocks-client-react/src/containers/Blocks.tsx /home/netoca/coding-challenges/fullstack-labs/toy-blocks-client-react/src/reducers/initialState.ts /home/netoca/coding-challenges/fullstack-labs/toy-blocks-client-react/src/reducers/nodes.ts /home/netoca/coding-challenges/fullstack-labs/toy-blocks-client-react/src/store/store.spec.ts /home/netoca/coding-challenges/fullstack-labs/toy-blocks-client-react/src/types/Block.ts /home/netoca/coding-challenges/fullstack-labs/toy-blocks-client-react/src/types/Node.ts [3ms]
[2022-09-13T16:39:55.318Z] > git status -z -uall [2ms]
[2022-09-13T16:39:55.325Z] > git symbolic-ref --short HEAD [1ms]
[2022-09-13T16:39:55.332Z] > git for-each-ref --format=%(refname)%00%(upstream:short)%00%(objectname)%00%(upstream:track)%00%(upstream:remotename)%00%(upstream:remoteref) refs/heads/master refs/remotes/master [1ms]
[2022-09-13T16:39:55.343Z] > git for-each-ref --sort -committerdate --format %(refname) %(objectname) %(*objectname) [6ms]
[2022-09-13T16:39:55.343Z] > git remote --verbose [1ms]
[2022-09-13T16:39:55.352Z] > git config --get commit.template [1ms]
[2022-09-13T16:39:56.335Z] > git show --textconv HEAD:src/components/Block.tsx [16ms]
[2022-09-13T16:39:56.335Z] > git show --textconv :src/components/Block.tsx [11ms]
[2022-09-13T16:39:56.335Z] > git ls-files --stage -- /home/netoca/coding-challenges/fullstack-labs/toy-blocks-client-react/src/components/Block.tsx [2ms]
[2022-09-13T16:39:56.339Z] > git ls-tree -l HEAD -- /home/netoca/coding-challenges/fullstack-labs/toy-blocks-client-react/src/components/Block.tsx [10ms]
[2022-09-13T16:39:56.340Z] > git cat-file -s 11bfdeab6eddeb7ca0fc8257b73b3dbdd62ff632 [1ms]
[2022-09-13T16:39:56.381Z] > git status -z -uall [1ms]
[2022-09-13T16:39:56.388Z] > git symbolic-ref --short HEAD [2ms]
[2022-09-13T16:39:56.396Z] > git for-each-ref --format=%(refname)%00%(upstream:short)%00%(objectname)%00%(upstream:track)%00%(upstream:remotename)%00%(upstream:remoteref) refs/heads/master refs/remotes/master [1ms]
[2022-09-13T16:39:56.408Z] > git for-each-ref --sort -committerdate --format %(refname) %(objectname) %(*objectname) [6ms]
[2022-09-13T16:39:56.408Z] > git remote --verbose [1ms]
[2022-09-13T16:39:56.420Z] > git config --get commit.template [2ms]
[2022-09-13T16:39:56.727Z] > git ls-tree -l HEAD -- /home/netoca/coding-challenges/fullstack-labs/toy-blocks-client-react/src/components/Block.tsx [9ms]
[2022-09-13T16:39:56.728Z] > git ls-files --stage -- /home/netoca/coding-challenges/fullstack-labs/toy-blocks-client-react/src/components/Block.tsx [1ms]
[2022-09-13T16:39:56.737Z] > git cat-file -s 11bfdeab6eddeb7ca0fc8257b73b3dbdd62ff632 [1ms]
[2022-09-13T16:39:56.755Z] > git show --textconv HEAD:src/components/Block.tsx [7ms]
[2022-09-13T16:39:56.756Z] > git show --textconv :src/components/Block.tsx [1ms]
[2022-09-13T16:39:56.841Z] > git check-ignore -v -z --stdin [1ms]
[2022-09-13T16:40:01.427Z] > git status -z -uall [2ms]
[2022-09-13T16:40:01.434Z] > git symbolic-ref --short HEAD [1ms]
[2022-09-13T16:40:01.439Z] > git for-each-ref --format=%(refname)%00%(upstream:short)%00%(objectname)%00%(upstream:track)%00%(upstream:remotename)%00%(upstream:remoteref) refs/heads/master refs/remotes/master [1ms]
[2022-09-13T16:40:01.447Z] > git for-each-ref --sort -committerdate --format %(refname) %(objectname) %(*objectname) [4ms]
[2022-09-13T16:40:01.448Z] > git remote --verbose [2ms]
[2022-09-13T16:40:01.455Z] > git config --get commit.template [1ms]
[2022-09-13T16:40:05.561Z] > git status -z -uall [1ms]
[2022-09-13T16:40:05.567Z] > git stash push -m aaa [11ms]
[2022-09-13T16:40:05.567Z] > git symbolic-ref --short HEAD [0ms]
[2022-09-13T16:40:05.573Z] > git for-each-ref --format=%(refname)%00%(upstream:short)%00%(objectname)%00%(upstream:track)%00%(upstream:remotename)%00%(upstream:remoteref) refs/heads/master refs/remotes/master [1ms]
[2022-09-13T16:40:05.585Z] > git for-each-ref --sort -committerdate --format %(refname) %(objectname) %(*objectname) [7ms]
[2022-09-13T16:40:05.586Z] > git remote --verbose [1ms]
[2022-09-13T16:40:05.594Z] > git config --get commit.template [1ms]
[2022-09-13T16:40:06.628Z] > git status -z -uall [1ms]
[2022-09-13T16:40:06.634Z] > git symbolic-ref --short HEAD [0ms]
[2022-09-13T16:40:06.639Z] > git for-each-ref --format=%(refname)%00%(upstream:short)%00%(objectname)%00%(upstream:track)%00%(upstream:remotename)%00%(upstream:remoteref) refs/heads/master refs/remotes/master [0ms]
[2022-09-13T16:40:06.649Z] > git remote --verbose [1ms]
[2022-09-13T16:40:06.650Z] > git for-each-ref --sort -committerdate --format %(refname) %(objectname) %(*objectname) [5ms]
[2022-09-13T16:40:06.658Z] > git config --get commit.template [1ms]
[2022-09-13T16:40:06.737Z] > git ls-tree -l HEAD -- /home/netoca/coding-challenges/fullstack-labs/toy-blocks-client-react/src/components/Block.tsx [6ms]
[2022-09-13T16:40:06.738Z] > git ls-files --stage -- /home/netoca/coding-challenges/fullstack-labs/toy-blocks-client-react/src/components/Block.tsx [1ms]
[2022-09-13T16:40:06.748Z] > git show --textconv HEAD:src/components/Block.tsx [3ms]
[2022-09-13T16:40:06.749Z] > git show --textconv :src/components/Block.tsx [1ms]
[2022-09-13T16:40:08.070Z] > git ls-files --stage -- /home/netoca/coding-challenges/fullstack-labs/toy-blocks-client-react/src/components/Block.tsx [1ms]
[2022-09-13T16:40:08.071Z] > git ls-tree -l HEAD -- /home/netoca/coding-challenges/fullstack-labs/toy-blocks-client-react/src/components/Block.tsx [9ms]
[2022-09-13T16:40:09.757Z] > git check-ignore -v -z --stdin [1ms]
[2022-09-13T16:40:42.455Z] > git status -z -uall [2ms]
[2022-09-13T16:40:42.463Z] > git symbolic-ref --short HEAD [1ms]
[2022-09-13T16:40:42.468Z] > git for-each-ref --format=%(refname)%00%(upstream:short)%00%(objectname)%00%(upstream:track)%00%(upstream:remotename)%00%(upstream:remoteref) refs/heads/master refs/remotes/master [1ms]
[2022-09-13T16:40:42.478Z] > git for-each-ref --sort -committerdate --format %(refname) %(objectname) %(*objectname) [5ms]
[2022-09-13T16:40:42.478Z] > git remote --verbose [1ms]
[2022-09-13T16:40:42.484Z] > git config --get commit.template [0ms]
[2022-09-13T16:40:52.925Z] > git status -z -uall [2ms]
[2022-09-13T16:40:52.932Z] > git symbolic-ref --short HEAD [1ms]
[2022-09-13T16:40:52.939Z] > git for-each-ref --format=%(refname)%00%(upstream:short)%00%(objectname)%00%(upstream:track)%00%(upstream:remotename)%00%(upstream:remoteref) refs/heads/master refs/remotes/master [1ms]
[2022-09-13T16:40:52.952Z] > git for-each-ref --sort -committerdate --format %(refname) %(objectname) %(*objectname) [7ms]
[2022-09-13T16:40:52.952Z] > git remote --verbose [1ms]
[2022-09-13T16:40:52.960Z] > git config --get commit.template [1ms]
[2022-09-13T16:45:18.726Z] > git check-ignore -v -z --stdin [1ms]
[2022-09-13T16:45:19.220Z] > git show --textconv :package.json [8ms]
[2022-09-13T16:45:19.221Z] > git ls-files --stage -- /home/netoca/coding-challenges/fullstack-labs/toy-blocks-client-react/package.json [2ms]
[2022-09-13T16:45:19.230Z] > git cat-file -s 88d7968b4786575159945e239e50f445fbf1737a [1ms]
[2022-09-13T16:46:01.539Z] > git show --textconv :.gitignore [4ms]
[2022-09-13T16:46:01.540Z] > git ls-files --stage -- /home/netoca/coding-challenges/fullstack-labs/toy-blocks-client-react/.gitignore [1ms]
[2022-09-13T16:46:01.546Z] > git cat-file -s 9a66715f770bab0e9e0845e14365d3f4f43f58b4 [1ms]
[2022-09-13T16:46:02.054Z] > git show --textconv :.editorconfig [5ms]
[2022-09-13T16:46:02.054Z] > git ls-files --stage -- /home/netoca/coding-challenges/fullstack-labs/toy-blocks-client-react/.editorconfig [1ms]
[2022-09-13T16:46:02.060Z] > git cat-file -s da0310f513b62de04d1c71b03cee1dc0b1accc24 [1ms]
[2022-09-13T16:46:10.440Z] > git show --textconv :src/components/Node.tsx [7ms]
[2022-09-13T16:46:10.440Z] > git ls-files --stage -- /home/netoca/coding-challenges/fullstack-labs/toy-blocks-client-react/src/components/Node.tsx [0ms]
[2022-09-13T16:46:10.448Z] > git cat-file -s 065e5fcc82a72ce67ae4ec36eebb0a5616adc19c [2ms]
[2022-09-13T16:46:39.021Z] > git status -z -uall [1ms]
[2022-09-13T16:46:39.032Z] > git symbolic-ref --short HEAD [2ms]
[2022-09-13T16:46:39.041Z] > git for-each-ref --format=%(refname)%00%(upstream:short)%00%(objectname)%00%(upstream:track)%00%(upstream:remotename)%00%(upstream:remoteref) refs/heads/master refs/remotes/master [2ms]
[2022-09-13T16:46:39.058Z] > git for-each-ref --sort -committerdate --format %(refname) %(objectname) %(*objectname) [8ms]
[2022-09-13T16:46:39.058Z] > git remote --verbose [1ms]
[2022-09-13T16:46:39.069Z] > git config --get commit.template [1ms]
[2022-09-13T16:46:41.500Z] > git show --textconv :src/store/configureStore.ts [7ms]
[2022-09-13T16:46:41.501Z] > git ls-files --stage -- /home/netoca/coding-challenges/fullstack-labs/toy-blocks-client-react/src/store/configureStore.ts [2ms]
[2022-09-13T16:46:41.509Z] > git cat-file -s 82f48c01f3e3763c1d7ba9db01981076bb81f86e [2ms]
[2022-09-13T16:46:56.361Z] > git show --textconv :src/reducers/initialState.ts [5ms]
[2022-09-13T16:46:56.361Z] > git ls-files --stage -- /home/netoca/coding-challenges/fullstack-labs/toy-blocks-client-react/src/reducers/initialState.ts [1ms]
[2022-09-13T16:46:56.368Z] > git cat-file -s 7af8e1679b397dbde2079d0cbe23e53ecfe490d1 [1ms]
[2022-09-13T16:47:08.036Z] > git show --textconv :src/reducers/nodes.ts [6ms]
[2022-09-13T16:47:08.036Z] > git ls-files --stage -- /home/netoca/coding-challenges/fullstack-labs/toy-blocks-client-react/src/reducers/nodes.ts [1ms]
[2022-09-13T16:47:08.043Z] > git cat-file -s 32ded6fc0144b82bdc146b3f0b8bef70e607ed15 [0ms]
[2022-09-13T16:47:13.458Z] > git show --textconv :src/types/Node.ts [7ms]
[2022-09-13T16:47:13.458Z] > git ls-files --stage -- /home/netoca/coding-challenges/fullstack-labs/toy-blocks-client-react/src/types/Node.ts [1ms]
[2022-09-13T16:47:13.464Z] > git cat-file -s 59a59b937e93f03afe731ddd825690fb518b06f7 [1ms]
[2022-09-13T16:47:39.659Z] > git status -z -uall [2ms]
[2022-09-13T16:47:39.667Z] > git symbolic-ref --short HEAD [1ms]
[2022-09-13T16:47:39.677Z] > git for-each-ref --format=%(refname)%00%(upstream:short)%00%(objectname)%00%(upstream:track)%00%(upstream:remotename)%00%(upstream:remoteref) refs/heads/master refs/remotes/master [2ms]
[2022-09-13T16:47:39.692Z] > git for-each-ref --sort -committerdate --format %(refname) %(objectname) %(*objectname) [8ms]
[2022-09-13T16:47:39.693Z] > git remote --verbose [2ms]
[2022-09-13T16:47:39.702Z] > git config --get commit.template [1ms]
[2022-09-13T16:47:45.781Z] > git show --textconv :src/reducers/nodes.ts [6ms]
[2022-09-13T16:47:45.782Z] > git ls-files --stage -- /home/netoca/coding-challenges/fullstack-labs/toy-blocks-client-react/src/reducers/nodes.ts [1ms]
[2022-09-13T16:47:45.788Z] > git cat-file -s 32ded6fc0144b82bdc146b3f0b8bef70e607ed15 [1ms]
[2022-09-13T16:47:49.388Z] > git show --textconv :src/types/Node.ts [6ms]
[2022-09-13T16:47:49.389Z] > git ls-files --stage -- /home/netoca/coding-challenges/fullstack-labs/toy-blocks-client-react/src/types/Node.ts [1ms]
[2022-09-13T16:47:49.396Z] > git cat-file -s 59a59b937e93f03afe731ddd825690fb518b06f7 [1ms]
[2022-09-13T16:47:56.282Z] > git show --textconv :src/types/Blocks.ts [8ms]
[2022-09-13T16:47:56.283Z] > git ls-files --stage -- /home/netoca/coding-challenges/fullstack-labs/toy-blocks-client-react/src/types/Blocks.ts [1ms]
[2022-09-13T16:47:56.578Z] > git check-ignore -v -z --stdin [2ms]
[2022-09-13T16:48:18.793Z] > git status -z -uall [3ms]
[2022-09-13T16:48:18.802Z] > git symbolic-ref --short HEAD [1ms]
[2022-09-13T16:48:18.812Z] > git for-each-ref --format=%(refname)%00%(upstream:short)%00%(objectname)%00%(upstream:track)%00%(upstream:remotename)%00%(upstream:remoteref) refs/heads/master refs/remotes/master [1ms]
[2022-09-13T16:48:18.831Z] > git for-each-ref --sort -committerdate --format %(refname) %(objectname) %(*objectname) [9ms]
[2022-09-13T16:48:18.832Z] > git remote --verbose [2ms]
[2022-09-13T16:48:18.844Z] > git config --get commit.template [2ms]
[2022-09-13T16:48:21.708Z] > git show --textconv :src/types/Blocks.ts [7ms]
[2022-09-13T16:48:21.709Z] > git ls-files --stage -- /home/netoca/coding-challenges/fullstack-labs/toy-blocks-client-react/src/types/Blocks.ts [1ms]
[2022-09-13T16:48:24.523Z] > git status -z -uall [2ms]
[2022-09-13T16:48:24.533Z] > git symbolic-ref --short HEAD [1ms]
[2022-09-13T16:48:24.543Z] > git for-each-ref --format=%(refname)%00%(upstream:short)%00%(objectname)%00%(upstream:track)%00%(upstream:remotename)%00%(upstream:remoteref) refs/heads/master refs/remotes/master [2ms]
[2022-09-13T16:48:24.559Z] > git remote --verbose [1ms]
[2022-09-13T16:48:24.559Z] > git for-each-ref --sort -committerdate --format %(refname) %(objectname) %(*objectname) [8ms]
[2022-09-13T16:48:24.572Z] > git config --get commit.template [2ms]
[2022-09-13T16:48:24.888Z] > git show --textconv :src/types/Blocks.ts [9ms]
[2022-09-13T16:48:24.889Z] > git ls-files --stage -- /home/netoca/coding-challenges/fullstack-labs/toy-blocks-client-react/src/types/Blocks.ts [1ms]
[2022-09-13T16:48:25.738Z] > git show --textconv :src/types/Node.ts [7ms]
[2022-09-13T16:48:25.738Z] > git ls-files --stage -- /home/netoca/coding-challenges/fullstack-labs/toy-blocks-client-react/src/types/Node.ts [1ms]
[2022-09-13T16:48:25.744Z] > git cat-file -s 59a59b937e93f03afe731ddd825690fb518b06f7 [1ms]
[2022-09-13T16:48:29.176Z] > git show --textconv :src/types/Blocks.ts [7ms]
[2022-09-13T16:48:29.177Z] > git ls-files --stage -- /home/netoca/coding-challenges/fullstack-labs/toy-blocks-client-react/src/types/Blocks.ts [1ms]
[2022-09-13T16:48:29.617Z] > git status -z -uall [2ms]
[2022-09-13T16:48:29.624Z] > git symbolic-ref --short HEAD [2ms]
[2022-09-13T16:48:29.631Z] > git for-each-ref --format=%(refname)%00%(upstream:short)%00%(objectname)%00%(upstream:track)%00%(upstream:remotename)%00%(upstream:remoteref) refs/heads/master refs/remotes/master [1ms]
[2022-09-13T16:48:29.648Z] > git for-each-ref --sort -committerdate --format %(refname) %(objectname) %(*objectname) [8ms]
[2022-09-13T16:48:29.648Z] > git remote --verbose [0ms]
[2022-09-13T16:48:29.657Z] > git config --get commit.template [1ms]
[2022-09-13T16:48:30.545Z] > git show --textconv :src/reducers/nodes.ts [7ms]
[2022-09-13T16:48:30.545Z] > git ls-files --stage -- /home/netoca/coding-challenges/fullstack-labs/toy-blocks-client-react/src/reducers/nodes.ts [1ms]
[2022-09-13T16:48:30.555Z] > git cat-file -s 32ded6fc0144b82bdc146b3f0b8bef70e607ed15 [2ms]
[2022-09-13T16:53:31.693Z] > git show --textconv :src/types/Blocks.ts [5ms]
[2022-09-13T16:53:31.694Z] > git ls-files --stage -- /home/netoca/coding-challenges/fullstack-labs/toy-blocks-client-react/src/types/Blocks.ts [1ms]
[2022-09-13T16:53:41.123Z] > git show --textconv :src/reducers/nodes.ts [5ms]
[2022-09-13T16:53:41.124Z] > git ls-files --stage -- /home/netoca/coding-challenges/fullstack-labs/toy-blocks-client-react/src/reducers/nodes.ts [1ms]
[2022-09-13T16:53:41.132Z] > git cat-file -s 32ded6fc0144b82bdc146b3f0b8bef70e607ed15 [2ms]
[2022-09-13T16:53:49.502Z] > git show --textconv :src/types/Node.ts [5ms]
[2022-09-13T16:53:49.503Z] > git ls-files --stage -- /home/netoca/coding-challenges/fullstack-labs/toy-blocks-client-react/src/types/Node.ts [1ms]
[2022-09-13T16:53:49.508Z] > git cat-file -s 59a59b937e93f03afe731ddd825690fb518b06f7 [1ms]
[2022-09-13T16:53:56.715Z] > git status -z -uall [4ms]
[2022-09-13T16:53:56.724Z] > git symbolic-ref --short HEAD [1ms]
[2022-09-13T16:53:56.732Z] > git for-each-ref --format=%(refname)%00%(upstream:short)%00%(objectname)%00%(upstream:track)%00%(upstream:remotename)%00%(upstream:remoteref) refs/heads/master refs/remotes/master [1ms]
[2022-09-13T16:53:56.750Z] > git for-each-ref --sort -committerdate --format %(refname) %(objectname) %(*objectname) [11ms]
[2022-09-13T16:53:56.751Z] > git remote --verbose [3ms]
[2022-09-13T16:53:56.763Z] > git config --get commit.template [2ms]
[2022-09-13T16:53:56.815Z] > git show --textconv :src/reducers/nodes.ts [9ms]
[2022-09-13T16:53:56.815Z] > git ls-files --stage -- /home/netoca/coding-challenges/fullstack-labs/toy-blocks-client-react/src/reducers/nodes.ts [2ms]
[2022-09-13T16:53:56.824Z] > git cat-file -s 32ded6fc0144b82bdc146b3f0b8bef70e607ed15 [1ms]
[2022-09-13T16:55:12.672Z] > git status -z -uall [2ms]
[2022-09-13T16:55:12.682Z] > git symbolic-ref --short HEAD [2ms]
[2022-09-13T16:55:12.695Z] > git for-each-ref --format=%(refname)%00%(upstream:short)%00%(objectname)%00%(upstream:track)%00%(upstream:remotename)%00%(upstream:remoteref) refs/heads/master refs/remotes/master [2ms]
[2022-09-13T16:55:12.718Z] > git for-each-ref --sort -committerdate --format %(refname) %(objectname) %(*objectname) [12ms]
[2022-09-13T16:55:12.719Z] > git remote --verbose [2ms]
[2022-09-13T16:55:12.730Z] > git config --get commit.template [1ms]
[2022-09-13T16:55:13.670Z] > git check-ignore -v -z --stdin [1ms]
[2022-09-13T16:55:14.287Z] > git show --textconv :src/reducers/nodes.ts [7ms]
[2022-09-13T16:55:14.288Z] > git ls-files --stage -- /home/netoca/coding-challenges/fullstack-labs/toy-blocks-client-react/src/reducers/nodes.ts [1ms]
[2022-09-13T16:55:14.297Z] > git cat-file -s 32ded6fc0144b82bdc146b3f0b8bef70e607ed15 [2ms]
[2022-09-13T16:55:17.457Z] > git show --textconv :src/types/Blocks.ts [8ms]
[2022-09-13T16:55:17.457Z] > git ls-files --stage -- /home/netoca/coding-challenges/fullstack-labs/toy-blocks-client-react/src/types/Blocks.ts [1ms]
[2022-09-13T16:55:22.804Z] > git show --textconv :src/reducers/nodes.ts [6ms]
[2022-09-13T16:55:22.804Z] > git ls-files --stage -- /home/netoca/coding-challenges/fullstack-labs/toy-blocks-client-react/src/reducers/nodes.ts [1ms]
[2022-09-13T16:55:22.810Z] > git cat-file -s 32ded6fc0144b82bdc146b3f0b8bef70e607ed15 [1ms]
[2022-09-13T16:55:35.997Z] > git show --textconv :src/components/Node.tsx [8ms]
[2022-09-13T16:55:35.997Z] > git ls-files --stage -- /home/netoca/coding-challenges/fullstack-labs/toy-blocks-client-react/src/components/Node.tsx [1ms]
[2022-09-13T16:55:36.006Z] > git cat-file -s 065e5fcc82a72ce67ae4ec36eebb0a5616adc19c [1ms]
[2022-09-13T16:55:45.736Z] > git show --textconv :src/components/App.tsx [9ms]
[2022-09-13T16:55:45.736Z] > git ls-files --stage -- /home/netoca/coding-challenges/fullstack-labs/toy-blocks-client-react/src/components/App.tsx [1ms]
[2022-09-13T16:55:45.744Z] > git cat-file -s da924f5e4409b2bb066771696b1d17c5fbbf0d99 [1ms]
[2022-09-13T16:55:48.319Z] > git show --textconv :src/containers/Nodes.tsx [7ms]
[2022-09-13T16:55:48.320Z] > git ls-files --stage -- /home/netoca/coding-challenges/fullstack-labs/toy-blocks-client-react/src/containers/Nodes.tsx [1ms]
[2022-09-13T16:55:48.327Z] > git cat-file -s e26d1ba893bfa9e4507e8b9971928c504091f53d [1ms]
[2022-09-13T16:55:56.804Z] > git show --textconv :src/components/App.tsx [8ms]
[2022-09-13T16:55:56.805Z] > git ls-files --stage -- /home/netoca/coding-challenges/fullstack-labs/toy-blocks-client-react/src/components/App.tsx [1ms]
[2022-09-13T16:55:56.812Z] > git cat-file -s da924f5e4409b2bb066771696b1d17c5fbbf0d99 [1ms]
[2022-09-13T16:56:05.037Z] > git show --textconv :src/reducers/nodes.ts [6ms]
[2022-09-13T16:56:05.037Z] > git ls-files --stage -- /home/netoca/coding-challenges/fullstack-labs/toy-blocks-client-react/src/reducers/nodes.ts [1ms]
[2022-09-13T16:56:05.046Z] > git cat-file -s 32ded6fc0144b82bdc146b3f0b8bef70e607ed15 [2ms]
[2022-09-13T16:56:18.889Z] > git show --textconv :src/components/Node.tsx [7ms]
[2022-09-13T16:56:18.889Z] > git ls-files --stage -- /home/netoca/coding-challenges/fullstack-labs/toy-blocks-client-react/src/components/Node.tsx [0ms]
[2022-09-13T16:56:18.896Z] > git cat-file -s 065e5fcc82a72ce67ae4ec36eebb0a5616adc19c [1ms]
[2022-09-13T16:56:25.671Z] > git show --textconv :src/reducers/nodes.ts [8ms]
[2022-09-13T16:56:25.672Z] > git ls-files --stage -- /home/netoca/coding-challenges/fullstack-labs/toy-blocks-client-react/src/reducers/nodes.ts [1ms]
[2022-09-13T16:56:25.681Z] > git cat-file -s 32ded6fc0144b82bdc146b3f0b8bef70e607ed15 [2ms]
[2022-09-13T16:56:45.371Z] > git show --textconv :src/components/Node.tsx [7ms]
[2022-09-13T16:56:45.371Z] > git ls-files --stage -- /home/netoca/coding-challenges/fullstack-labs/toy-blocks-client-react/src/components/Node.tsx [1ms]
[2022-09-13T16:56:45.379Z] > git cat-file -s 065e5fcc82a72ce67ae4ec36eebb0a5616adc19c [1ms]
[2022-09-13T16:56:46.419Z] > git show --textconv :src/reducers/nodes.ts [6ms]
[2022-09-13T16:56:46.419Z] > git ls-files --stage -- /home/netoca/coding-challenges/fullstack-labs/toy-blocks-client-react/src/reducers/nodes.ts [1ms]
[2022-09-13T16:56:46.426Z] > git cat-file -s 32ded6fc0144b82bdc146b3f0b8bef70e607ed15 [1ms]
[2022-09-13T16:56:51.036Z] > git show --textconv :src/types/Node.ts [5ms]
[2022-09-13T16:56:51.036Z] > git ls-files --stage -- /home/netoca/coding-challenges/fullstack-labs/toy-blocks-client-react/src/types/Node.ts [1ms]
[2022-09-13T16:56:51.043Z] > git cat-file -s 59a59b937e93f03afe731ddd825690fb518b06f7 [1ms]
[2022-09-13T16:56:56.649Z] > git show --textconv :src/reducers/nodes.ts [9ms]
[2022-09-13T16:56:56.650Z] > git ls-files --stage -- /home/netoca/coding-challenges/fullstack-labs/toy-blocks-client-react/src/reducers/nodes.ts [1ms]
[2022-09-13T16:56:56.659Z] > git cat-file -s 32ded6fc0144b82bdc146b3f0b8bef70e607ed15 [2ms]
[2022-09-13T16:56:57.079Z] > git status -z -uall [2ms]
[2022-09-13T16:56:57.087Z] > git symbolic-ref --short HEAD [0ms]
[2022-09-13T16:56:57.094Z] > git for-each-ref --format=%(refname)%00%(upstream:short)%00%(objectname)%00%(upstream:track)%00%(upstream:remotename)%00%(upstream:remoteref) refs/heads/master refs/remotes/master [1ms]
[2022-09-13T16:56:57.110Z] > git for-each-ref --sort -committerdate --format %(refname) %(objectname) %(*objectname) [8ms]
[2022-09-13T16:56:57.110Z] > git remote --verbose [1ms]
[2022-09-13T16:56:57.122Z] > git config --get commit.template [1ms]
[2022-09-13T16:58:26.957Z] > git show --textconv :node_modules/@reduxjs/toolkit/dist/createAction.d.ts [9ms]
[2022-09-13T16:58:26.958Z] > git ls-files --stage -- /home/netoca/coding-challenges/fullstack-labs/toy-blocks-client-react/node_modules/@reduxjs/toolkit/dist/createAction.d.ts [1ms]
[2022-09-13T16:58:27.442Z] > git check-ignore -v -z --stdin [0ms]
[2022-09-13T16:58:30.568Z] > git show --textconv :src/reducers/nodes.ts [8ms]
[2022-09-13T16:58:30.569Z] > git ls-files --stage -- /home/netoca/coding-challenges/fullstack-labs/toy-blocks-client-react/src/reducers/nodes.ts [2ms]
[2022-09-13T16:58:30.577Z] > git cat-file -s 32ded6fc0144b82bdc146b3f0b8bef70e607ed15 [2ms]
[2022-09-13T16:58:30.902Z] > git check-ignore -v -z --stdin [1ms]
[2022-09-13T16:59:25.751Z] > git show --textconv :src/types/Node.ts [5ms]
[2022-09-13T16:59:25.752Z] > git ls-files --stage -- /home/netoca/coding-challenges/fullstack-labs/toy-blocks-client-react/src/types/Node.ts [1ms]
[2022-09-13T16:59:25.757Z] > git cat-file -s 59a59b937e93f03afe731ddd825690fb518b06f7 [0ms]
[2022-09-13T16:59:32.507Z] > git show --textconv :src/reducers/nodes.ts [7ms]
[2022-09-13T16:59:32.508Z] > git ls-files --stage -- /home/netoca/coding-challenges/fullstack-labs/toy-blocks-client-react/src/reducers/nodes.ts [1ms]
[2022-09-13T16:59:32.516Z] > git cat-file -s 32ded6fc0144b82bdc146b3f0b8bef70e607ed15 [1ms]
[2022-09-13T16:59:32.834Z] > git status -z -uall [2ms]
[2022-09-13T16:59:32.842Z] > git symbolic-ref --short HEAD [1ms]
[2022-09-13T16:59:32.850Z] > git for-each-ref --format=%(refname)%00%(upstream:short)%00%(objectname)%00%(upstream:track)%00%(upstream:remotename)%00%(upstream:remoteref) refs/heads/master refs/remotes/master [1ms]
[2022-09-13T16:59:32.865Z] > git for-each-ref --sort -committerdate --format %(refname) %(objectname) %(*objectname) [7ms]
[2022-09-13T16:59:32.865Z] > git remote --verbose [1ms]
[2022-09-13T16:59:32.874Z] > git config --get commit.template [1ms]
[2022-09-13T16:59:37.883Z] > git status -z -uall [1ms]
[2022-09-13T16:59:37.890Z] > git symbolic-ref --short HEAD [0ms]
[2022-09-13T16:59:37.895Z] > git for-each-ref --format=%(refname)%00%(upstream:short)%00%(objectname)%00%(upstream:track)%00%(upstream:remotename)%00%(upstream:remoteref) refs/heads/master refs/remotes/master [1ms]
[2022-09-13T16:59:37.906Z] > git for-each-ref --sort -committerdate --format %(refname) %(objectname) %(*objectname) [7ms]
[2022-09-13T16:59:37.906Z] > git remote --verbose [1ms]
[2022-09-13T16:59:37.913Z] > git config --get commit.template [0ms]
[2022-09-13T16:59:38.863Z] > git show --textconv :src/store/configureStore.ts [7ms]
[2022-09-13T16:59:38.864Z] > git ls-files --stage -- /home/netoca/coding-challenges/fullstack-labs/toy-blocks-client-react/src/store/configureStore.ts [1ms]
[2022-09-13T16:59:38.871Z] > git cat-file -s 82f48c01f3e3763c1d7ba9db01981076bb81f86e [1ms]
[2022-09-13T16:59:39.523Z] > git show --textconv :src/reducers/nodes.ts [7ms]
[2022-09-13T16:59:39.524Z] > git ls-files --stage -- /home/netoca/coding-challenges/fullstack-labs/toy-blocks-client-react/src/reducers/nodes.ts [1ms]
[2022-09-13T16:59:39.532Z] > git cat-file -s 32ded6fc0144b82bdc146b3f0b8bef70e607ed15 [1ms]
[2022-09-13T16:59:40.146Z] > git show --textconv :src/components/App.tsx [6ms]
[2022-09-13T16:59:40.147Z] > git ls-files --stage -- /home/netoca/coding-challenges/fullstack-labs/toy-blocks-client-react/src/components/App.tsx [1ms]
[2022-09-13T16:59:40.153Z] > git cat-file -s da924f5e4409b2bb066771696b1d17c5fbbf0d99 [1ms]
[2022-09-13T16:59:41.265Z] > git show --textconv :src/reducers/nodes.ts [9ms]
[2022-09-13T16:59:41.265Z] > git ls-files --stage -- /home/netoca/coding-challenges/fullstack-labs/toy-blocks-client-react/src/reducers/nodes.ts [1ms]
[2022-09-13T16:59:41.274Z] > git cat-file -s 32ded6fc0144b82bdc146b3f0b8bef70e607ed15 [2ms]
[2022-09-13T16:59:41.588Z] > git show --textconv :src/components/Node.tsx [6ms]
[2022-09-13T16:59:41.588Z] > git ls-files --stage -- /home/netoca/coding-challenges/fullstack-labs/toy-blocks-client-react/src/components/Node.tsx [0ms]
[2022-09-13T16:59:41.596Z] > git cat-file -s 065e5fcc82a72ce67ae4ec36eebb0a5616adc19c [1ms]
[2022-09-13T16:59:43.190Z] > git show --textconv :src/reducers/nodes.ts [5ms]
[2022-09-13T16:59:43.191Z] > git ls-files --stage -- /home/netoca/coding-challenges/fullstack-labs/toy-blocks-client-react/src/reducers/nodes.ts [1ms]
[2022-09-13T16:59:43.198Z] > git cat-file -s 32ded6fc0144b82bdc146b3f0b8bef70e607ed15 [1ms]
[2022-09-13T16:59:47.451Z] > git show --textconv :src/components/Node.tsx [8ms]
[2022-09-13T16:59:47.452Z] > git ls-files --stage -- /home/netoca/coding-challenges/fullstack-labs/toy-blocks-client-react/src/components/Node.tsx [1ms]
[2022-09-13T16:59:47.460Z] > git cat-file -s 065e5fcc82a72ce67ae4ec36eebb0a5616adc19c [1ms]
[2022-09-13T16:59:57.602Z] > git check-ignore -v -z --stdin [1ms]
[2022-09-13T17:00:02.413Z] > git check-ignore -v -z --stdin [1ms]
[2022-09-13T17:00:11.052Z] > git show --textconv :src/containers/Blocks.tsx [9ms]
[2022-09-13T17:00:11.053Z] > git ls-files --stage -- /home/netoca/coding-challenges/fullstack-labs/toy-blocks-client-react/src/containers/Blocks.tsx [1ms]
[2022-09-13T17:00:11.865Z] > git status -z -uall [4ms]
[2022-09-13T17:00:11.872Z] > git symbolic-ref --short HEAD [1ms]
[2022-09-13T17:00:11.880Z] > git for-each-ref --format=%(refname)%00%(upstream:short)%00%(objectname)%00%(upstream:track)%00%(upstream:remotename)%00%(upstream:remoteref) refs/heads/master refs/remotes/master [1ms]
[2022-09-13T17:00:11.897Z] > git for-each-ref --sort -committerdate --format %(refname) %(objectname) %(*objectname) [9ms]
[2022-09-13T17:00:11.897Z] > git remote --verbose [1ms]
[2022-09-13T17:00:11.905Z] > git config --get commit.template [1ms]
[2022-09-13T17:01:03.342Z] > git status -z -uall [2ms]
[2022-09-13T17:01:03.349Z] > git symbolic-ref --short HEAD [0ms]
[2022-09-13T17:01:03.358Z] > git for-each-ref --format=%(refname)%00%(upstream:short)%00%(objectname)%00%(upstream:track)%00%(upstream:remotename)%00%(upstream:remoteref) refs/heads/master refs/remotes/master [1ms]
[2022-09-13T17:01:03.374Z] > git for-each-ref --sort -committerdate --format %(refname) %(objectname) %(*objectname) [10ms]
[2022-09-13T17:01:03.374Z] > git remote --verbose [1ms]
[2022-09-13T17:01:03.383Z] > git config --get commit.template [1ms]
[2022-09-13T17:01:36.062Z] > git show --textconv :src/components/Node.tsx [6ms]
[2022-09-13T17:01:36.063Z] > git ls-files --stage -- /home/netoca/coding-challenges/fullstack-labs/toy-blocks-client-react/src/components/Node.tsx [2ms]
[2022-09-13T17:01:36.074Z] > git cat-file -s 065e5fcc82a72ce67ae4ec36eebb0a5616adc19c [3ms]
[2022-09-13T17:01:46.633Z] > git show --textconv :src/containers/Blocks.tsx [7ms]
[2022-09-13T17:01:46.634Z] > git ls-files --stage -- /home/netoca/coding-challenges/fullstack-labs/toy-blocks-client-react/src/containers/Blocks.tsx [1ms]
[2022-09-13T17:10:40.620Z] > git show --textconv :src/components/Node.tsx [10ms]
[2022-09-13T17:10:40.621Z] > git ls-files --stage -- /home/netoca/coding-challenges/fullstack-labs/toy-blocks-client-react/src/components/Node.tsx [2ms]
[2022-09-13T17:10:40.631Z] > git cat-file -s 065e5fcc82a72ce67ae4ec36eebb0a5616adc19c [2ms]
[2022-09-13T17:10:45.790Z] > git show --textconv :src/containers/Nodes.tsx [10ms]
[2022-09-13T17:10:45.791Z] > git ls-files --stage -- /home/netoca/coding-challenges/fullstack-labs/toy-blocks-client-react/src/containers/Nodes.tsx [2ms]
[2022-09-13T17:10:45.801Z] > git cat-file -s e26d1ba893bfa9e4507e8b9971928c504091f53d [1ms]
[2022-09-13T17:10:48.959Z] > git show --textconv :src/components/Node.tsx [7ms]
[2022-09-13T17:10:48.959Z] > git ls-files --stage -- /home/netoca/coding-challenges/fullstack-labs/toy-blocks-client-react/src/components/Node.tsx [0ms]
[2022-09-13T17:10:48.967Z] > git cat-file -s 065e5fcc82a72ce67ae4ec36eebb0a5616adc19c [1ms]
[2022-09-13T17:10:52.456Z] > git show --textconv :src/containers/Blocks.tsx [9ms]
[2022-09-13T17:10:52.456Z] > git ls-files --stage -- /home/netoca/coding-challenges/fullstack-labs/toy-blocks-client-react/src/containers/Blocks.tsx [1ms]
[2022-09-13T17:11:54.415Z] > git show --textconv :src/components/Node.tsx [5ms]
[2022-09-13T17:11:54.416Z] > git ls-files --stage -- /home/netoca/coding-challenges/fullstack-labs/toy-blocks-client-react/src/components/Node.tsx [1ms]
[2022-09-13T17:11:54.423Z] > git cat-file -s 065e5fcc82a72ce67ae4ec36eebb0a5616adc19c [1ms]
[2022-09-13T17:11:58.772Z] > git show --textconv :src/containers/Nodes.tsx [7ms]
[2022-09-13T17:11:58.772Z] > git ls-files --stage -- /home/netoca/coding-challenges/fullstack-labs/toy-blocks-client-react/src/containers/Nodes.tsx [1ms]
[2022-09-13T17:11:58.778Z] > git cat-file -s e26d1ba893bfa9e4507e8b9971928c504091f53d [1ms]
[2022-09-13T17:12:03.319Z] > git show --textconv :src/components/Node.tsx [8ms]
[2022-09-13T17:12:03.320Z] > git ls-files --stage -- /home/netoca/coding-challenges/fullstack-labs/toy-blocks-client-react/src/components/Node.tsx [1ms]
[2022-09-13T17:12:03.331Z] > git cat-file -s 065e5fcc82a72ce67ae4ec36eebb0a5616adc19c [2ms]
[2022-09-13T17:12:04.902Z] > git status -z -uall [2ms]
[2022-09-13T17:12:04.911Z] > git symbolic-ref --short HEAD [1ms]
[2022-09-13T17:12:04.920Z] > git for-each-ref --format=%(refname)%00%(upstream:short)%00%(objectname)%00%(upstream:track)%00%(upstream:remotename)%00%(upstream:remoteref) refs/heads/master refs/remotes/master [2ms]
[2022-09-13T17:12:04.935Z] > git remote --verbose [1ms]
[2022-09-13T17:12:04.935Z] > git for-each-ref --sort -committerdate --format %(refname) %(objectname) %(*objectname) [8ms]
[2022-09-13T17:12:04.945Z] > git config --get commit.template [0ms]
[2022-09-13T17:12:05.705Z] > git show --textconv :src/containers/Blocks.tsx [7ms]
[2022-09-13T17:12:05.705Z] > git ls-files --stage -- /home/netoca/coding-challenges/fullstack-labs/toy-blocks-client-react/src/containers/Blocks.tsx [1ms]
[2022-09-13T17:12:58.084Z] > git show --textconv :src/components/Node.tsx [9ms]
[2022-09-13T17:12:58.084Z] > git ls-files --stage -- /home/netoca/coding-challenges/fullstack-labs/toy-blocks-client-react/src/components/Node.tsx [1ms]
[2022-09-13T17:12:58.093Z] > git cat-file -s 065e5fcc82a72ce67ae4ec36eebb0a5616adc19c [2ms]
[2022-09-13T17:13:03.467Z] > git show --textconv :src/containers/Nodes.tsx [6ms]
[2022-09-13T17:13:03.468Z] > git ls-files --stage -- /home/netoca/coding-challenges/fullstack-labs/toy-blocks-client-react/src/containers/Nodes.tsx [1ms]
[2022-09-13T17:13:03.477Z] > git cat-file -s e26d1ba893bfa9e4507e8b9971928c504091f53d [3ms]
[2022-09-13T17:13:07.466Z] > git show --textconv :src/components/Node.tsx [6ms]
[2022-09-13T17:13:07.467Z] > git ls-files --stage -- /home/netoca/coding-challenges/fullstack-labs/toy-blocks-client-react/src/components/Node.tsx [1ms]
[2022-09-13T17:13:07.473Z] > git cat-file -s 065e5fcc82a72ce67ae4ec36eebb0a5616adc19c [1ms]
[2022-09-13T17:13:10.490Z] > git show --textconv :src/containers/Blocks.tsx [8ms]
[2022-09-13T17:13:10.490Z] > git ls-files --stage -- /home/netoca/coding-challenges/fullstack-labs/toy-blocks-client-react/src/containers/Blocks.tsx [0ms]
[2022-09-13T17:15:52.561Z] > git show --textconv :src/containers/Nodes.tsx [8ms]
[2022-09-13T17:15:52.561Z] > git ls-files --stage -- /home/netoca/coding-challenges/fullstack-labs/toy-blocks-client-react/src/containers/Nodes.tsx [1ms]
[2022-09-13T17:15:52.568Z] > git cat-file -s e26d1ba893bfa9e4507e8b9971928c504091f53d [1ms]
[2022-09-13T17:15:54.176Z] > git show --textconv :src/containers/Blocks.tsx [9ms]
[2022-09-13T17:15:54.176Z] > git ls-files --stage -- /home/netoca/coding-challenges/fullstack-labs/toy-blocks-client-react/src/containers/Blocks.tsx [0ms]
[2022-09-13T17:16:01.677Z] > git show --textconv :src/containers/Nodes.tsx [6ms]
[2022-09-13T17:16:01.678Z] > git ls-files --stage -- /home/netoca/coding-challenges/fullstack-labs/toy-blocks-client-react/src/containers/Nodes.tsx [1ms]
[2022-09-13T17:16:01.683Z] > git cat-file -s e26d1ba893bfa9e4507e8b9971928c504091f53d [1ms]
[2022-09-13T17:16:08.705Z] > git show --textconv :src/containers/Blocks.tsx [6ms]
[2022-09-13T17:16:08.706Z] > git ls-files --stage -- /home/netoca/coding-challenges/fullstack-labs/toy-blocks-client-react/src/containers/Blocks.tsx [1ms]
[2022-09-13T17:16:12.240Z] > git status -z -uall [2ms]
[2022-09-13T17:16:12.247Z] > git symbolic-ref --short HEAD [0ms]
[2022-09-13T17:16:12.253Z] > git for-each-ref --format=%(refname)%00%(upstream:short)%00%(objectname)%00%(upstream:track)%00%(upstream:remotename)%00%(upstream:remoteref) refs/heads/master refs/remotes/master [1ms]
[2022-09-13T17:16:12.265Z] > git for-each-ref --sort -committerdate --format %(refname) %(objectname) %(*objectname) [8ms]
[2022-09-13T17:16:12.265Z] > git remote --verbose [1ms]
[2022-09-13T17:16:12.272Z] > git config --get commit.template [1ms]
[2022-09-13T17:16:19.625Z] > git show --textconv :src/components/Node.tsx [5ms]
[2022-09-13T17:16:19.626Z] > git ls-files --stage -- /home/netoca/coding-challenges/fullstack-labs/toy-blocks-client-react/src/components/Node.tsx [1ms]
[2022-09-13T17:16:19.634Z] > git cat-file -s 065e5fcc82a72ce67ae4ec36eebb0a5616adc19c [2ms]
[2022-09-13T17:16:21.245Z] > git status -z -uall [2ms]
[2022-09-13T17:16:21.252Z] > git symbolic-ref --short HEAD [0ms]
[2022-09-13T17:16:21.263Z] > git for-each-ref --format=%(refname)%00%(upstream:short)%00%(objectname)%00%(upstream:track)%00%(upstream:remotename)%00%(upstream:remoteref) refs/heads/master refs/remotes/master [1ms]
[2022-09-13T17:16:21.281Z] > git for-each-ref --sort -committerdate --format %(refname) %(objectname) %(*objectname) [10ms]
[2022-09-13T17:16:21.281Z] > git remote --verbose [1ms]
[2022-09-13T17:16:21.293Z] > git config --get commit.template [1ms]
[2022-09-13T17:16:29.765Z] > git status -z -uall [2ms]
[2022-09-13T17:16:29.776Z] > git symbolic-ref --short HEAD [1ms]
[2022-09-13T17:16:29.787Z] > git for-each-ref --format=%(refname)%00%(upstream:short)%00%(objectname)%00%(upstream:track)%00%(upstream:remotename)%00%(upstream:remoteref) refs/heads/master refs/remotes/master [1ms]
[2022-09-13T17:16:29.806Z] > git for-each-ref --sort -committerdate --format %(refname) %(objectname) %(*objectname) [11ms]
[2022-09-13T17:16:29.806Z] > git remote --verbose [1ms]
[2022-09-13T17:16:29.819Z] > git config --get commit.template [1ms]
[2022-09-13T17:16:38.607Z] > git status -z -uall [3ms]
[2022-09-13T17:16:38.615Z] > git symbolic-ref --short HEAD [1ms]
[2022-09-13T17:16:38.624Z] > git for-each-ref --format=%(refname)%00%(upstream:short)%00%(objectname)%00%(upstream:track)%00%(upstream:remotename)%00%(upstream:remoteref) refs/heads/master refs/remotes/master [2ms]
[2022-09-13T17:16:38.639Z] > git for-each-ref --sort -committerdate --format %(refname) %(objectname) %(*objectname) [9ms]
[2022-09-13T17:16:38.639Z] > git remote --verbose [1ms]
[2022-09-13T17:16:38.649Z] > git config --get commit.template [1ms]
[2022-09-13T17:16:52.942Z] > git show --textconv :src/containers/Blocks.tsx [9ms]
[2022-09-13T17:16:52.943Z] > git ls-files --stage -- /home/netoca/coding-challenges/fullstack-labs/toy-blocks-client-react/src/containers/Blocks.tsx [2ms]
[2022-09-13T17:16:53.947Z] > git show --textconv :src/components/Node.tsx [9ms]
[2022-09-13T17:16:53.948Z] > git ls-files --stage -- /home/netoca/coding-challenges/fullstack-labs/toy-blocks-client-react/src/components/Node.tsx [2ms]
[2022-09-13T17:16:53.957Z] > git cat-file -s 065e5fcc82a72ce67ae4ec36eebb0a5616adc19c [1ms]
[2022-09-13T17:16:54.531Z] > git show --textconv :src/containers/Blocks.tsx [8ms]
[2022-09-13T17:16:54.532Z] > git ls-files --stage -- /home/netoca/coding-challenges/fullstack-labs/toy-blocks-client-react/src/containers/Blocks.tsx [1ms]
[2022-09-13T17:31:16.060Z] > git status -z -uall [2ms]
[2022-09-13T17:31:16.071Z] > git symbolic-ref --short HEAD [1ms]
[2022-09-13T17:31:16.081Z] > git for-each-ref --format=%(refname)%00%(upstream:short)%00%(objectname)%00%(upstream:track)%00%(upstream:remotename)%00%(upstream:remoteref) refs/heads/master refs/remotes/master [1ms]
[2022-09-13T17:31:16.100Z] > git for-each-ref --sort -committerdate --format %(refname) %(objectname) %(*objectname) [11ms]
[2022-09-13T17:31:16.100Z] > git remote --verbose [1ms]
[2022-09-13T17:31:16.110Z] > git config --get commit.template [1ms]
[2022-09-13T17:31:21.120Z] > git status -z -uall [1ms]
[2022-09-13T17:31:21.128Z] > git symbolic-ref --short HEAD [1ms]
[2022-09-13T17:31:21.134Z] > git for-each-ref --format=%(refname)%00%(upstream:short)%00%(objectname)%00%(upstream:track)%00%(upstream:remotename)%00%(upstream:remoteref) refs/heads/master refs/remotes/master [0ms]
[2022-09-13T17:31:21.149Z] > git for-each-ref --sort -committerdate --format %(refname) %(objectname) %(*objectname) [8ms]
[2022-09-13T17:31:21.149Z] > git remote --verbose [1ms]
[2022-09-13T17:31:21.158Z] > git config --get commit.template [1ms]
[2022-09-13T17:31:43.359Z] > git status -z -uall [3ms]
[2022-09-13T17:31:43.376Z] > git symbolic-ref --short HEAD [1ms]
[2022-09-13T17:31:43.391Z] > git for-each-ref --format=%(refname)%00%(upstream:short)%00%(objectname)%00%(upstream:track)%00%(upstream:remotename)%00%(upstream:remoteref) refs/heads/master refs/remotes/master [1ms]
[2022-09-13T17:31:43.421Z] > git for-each-ref --sort -committerdate --format %(refname) %(objectname) %(*objectname) [17ms]
[2022-09-13T17:31:43.422Z] > git remote --verbose [2ms]
[2022-09-13T17:31:43.438Z] > git config --get commit.template [1ms]
[2022-09-13T17:32:08.243Z] > git status -z -uall [1ms]
[2022-09-13T17:32:08.252Z] > git symbolic-ref --short HEAD [1ms]
[2022-09-13T17:32:08.264Z] > git for-each-ref --format=%(refname)%00%(upstream:short)%00%(objectname)%00%(upstream:track)%00%(upstream:remotename)%00%(upstream:remoteref) refs/heads/master refs/remotes/master [1ms]
[2022-09-13T17:32:08.281Z] > git for-each-ref --sort -committerdate --format %(refname) %(objectname) %(*objectname) [9ms]
[2022-09-13T17:32:08.281Z] > git remote --verbose [1ms]
[2022-09-13T17:32:08.293Z] > git config --get commit.template [1ms]
[2022-09-13T17:32:30.164Z] > git show --textconv :src/reducers/nodes.ts [9ms]
[2022-09-13T17:32:30.165Z] > git ls-files --stage -- /home/netoca/coding-challenges/fullstack-labs/toy-blocks-client-react/src/reducers/nodes.ts [2ms]
[2022-09-13T17:32:30.172Z] > git cat-file -s 32ded6fc0144b82bdc146b3f0b8bef70e607ed15 [1ms]
[2022-09-13T17:32:52.772Z] > git show --textconv :src/containers/Blocks.tsx [7ms]
[2022-09-13T17:32:52.772Z] > git ls-files --stage -- /home/netoca/coding-challenges/fullstack-labs/toy-blocks-client-react/src/containers/Blocks.tsx [1ms]
[2022-09-13T17:33:16.204Z] > git status -z -uall [1ms]
[2022-09-13T17:33:16.212Z] > git symbolic-ref --short HEAD [1ms]
[2022-09-13T17:33:16.221Z] > git for-each-ref --format=%(refname)%00%(upstream:short)%00%(objectname)%00%(upstream:track)%00%(upstream:remotename)%00%(upstream:remoteref) refs/heads/master refs/remotes/master [1ms]
[2022-09-13T17:33:16.236Z] > git for-each-ref --sort -committerdate --format %(refname) %(objectname) %(*objectname) [8ms]
[2022-09-13T17:33:16.236Z] > git remote --verbose [1ms]
[2022-09-13T17:33:16.246Z] > git config --get commit.template [1ms]
[2022-09-13T17:33:23.777Z] > git status -z -uall [3ms]
[2022-09-13T17:33:23.788Z] > git symbolic-ref --short HEAD [1ms]
[2022-09-13T17:33:23.799Z] > git for-each-ref --format=%(refname)%00%(upstream:short)%00%(objectname)%00%(upstream:track)%00%(upstream:remotename)%00%(upstream:remoteref) refs/heads/master refs/remotes/master [1ms]
[2022-09-13T17:33:23.820Z] > git remote --verbose [1ms]
[2022-09-13T17:33:23.821Z] > git for-each-ref --sort -committerdate --format %(refname) %(objectname) %(*objectname) [12ms]
[2022-09-13T17:33:23.833Z] > git config --get commit.template [1ms]
[2022-09-13T17:33:24.765Z] > git show --textconv :src/reducers/nodes.ts [6ms]
[2022-09-13T17:33:24.765Z] > git ls-files --stage -- /home/netoca/coding-challenges/fullstack-labs/toy-blocks-client-react/src/reducers/nodes.ts [1ms]
[2022-09-13T17:33:24.771Z] > git cat-file -s 32ded6fc0144b82bdc146b3f0b8bef70e607ed15 [1ms]
[2022-09-13T17:33:28.842Z] > git status -z -uall [1ms]
[2022-09-13T17:33:28.848Z] > git symbolic-ref --short HEAD [1ms]
[2022-09-13T17:33:28.854Z] > git for-each-ref --format=%(refname)%00%(upstream:short)%00%(objectname)%00%(upstream:track)%00%(upstream:remotename)%00%(upstream:remoteref) refs/heads/master refs/remotes/master [1ms]
[2022-09-13T17:33:28.868Z] > git for-each-ref --sort -committerdate --format %(refname) %(objectname) %(*objectname) [7ms]
[2022-09-13T17:33:28.868Z] > git remote --verbose [1ms]
[2022-09-13T17:33:28.875Z] > git config --get commit.template [0ms]
[2022-09-13T17:33:51.890Z] > git status -z -uall [2ms]
[2022-09-13T17:33:51.903Z] > git symbolic-ref --short HEAD [2ms]
[2022-09-13T17:33:51.913Z] > git for-each-ref --format=%(refname)%00%(upstream:short)%00%(objectname)%00%(upstream:track)%00%(upstream:remotename)%00%(upstream:remoteref) refs/heads/master refs/remotes/master [1ms]
[2022-09-13T17:33:51.932Z] > git for-each-ref --sort -committerdate --format %(refname) %(objectname) %(*objectname) [10ms]
[2022-09-13T17:33:51.932Z] > git remote --verbose [1ms]
[2022-09-13T17:33:51.943Z] > git config --get commit.template [1ms]
[2022-09-13T17:33:53.378Z] > git show --textconv :src/containers/Blocks.tsx [7ms]
[2022-09-13T17:33:53.379Z] > git ls-files --stage -- /home/netoca/coding-challenges/fullstack-labs/toy-blocks-client-react/src/containers/Blocks.tsx [1ms]
[2022-09-13T17:33:54.834Z] > git show --textconv :src/components/Node.tsx [8ms]
[2022-09-13T17:33:54.834Z] > git ls-files --stage -- /home/netoca/coding-challenges/fullstack-labs/toy-blocks-client-react/src/components/Node.tsx [1ms]
[2022-09-13T17:33:54.842Z] > git cat-file -s 065e5fcc82a72ce67ae4ec36eebb0a5616adc19c [1ms]
[2022-09-13T17:33:57.766Z] > git show --textconv :src/containers/Blocks.tsx [6ms]
[2022-09-13T17:33:57.767Z] > git ls-files --stage -- /home/netoca/coding-challenges/fullstack-labs/toy-blocks-client-react/src/containers/Blocks.tsx [1ms]
[2022-09-13T18:34:44.290Z] > git show --textconv :src/reducers/nodes.ts [8ms]
[2022-09-13T18:34:44.291Z] > git ls-files --stage -- /home/netoca/coding-challenges/fullstack-labs/toy-blocks-client-react/src/reducers/nodes.ts [2ms]
[2022-09-13T18:34:44.298Z] > git cat-file -s 32ded6fc0144b82bdc146b3f0b8bef70e607ed15 [1ms]
[2022-09-13T18:34:55.874Z] > git show --textconv :src/containers/Blocks.tsx [8ms]
[2022-09-13T18:34:55.874Z] > git ls-files --stage -- /home/netoca/coding-challenges/fullstack-labs/toy-blocks-client-react/src/containers/Blocks.tsx [1ms]
[2022-09-13T18:34:58.045Z] > git show --textconv :src/containers/Nodes.tsx [7ms]
[2022-09-13T18:34:58.045Z] > git ls-files --stage -- /home/netoca/coding-challenges/fullstack-labs/toy-blocks-client-react/src/containers/Nodes.tsx [0ms]
[2022-09-13T18:34:58.053Z] > git cat-file -s e26d1ba893bfa9e4507e8b9971928c504091f53d [0ms]
[2022-09-13T18:34:58.317Z] > git show --textconv :src/components/Node.tsx [7ms]
[2022-09-13T18:34:58.318Z] > git ls-files --stage -- /home/netoca/coding-challenges/fullstack-labs/toy-blocks-client-react/src/components/Node.tsx [1ms]
[2022-09-13T18:34:58.327Z] > git cat-file -s 065e5fcc82a72ce67ae4ec36eebb0a5616adc19c [1ms]
[2022-09-13T18:35:01.303Z] > git show --textconv :src/containers/Nodes.tsx [7ms]
[2022-09-13T18:35:01.303Z] > git ls-files --stage -- /home/netoca/coding-challenges/fullstack-labs/toy-blocks-client-react/src/containers/Nodes.tsx [1ms]
[2022-09-13T18:35:01.310Z] > git cat-file -s e26d1ba893bfa9e4507e8b9971928c504091f53d [1ms]
[2022-09-13T18:35:07.077Z] > git show --textconv :src/containers/Blocks.tsx [5ms]
[2022-09-13T18:35:07.078Z] > git ls-files --stage -- /home/netoca/coding-challenges/fullstack-labs/toy-blocks-client-react/src/containers/Blocks.tsx [1ms]
[2022-09-13T18:35:14.229Z] > git show --textconv :src/containers/Nodes.tsx [6ms]
[2022-09-13T18:35:14.230Z] > git ls-files --stage -- /home/netoca/coding-challenges/fullstack-labs/toy-blocks-client-react/src/containers/Nodes.tsx [1ms]
[2022-09-13T18:35:14.236Z] > git cat-file -s e26d1ba893bfa9e4507e8b9971928c504091f53d [1ms]
[2022-09-13T18:35:15.369Z] > git show --textconv :src/containers/Blocks.tsx [7ms]
[2022-09-13T18:35:15.370Z] > git ls-files --stage -- /home/netoca/coding-challenges/fullstack-labs/toy-blocks-client-react/src/containers/Blocks.tsx [1ms]
[2022-09-13T18:35:29.260Z] > git show --textconv :src/containers/Nodes.tsx [7ms]
[2022-09-13T18:35:29.260Z] > git ls-files --stage -- /home/netoca/coding-challenges/fullstack-labs/toy-blocks-client-react/src/containers/Nodes.tsx [0ms]
[2022-09-13T18:35:29.269Z] > git cat-file -s e26d1ba893bfa9e4507e8b9971928c504091f53d [1ms]
[2022-09-13T18:35:30.155Z] > git show --textconv :src/components/Node.tsx [8ms]
[2022-09-13T18:35:30.155Z] > git ls-files --stage -- /home/netoca/coding-challenges/fullstack-labs/toy-blocks-client-react/src/components/Node.tsx [1ms]
[2022-09-13T18:35:30.163Z] > git cat-file -s 065e5fcc82a72ce67ae4ec36eebb0a5616adc19c [0ms]
[2022-09-13T18:35:33.895Z] > git show --textconv :src/containers/Nodes.tsx [8ms]
[2022-09-13T18:35:33.895Z] > git ls-files --stage -- /home/netoca/coding-challenges/fullstack-labs/toy-blocks-client-react/src/containers/Nodes.tsx [1ms]
[2022-09-13T18:35:33.903Z] > git cat-file -s e26d1ba893bfa9e4507e8b9971928c504091f53d [1ms]
[2022-09-13T18:35:48.212Z] > git show --textconv :src/reducers/nodes.ts [10ms]
[2022-09-13T18:35:48.213Z] > git ls-files --stage -- /home/netoca/coding-challenges/fullstack-labs/toy-blocks-client-react/src/reducers/nodes.ts [4ms]
[2022-09-13T18:35:48.219Z] > git cat-file -s 32ded6fc0144b82bdc146b3f0b8bef70e607ed15 [0ms]
[2022-09-13T18:36:25.494Z] > git show --textconv :src/containers/Blocks.tsx [6ms]
[2022-09-13T18:36:25.494Z] > git ls-files --stage -- /home/netoca/coding-challenges/fullstack-labs/toy-blocks-client-react/src/containers/Blocks.tsx [1ms]
[2022-09-13T18:36:41.554Z] > git status -z -uall [2ms]
[2022-09-13T18:36:41.568Z] > git symbolic-ref --short HEAD [1ms]
[2022-09-13T18:36:41.581Z] > git for-each-ref --format=%(refname)%00%(upstream:short)%00%(objectname)%00%(upstream:track)%00%(upstream:remotename)%00%(upstream:remoteref) refs/heads/master refs/remotes/master [1ms]
[2022-09-13T18:36:41.608Z] > git for-each-ref --sort -committerdate --format %(refname) %(objectname) %(*objectname) [15ms]
[2022-09-13T18:36:41.608Z] > git remote --verbose [3ms]
[2022-09-13T18:36:41.620Z] > git config --get commit.template [2ms]
[2022-09-13T18:36:53.599Z] > git show --textconv :src/reducers/nodes.ts [8ms]
[2022-09-13T18:36:53.599Z] > git ls-files --stage -- /home/netoca/coding-challenges/fullstack-labs/toy-blocks-client-react/src/reducers/nodes.ts [1ms]
[2022-09-13T18:36:53.606Z] > git cat-file -s 32ded6fc0144b82bdc146b3f0b8bef70e607ed15 [1ms]
[2022-09-13T18:36:54.358Z] > git show --textconv :src/containers/Blocks.tsx [6ms]
[2022-09-13T18:36:54.358Z] > git ls-files --stage -- /home/netoca/coding-challenges/fullstack-labs/toy-blocks-client-react/src/containers/Blocks.tsx [1ms]
[2022-09-13T18:36:54.804Z] > git show --textconv :src/containers/Nodes.tsx [6ms]
[2022-09-13T18:36:54.805Z] > git ls-files --stage -- /home/netoca/coding-challenges/fullstack-labs/toy-blocks-client-react/src/containers/Nodes.tsx [1ms]
[2022-09-13T18:36:54.812Z] > git cat-file -s e26d1ba893bfa9e4507e8b9971928c504091f53d [1ms]
[2022-09-13T18:37:00.064Z] > git show --textconv :src/containers/Blocks.tsx [7ms]
[2022-09-13T18:37:00.064Z] > git ls-files --stage -- /home/netoca/coding-challenges/fullstack-labs/toy-blocks-client-react/src/containers/Blocks.tsx [0ms]
[2022-09-13T18:38:02.350Z] > git show --textconv :src/containers/Nodes.tsx [8ms]
[2022-09-13T18:38:02.351Z] > git ls-files --stage -- /home/netoca/coding-challenges/fullstack-labs/toy-blocks-client-react/src/containers/Nodes.tsx [1ms]
[2022-09-13T18:38:02.360Z] > git cat-file -s e26d1ba893bfa9e4507e8b9971928c504091f53d [2ms]
[2022-09-13T18:38:03.422Z] > git show --textconv :src/containers/Blocks.tsx [7ms]
[2022-09-13T18:38:03.423Z] > git ls-files --stage -- /home/netoca/coding-challenges/fullstack-labs/toy-blocks-client-react/src/containers/Blocks.tsx [1ms]
[2022-09-13T18:42:36.096Z] > git status -z -uall [2ms]
[2022-09-13T18:42:36.104Z] > git symbolic-ref --short HEAD [1ms]
[2022-09-13T18:42:36.112Z] > git for-each-ref --format=%(refname)%00%(upstream:short)%00%(objectname)%00%(upstream:track)%00%(upstream:remotename)%00%(upstream:remoteref) refs/heads/master refs/remotes/master [1ms]
[2022-09-13T18:42:36.127Z] > git for-each-ref --sort -committerdate --format %(refname) %(objectname) %(*objectname) [7ms]
[2022-09-13T18:42:36.127Z] > git remote --verbose [1ms]
[2022-09-13T18:42:36.136Z] > git config --get commit.template [1ms]
[2022-09-13T18:42:48.844Z] > git status -z -uall [1ms]
[2022-09-13T18:42:48.852Z] > git symbolic-ref --short HEAD [1ms]
[2022-09-13T18:42:48.862Z] > git for-each-ref --format=%(refname)%00%(upstream:short)%00%(objectname)%00%(upstream:track)%00%(upstream:remotename)%00%(upstream:remoteref) refs/heads/master refs/remotes/master [1ms]
[2022-09-13T18:42:48.880Z] > git for-each-ref --sort -committerdate --format %(refname) %(objectname) %(*objectname) [10ms]
[2022-09-13T18:42:48.880Z] > git remote --verbose [1ms]
[2022-09-13T18:42:48.892Z] > git config --get commit.template [1ms]
[2022-09-13T18:42:59.009Z] > git show --textconv :src/reducers/nodes.ts [9ms]
[2022-09-13T18:42:59.009Z] > git ls-files --stage -- /home/netoca/coding-challenges/fullstack-labs/toy-blocks-client-react/src/reducers/nodes.ts [2ms]
[2022-09-13T18:42:59.018Z] > git cat-file -s 32ded6fc0144b82bdc146b3f0b8bef70e607ed15 [1ms]
[2022-09-13T18:43:13.832Z] > git status -z -uall [1ms]
[2022-09-13T18:43:13.843Z] > git symbolic-ref --short HEAD [1ms]
[2022-09-13T18:43:13.852Z] > git for-each-ref --format=%(refname)%00%(upstream:short)%00%(objectname)%00%(upstream:track)%00%(upstream:remotename)%00%(upstream:remoteref) refs/heads/master refs/remotes/master [1ms]
[2022-09-13T18:43:13.869Z] > git for-each-ref --sort -committerdate --format %(refname) %(objectname) %(*objectname) [9ms]
[2022-09-13T18:43:13.869Z] > git remote --verbose [1ms]
[2022-09-13T18:43:13.879Z] > git config --get commit.template [1ms]
[2022-09-13T18:43:16.717Z] > git show --textconv :src/types/Blocks.ts [7ms]
[2022-09-13T18:43:16.717Z] > git ls-files --stage -- /home/netoca/coding-challenges/fullstack-labs/toy-blocks-client-react/src/types/Blocks.ts [1ms]
[2022-09-13T18:43:17.181Z] > git show --textconv :src/types/Node.ts [9ms]
[2022-09-13T18:43:17.182Z] > git ls-files --stage -- /home/netoca/coding-challenges/fullstack-labs/toy-blocks-client-react/src/types/Node.ts [1ms]
[2022-09-13T18:43:17.190Z] > git cat-file -s 59a59b937e93f03afe731ddd825690fb518b06f7 [1ms]
[2022-09-13T18:43:19.593Z] > git show --textconv :src/reducers/nodes.ts [11ms]
[2022-09-13T18:43:19.593Z] > git ls-files --stage -- /home/netoca/coding-challenges/fullstack-labs/toy-blocks-client-react/src/reducers/nodes.ts [2ms]
[2022-09-13T18:43:19.602Z] > git cat-file -s 32ded6fc0144b82bdc146b3f0b8bef70e607ed15 [1ms]
[2022-09-13T18:43:19.978Z] > git status -z -uall [1ms]
[2022-09-13T18:43:19.987Z] > git symbolic-ref --short HEAD [1ms]
[2022-09-13T18:43:19.996Z] > git for-each-ref --format=%(refname)%00%(upstream:short)%00%(objectname)%00%(upstream:track)%00%(upstream:remotename)%00%(upstream:remoteref) refs/heads/master refs/remotes/master [1ms]
[2022-09-13T18:43:20.013Z] > git for-each-ref --sort -committerdate --format %(refname) %(objectname) %(*objectname) [10ms]
[2022-09-13T18:43:20.014Z] > git remote --verbose [4ms]
[2022-09-13T18:43:20.024Z] > git config --get commit.template [1ms]
[2022-09-13T18:43:24.903Z] > git show --textconv :src/containers/Blocks.tsx [7ms]
[2022-09-13T18:43:24.903Z] > git ls-files --stage -- /home/netoca/coding-challenges/fullstack-labs/toy-blocks-client-react/src/containers/Blocks.tsx [1ms]
[2022-09-13T18:43:31.186Z] > git status -z -uall [1ms]
[2022-09-13T18:43:31.194Z] > git symbolic-ref --short HEAD [1ms]
[2022-09-13T18:43:31.202Z] > git for-each-ref --format=%(refname)%00%(upstream:short)%00%(objectname)%00%(upstream:track)%00%(upstream:remotename)%00%(upstream:remoteref) refs/heads/master refs/remotes/master [1ms]
[2022-09-13T18:43:31.217Z] > git for-each-ref --sort -committerdate --format %(refname) %(objectname) %(*objectname) [9ms]
[2022-09-13T18:43:31.217Z] > git remote --verbose [1ms]
[2022-09-13T18:43:31.226Z] > git config --get commit.template [1ms]
[2022-09-13T18:43:50.948Z] > git status -z -uall [2ms]
[2022-09-13T18:43:50.958Z] > git symbolic-ref --short HEAD [1ms]
[2022-09-13T18:43:50.969Z] > git for-each-ref --format=%(refname)%00%(upstream:short)%00%(objectname)%00%(upstream:track)%00%(upstream:remotename)%00%(upstream:remoteref) refs/heads/master refs/remotes/master [2ms]
[2022-09-13T18:43:50.986Z] > git for-each-ref --sort -committerdate --format %(refname) %(objectname) %(*objectname) [9ms]
[2022-09-13T18:43:50.987Z] > git remote --verbose [1ms]
[2022-09-13T18:43:50.996Z] > git config --get commit.template [1ms]
[2022-09-13T18:44:01.435Z] > git show --textconv :src/components/Node.tsx [8ms]
[2022-09-13T18:44:01.435Z] > git ls-files --stage -- /home/netoca/coding-challenges/fullstack-labs/toy-blocks-client-react/src/components/Node.tsx [1ms]
[2022-09-13T18:44:01.444Z] > git cat-file -s 065e5fcc82a72ce67ae4ec36eebb0a5616adc19c [1ms]
[2022-09-13T18:44:03.279Z] > git show --textconv :src/containers/Nodes.tsx [8ms]
[2022-09-13T18:44:03.279Z] > git ls-files --stage -- /home/netoca/coding-challenges/fullstack-labs/toy-blocks-client-react/src/containers/Nodes.tsx [1ms]
[2022-09-13T18:44:03.287Z] > git cat-file -s e26d1ba893bfa9e4507e8b9971928c504091f53d [1ms]
[2022-09-13T18:44:24.582Z] > git show --textconv :src/containers/Blocks.tsx [7ms]
[2022-09-13T18:44:24.583Z] > git ls-files --stage -- /home/netoca/coding-challenges/fullstack-labs/toy-blocks-client-react/src/containers/Blocks.tsx [1ms]
[2022-09-13T19:40:44.511Z] > git show --textconv :src/containers/Nodes.tsx [6ms]
[2022-09-13T19:40:44.512Z] > git ls-files --stage -- /home/netoca/coding-challenges/fullstack-labs/toy-blocks-client-react/src/containers/Nodes.tsx [1ms]
[2022-09-13T19:40:44.520Z] > git cat-file -s e26d1ba893bfa9e4507e8b9971928c504091f53d [2ms]
[2022-09-13T19:40:48.479Z] > git show --textconv :src/containers/Blocks.tsx [10ms]
[2022-09-13T19:40:48.480Z] > git ls-files --stage -- /home/netoca/coding-challenges/fullstack-labs/toy-blocks-client-react/src/containers/Blocks.tsx [2ms]
[2022-09-13T19:40:54.705Z] > git show --textconv :src/reducers/nodes.ts [9ms]
[2022-09-13T19:40:54.706Z] > git ls-files --stage -- /home/netoca/coding-challenges/fullstack-labs/toy-blocks-client-react/src/reducers/nodes.ts [1ms]
[2022-09-13T19:40:54.715Z] > git cat-file -s 32ded6fc0144b82bdc146b3f0b8bef70e607ed15 [2ms]
[2022-09-13T19:41:13.669Z] > git show --textconv :src/containers/Nodes.spec.tsx [6ms]
[2022-09-13T19:41:13.670Z] > git ls-files --stage -- /home/netoca/coding-challenges/fullstack-labs/toy-blocks-client-react/src/containers/Nodes.spec.tsx [2ms]
[2022-09-13T19:41:13.676Z] > git cat-file -s cc9d7405448b843054c1d12d7a505cd63d3d8717 [1ms]
[2022-09-13T19:41:26.373Z] > git status -z -uall [2ms]
[2022-09-13T19:41:26.383Z] > git symbolic-ref --short HEAD [1ms]
[2022-09-13T19:41:26.392Z] > git for-each-ref --format=%(refname)%00%(upstream:short)%00%(objectname)%00%(upstream:track)%00%(upstream:remotename)%00%(upstream:remoteref) refs/heads/master refs/remotes/master [1ms]
[2022-09-13T19:41:26.407Z] > git for-each-ref --sort -committerdate --format %(refname) %(objectname) %(*objectname) [7ms]
[2022-09-13T19:41:26.407Z] > git remote --verbose [1ms]
[2022-09-13T19:41:26.416Z] > git config --get commit.template [1ms]
[2022-09-13T19:42:41.810Z] > git show --textconv :src/reducers/nodes.ts [7ms]
[2022-09-13T19:42:41.810Z] > git ls-files --stage -- /home/netoca/coding-challenges/fullstack-labs/toy-blocks-client-react/src/reducers/nodes.ts [1ms]
[2022-09-13T19:42:41.817Z] > git cat-file -s 32ded6fc0144b82bdc146b3f0b8bef70e607ed15 [1ms]
