["INFO" - 1:39:29 PM] Extension Name: esbenp.prettier-vscode.
["INFO" - 1:39:29 PM] Extension Version: 9.8.0.
["INFO" - 1:46:37 PM] Formatting file:///home/netoca/coding-challenges/fullstack-labs/toy-blocks-client-react/src/components/Node.tsx
["INFO" - 1:46:37 PM] Using ignore file (if present) at /home/netoca/coding-challenges/fullstack-labs/toy-blocks-client-react/.prettierignore
["INFO" - 1:46:37 PM] File Info:
{
  "ignored": false,
  "inferredParser": "typescript"
}
["INFO" - 1:46:37 PM] Detected local configuration (i.e. .prettierrc or .editorconfig), VS Code configuration will not be used
["INFO" - 1:46:37 PM] Prettier Options:
{
  "filepath": "/home/netoca/coding-challenges/fullstack-labs/toy-blocks-client-react/src/components/Node.tsx",
  "parser": "typescript",
  "useTabs": false,
  "tabWidth": 2,
  "endOfLine": "lf"
}
["INFO" - 1:46:37 PM] Formatting completed in 165ms.
["INFO" - 1:47:38 PM] Formatting file:///home/netoca/coding-challenges/fullstack-labs/toy-blocks-client-react/src/types/Node.ts
["INFO" - 1:47:38 PM] Using ignore file (if present) at /home/netoca/coding-challenges/fullstack-labs/toy-blocks-client-react/.prettierignore
["INFO" - 1:47:38 PM] File Info:
{
  "ignored": false,
  "inferredParser": "typescript"
}
["INFO" - 1:47:38 PM] Detected local configuration (i.e. .prettierrc or .editorconfig), VS Code configuration will not be used
["INFO" - 1:47:38 PM] Prettier Options:
{
  "filepath": "/home/netoca/coding-challenges/fullstack-labs/toy-blocks-client-react/src/types/Node.ts",
  "parser": "typescript",
  "useTabs": false,
  "tabWidth": 2,
  "endOfLine": "lf"
}
["INFO" - 1:47:38 PM] Formatting completed in 17ms.
["INFO" - 1:48:22 PM] Formatting file:///home/netoca/coding-challenges/fullstack-labs/toy-blocks-client-react/src/types/Blocks.ts
["INFO" - 1:48:22 PM] Using ignore file (if present) at /home/netoca/coding-challenges/fullstack-labs/toy-blocks-client-react/.prettierignore
["INFO" - 1:48:22 PM] File Info:
{
  "ignored": false,
  "inferredParser": "typescript"
}
["INFO" - 1:48:22 PM] Detected local configuration (i.e. .prettierrc or .editorconfig), VS Code configuration will not be used
["INFO" - 1:48:22 PM] Prettier Options:
{
  "filepath": "/home/netoca/coding-challenges/fullstack-labs/toy-blocks-client-react/src/types/Blocks.ts",
  "parser": "typescript",
  "useTabs": false,
  "tabWidth": 2,
  "endOfLine": "lf"
}
["INFO" - 1:48:22 PM] Formatting completed in 13ms.
["INFO" - 1:48:28 PM] Formatting file:///home/netoca/coding-challenges/fullstack-labs/toy-blocks-client-react/src/types/Node.ts
["INFO" - 1:48:28 PM] Using ignore file (if present) at /home/netoca/coding-challenges/fullstack-labs/toy-blocks-client-react/.prettierignore
["INFO" - 1:48:28 PM] File Info:
{
  "ignored": false,
  "inferredParser": "typescript"
}
["INFO" - 1:48:28 PM] Detected local configuration (i.e. .prettierrc or .editorconfig), VS Code configuration will not be used
["INFO" - 1:48:28 PM] Prettier Options:
{
  "filepath": "/home/netoca/coding-challenges/fullstack-labs/toy-blocks-client-react/src/types/Node.ts",
  "parser": "typescript",
  "useTabs": false,
  "tabWidth": 2,
  "endOfLine": "lf"
}
["INFO" - 1:48:28 PM] Formatting completed in 21ms.
["INFO" - 1:48:28 PM] Formatting file:///home/netoca/coding-challenges/fullstack-labs/toy-blocks-client-react/src/types/Node.ts
["INFO" - 1:48:28 PM] Using ignore file (if present) at /home/netoca/coding-challenges/fullstack-labs/toy-blocks-client-react/.prettierignore
["INFO" - 1:48:28 PM] File Info:
{
  "ignored": false,
  "inferredParser": "typescript"
}
["INFO" - 1:48:28 PM] Detected local configuration (i.e. .prettierrc or .editorconfig), VS Code configuration will not be used
["INFO" - 1:48:28 PM] Prettier Options:
{
  "filepath": "/home/netoca/coding-challenges/fullstack-labs/toy-blocks-client-react/src/types/Node.ts",
  "parser": "typescript",
  "useTabs": false,
  "tabWidth": 2,
  "endOfLine": "lf"
}
["INFO" - 1:48:28 PM] Formatting completed in 10ms.
["INFO" - 1:53:55 PM] Formatting file:///home/netoca/coding-challenges/fullstack-labs/toy-blocks-client-react/src/types/Node.ts
["INFO" - 1:53:55 PM] Using ignore file (if present) at /home/netoca/coding-challenges/fullstack-labs/toy-blocks-client-react/.prettierignore
["INFO" - 1:53:55 PM] File Info:
{
  "ignored": false,
  "inferredParser": "typescript"
}
["INFO" - 1:53:55 PM] Detected local configuration (i.e. .prettierrc or .editorconfig), VS Code configuration will not be used
["INFO" - 1:53:55 PM] Prettier Options:
{
  "filepath": "/home/netoca/coding-challenges/fullstack-labs/toy-blocks-client-react/src/types/Node.ts",
  "parser": "typescript",
  "useTabs": false,
  "tabWidth": 2,
  "endOfLine": "lf"
}
["INFO" - 1:53:55 PM] Formatting completed in 11ms.
["INFO" - 1:55:11 PM] Formatting file:///home/netoca/coding-challenges/fullstack-labs/toy-blocks-client-react/src/reducers/nodes.ts
["INFO" - 1:55:11 PM] Using ignore file (if present) at /home/netoca/coding-challenges/fullstack-labs/toy-blocks-client-react/.prettierignore
["INFO" - 1:55:11 PM] File Info:
{
  "ignored": false,
  "inferredParser": "typescript"
}
["INFO" - 1:55:11 PM] Detected local configuration (i.e. .prettierrc or .editorconfig), VS Code configuration will not be used
["INFO" - 1:55:11 PM] Prettier Options:
{
  "filepath": "/home/netoca/coding-challenges/fullstack-labs/toy-blocks-client-react/src/reducers/nodes.ts",
  "parser": "typescript",
  "useTabs": false,
  "tabWidth": 2,
  "endOfLine": "lf"
}
["INFO" - 1:55:11 PM] Formatting completed in 46ms.
["INFO" - 1:56:55 PM] Formatting file:///home/netoca/coding-challenges/fullstack-labs/toy-blocks-client-react/src/types/Node.ts
["INFO" - 1:56:55 PM] Using ignore file (if present) at /home/netoca/coding-challenges/fullstack-labs/toy-blocks-client-react/.prettierignore
["INFO" - 1:56:55 PM] File Info:
{
  "ignored": false,
  "inferredParser": "typescript"
}
["INFO" - 1:56:55 PM] Detected local configuration (i.e. .prettierrc or .editorconfig), VS Code configuration will not be used
["INFO" - 1:56:55 PM] Prettier Options:
{
  "filepath": "/home/netoca/coding-challenges/fullstack-labs/toy-blocks-client-react/src/types/Node.ts",
  "parser": "typescript",
  "useTabs": false,
  "tabWidth": 2,
  "endOfLine": "lf"
}
["INFO" - 1:56:56 PM] Formatting completed in 14ms.
["INFO" - 1:59:31 PM] Formatting file:///home/netoca/coding-challenges/fullstack-labs/toy-blocks-client-react/src/types/Node.ts
["INFO" - 1:59:31 PM] Using ignore file (if present) at /home/netoca/coding-challenges/fullstack-labs/toy-blocks-client-react/.prettierignore
["INFO" - 1:59:31 PM] File Info:
{
  "ignored": false,
  "inferredParser": "typescript"
}
["INFO" - 1:59:31 PM] Detected local configuration (i.e. .prettierrc or .editorconfig), VS Code configuration will not be used
["INFO" - 1:59:31 PM] Prettier Options:
{
  "filepath": "/home/netoca/coding-challenges/fullstack-labs/toy-blocks-client-react/src/types/Node.ts",
  "parser": "typescript",
  "useTabs": false,
  "tabWidth": 2,
  "endOfLine": "lf"
}
["INFO" - 1:59:31 PM] Formatting completed in 13ms.
["INFO" - 1:59:33 PM] Formatting file:///home/netoca/coding-challenges/fullstack-labs/toy-blocks-client-react/src/reducers/nodes.ts
["INFO" - 1:59:33 PM] Using ignore file (if present) at /home/netoca/coding-challenges/fullstack-labs/toy-blocks-client-react/.prettierignore
["INFO" - 1:59:33 PM] File Info:
{
  "ignored": false,
  "inferredParser": "typescript"
}
["INFO" - 1:59:33 PM] Detected local configuration (i.e. .prettierrc or .editorconfig), VS Code configuration will not be used
["INFO" - 1:59:33 PM] Prettier Options:
{
  "filepath": "/home/netoca/coding-challenges/fullstack-labs/toy-blocks-client-react/src/reducers/nodes.ts",
  "parser": "typescript",
  "useTabs": false,
  "tabWidth": 2,
  "endOfLine": "lf"
}
["INFO" - 1:59:33 PM] Formatting completed in 36ms.
["INFO" - 2:01:02 PM] Formatting file:///home/netoca/coding-challenges/fullstack-labs/toy-blocks-client-react/src/containers/Blocks.tsx
["INFO" - 2:01:02 PM] Using ignore file (if present) at /home/netoca/coding-challenges/fullstack-labs/toy-blocks-client-react/.prettierignore
["INFO" - 2:01:02 PM] File Info:
{
  "ignored": false,
  "inferredParser": "typescript"
}
["INFO" - 2:01:02 PM] Detected local configuration (i.e. .prettierrc or .editorconfig), VS Code configuration will not be used
["INFO" - 2:01:02 PM] Prettier Options:
{
  "filepath": "/home/netoca/coding-challenges/fullstack-labs/toy-blocks-client-react/src/containers/Blocks.tsx",
  "parser": "typescript",
  "useTabs": false,
  "tabWidth": 2,
  "endOfLine": "lf"
}
["INFO" - 2:01:02 PM] Formatting completed in 20ms.
["INFO" - 2:11:20 PM] Formatting file:///home/netoca/coding-challenges/fullstack-labs/toy-blocks-client-react/src/containers/Blocks.tsx
["INFO" - 2:11:20 PM] Using ignore file (if present) at /home/netoca/coding-challenges/fullstack-labs/toy-blocks-client-react/.prettierignore
["INFO" - 2:11:20 PM] File Info:
{
  "ignored": false,
  "inferredParser": "typescript"
}
["INFO" - 2:11:20 PM] Detected local configuration (i.e. .prettierrc or .editorconfig), VS Code configuration will not be used
["INFO" - 2:11:20 PM] Prettier Options:
{
  "filepath": "/home/netoca/coding-challenges/fullstack-labs/toy-blocks-client-react/src/containers/Blocks.tsx",
  "parser": "typescript",
  "useTabs": false,
  "tabWidth": 2,
  "endOfLine": "lf"
}
["INFO" - 2:11:20 PM] Formatting completed in 18ms.
["INFO" - 2:16:11 PM] Formatting file:///home/netoca/coding-challenges/fullstack-labs/toy-blocks-client-react/src/containers/Blocks.tsx
["INFO" - 2:16:11 PM] Using ignore file (if present) at /home/netoca/coding-challenges/fullstack-labs/toy-blocks-client-react/.prettierignore
["INFO" - 2:16:11 PM] File Info:
{
  "ignored": false,
  "inferredParser": "typescript"
}
["INFO" - 2:16:11 PM] Detected local configuration (i.e. .prettierrc or .editorconfig), VS Code configuration will not be used
["INFO" - 2:16:11 PM] Prettier Options:
{
  "filepath": "/home/netoca/coding-challenges/fullstack-labs/toy-blocks-client-react/src/containers/Blocks.tsx",
  "parser": "typescript",
  "useTabs": false,
  "tabWidth": 2,
  "endOfLine": "lf"
}
["INFO" - 2:16:11 PM] Formatting completed in 22ms.
["INFO" - 2:16:20 PM] Formatting file:///home/netoca/coding-challenges/fullstack-labs/toy-blocks-client-react/src/components/Node.tsx
["INFO" - 2:16:20 PM] Using ignore file (if present) at /home/netoca/coding-challenges/fullstack-labs/toy-blocks-client-react/.prettierignore
["INFO" - 2:16:20 PM] File Info:
{
  "ignored": false,
  "inferredParser": "typescript"
}
["INFO" - 2:16:20 PM] Detected local configuration (i.e. .prettierrc or .editorconfig), VS Code configuration will not be used
["INFO" - 2:16:20 PM] Prettier Options:
{
  "filepath": "/home/netoca/coding-challenges/fullstack-labs/toy-blocks-client-react/src/components/Node.tsx",
  "parser": "typescript",
  "useTabs": false,
  "tabWidth": 2,
  "endOfLine": "lf"
}
["INFO" - 2:16:20 PM] Formatting completed in 23ms.
["INFO" - 2:16:28 PM] Formatting file:///home/netoca/coding-challenges/fullstack-labs/toy-blocks-client-react/src/components/Node.tsx
["INFO" - 2:16:28 PM] Using ignore file (if present) at /home/netoca/coding-challenges/fullstack-labs/toy-blocks-client-react/.prettierignore
["INFO" - 2:16:28 PM] File Info:
{
  "ignored": false,
  "inferredParser": "typescript"
}
["INFO" - 2:16:28 PM] Detected local configuration (i.e. .prettierrc or .editorconfig), VS Code configuration will not be used
["INFO" - 2:16:28 PM] Prettier Options:
{
  "filepath": "/home/netoca/coding-challenges/fullstack-labs/toy-blocks-client-react/src/components/Node.tsx",
  "parser": "typescript",
  "useTabs": false,
  "tabWidth": 2,
  "endOfLine": "lf"
}
["INFO" - 2:16:28 PM] Formatting completed in 21ms.
["INFO" - 2:16:37 PM] Formatting file:///home/netoca/coding-challenges/fullstack-labs/toy-blocks-client-react/src/components/Node.tsx
["INFO" - 2:16:37 PM] Using ignore file (if present) at /home/netoca/coding-challenges/fullstack-labs/toy-blocks-client-react/.prettierignore
["INFO" - 2:16:37 PM] File Info:
{
  "ignored": false,
  "inferredParser": "typescript"
}
["INFO" - 2:16:37 PM] Detected local configuration (i.e. .prettierrc or .editorconfig), VS Code configuration will not be used
["INFO" - 2:16:37 PM] Prettier Options:
{
  "filepath": "/home/netoca/coding-challenges/fullstack-labs/toy-blocks-client-react/src/components/Node.tsx",
  "parser": "typescript",
  "useTabs": false,
  "tabWidth": 2,
  "endOfLine": "lf"
}
["INFO" - 2:16:37 PM] Formatting completed in 27ms.
["INFO" - 2:16:37 PM] Formatting file:///home/netoca/coding-challenges/fullstack-labs/toy-blocks-client-react/src/components/Node.tsx
["INFO" - 2:16:37 PM] Using ignore file (if present) at /home/netoca/coding-challenges/fullstack-labs/toy-blocks-client-react/.prettierignore
["INFO" - 2:16:37 PM] File Info:
{
  "ignored": false,
  "inferredParser": "typescript"
}
["INFO" - 2:16:37 PM] Detected local configuration (i.e. .prettierrc or .editorconfig), VS Code configuration will not be used
["INFO" - 2:16:37 PM] Prettier Options:
{
  "filepath": "/home/netoca/coding-challenges/fullstack-labs/toy-blocks-client-react/src/components/Node.tsx",
  "parser": "typescript",
  "useTabs": false,
  "tabWidth": 2,
  "endOfLine": "lf"
}
["INFO" - 2:16:37 PM] Formatting completed in 36ms.
["INFO" - 2:16:37 PM] Formatting file:///home/netoca/coding-challenges/fullstack-labs/toy-blocks-client-react/src/components/Node.tsx
["INFO" - 2:16:37 PM] Using ignore file (if present) at /home/netoca/coding-challenges/fullstack-labs/toy-blocks-client-react/.prettierignore
["INFO" - 2:16:37 PM] File Info:
{
  "ignored": false,
  "inferredParser": "typescript"
}
["INFO" - 2:16:37 PM] Detected local configuration (i.e. .prettierrc or .editorconfig), VS Code configuration will not be used
["INFO" - 2:16:37 PM] Prettier Options:
{
  "filepath": "/home/netoca/coding-challenges/fullstack-labs/toy-blocks-client-react/src/components/Node.tsx",
  "parser": "typescript",
  "useTabs": false,
  "tabWidth": 2,
  "endOfLine": "lf"
}
["INFO" - 2:16:37 PM] Formatting completed in 25ms.
["INFO" - 2:16:46 PM] Formatting file:///home/netoca/coding-challenges/fullstack-labs/toy-blocks-client-react/src/components/Node.tsx
["INFO" - 2:16:46 PM] Using ignore file (if present) at /home/netoca/coding-challenges/fullstack-labs/toy-blocks-client-react/.prettierignore
["INFO" - 2:16:46 PM] File Info:
{
  "ignored": false,
  "inferredParser": "typescript"
}
["INFO" - 2:16:46 PM] Detected local configuration (i.e. .prettierrc or .editorconfig), VS Code configuration will not be used
["INFO" - 2:16:46 PM] Prettier Options:
{
  "filepath": "/home/netoca/coding-challenges/fullstack-labs/toy-blocks-client-react/src/components/Node.tsx",
  "parser": "typescript",
  "useTabs": false,
  "tabWidth": 2,
  "endOfLine": "lf"
}
["INFO" - 2:16:46 PM] Formatting completed in 24ms.
["INFO" - 2:16:50 PM] Formatting file:///home/netoca/coding-challenges/fullstack-labs/toy-blocks-client-react/src/components/Node.tsx
["INFO" - 2:16:50 PM] Using ignore file (if present) at /home/netoca/coding-challenges/fullstack-labs/toy-blocks-client-react/.prettierignore
["INFO" - 2:16:50 PM] File Info:
{
  "ignored": false,
  "inferredParser": "typescript"
}
["INFO" - 2:16:50 PM] Detected local configuration (i.e. .prettierrc or .editorconfig), VS Code configuration will not be used
["INFO" - 2:16:50 PM] Prettier Options:
{
  "filepath": "/home/netoca/coding-challenges/fullstack-labs/toy-blocks-client-react/src/components/Node.tsx",
  "parser": "typescript",
  "useTabs": false,
  "tabWidth": 2,
  "endOfLine": "lf"
}
["INFO" - 2:16:50 PM] Formatting completed in 25ms.
["INFO" - 2:31:41 PM] Formatting file:///home/netoca/coding-challenges/fullstack-labs/toy-blocks-client-react/src/containers/Blocks.tsx
["INFO" - 2:31:41 PM] Using ignore file (if present) at /home/netoca/coding-challenges/fullstack-labs/toy-blocks-client-react/.prettierignore
["INFO" - 2:31:41 PM] File Info:
{
  "ignored": false,
  "inferredParser": "typescript"
}
["INFO" - 2:31:41 PM] Detected local configuration (i.e. .prettierrc or .editorconfig), VS Code configuration will not be used
["INFO" - 2:31:41 PM] Prettier Options:
{
  "filepath": "/home/netoca/coding-challenges/fullstack-labs/toy-blocks-client-react/src/containers/Blocks.tsx",
  "parser": "typescript",
  "useTabs": false,
  "tabWidth": 2,
  "endOfLine": "lf"
}
["INFO" - 2:31:41 PM] Formatting completed in 17ms.
["INFO" - 2:32:07 PM] Formatting file:///home/netoca/coding-challenges/fullstack-labs/toy-blocks-client-react/src/containers/Blocks.tsx
["INFO" - 2:32:07 PM] Using ignore file (if present) at /home/netoca/coding-challenges/fullstack-labs/toy-blocks-client-react/.prettierignore
["INFO" - 2:32:07 PM] File Info:
{
  "ignored": false,
  "inferredParser": "typescript"
}
["INFO" - 2:32:07 PM] Detected local configuration (i.e. .prettierrc or .editorconfig), VS Code configuration will not be used
["INFO" - 2:32:07 PM] Prettier Options:
{
  "filepath": "/home/netoca/coding-challenges/fullstack-labs/toy-blocks-client-react/src/containers/Blocks.tsx",
  "parser": "typescript",
  "useTabs": false,
  "tabWidth": 2,
  "endOfLine": "lf"
}
["INFO" - 2:32:07 PM] Formatting completed in 16ms.
["INFO" - 2:33:15 PM] Formatting file:///home/netoca/coding-challenges/fullstack-labs/toy-blocks-client-react/src/containers/Blocks.tsx
["INFO" - 2:33:15 PM] Using ignore file (if present) at /home/netoca/coding-challenges/fullstack-labs/toy-blocks-client-react/.prettierignore
["INFO" - 2:33:15 PM] File Info:
{
  "ignored": false,
  "inferredParser": "typescript"
}
["INFO" - 2:33:15 PM] Detected local configuration (i.e. .prettierrc or .editorconfig), VS Code configuration will not be used
["INFO" - 2:33:15 PM] Prettier Options:
{
  "filepath": "/home/netoca/coding-challenges/fullstack-labs/toy-blocks-client-react/src/containers/Blocks.tsx",
  "parser": "typescript",
  "useTabs": false,
  "tabWidth": 2,
  "endOfLine": "lf"
}
["INFO" - 2:33:15 PM] Formatting completed in 13ms.
["INFO" - 2:33:20 PM] Formatting file:///home/netoca/coding-challenges/fullstack-labs/toy-blocks-client-react/src/containers/Blocks.tsx
["INFO" - 2:33:20 PM] Using ignore file (if present) at /home/netoca/coding-challenges/fullstack-labs/toy-blocks-client-react/.prettierignore
["INFO" - 2:33:20 PM] File Info:
{
  "ignored": false,
  "inferredParser": "typescript"
}
["INFO" - 2:33:20 PM] Detected local configuration (i.e. .prettierrc or .editorconfig), VS Code configuration will not be used
["INFO" - 2:33:20 PM] Prettier Options:
{
  "filepath": "/home/netoca/coding-challenges/fullstack-labs/toy-blocks-client-react/src/containers/Blocks.tsx",
  "parser": "typescript",
  "useTabs": false,
  "tabWidth": 2,
  "endOfLine": "lf"
}
["INFO" - 2:33:20 PM] Formatting completed in 14ms.
["INFO" - 2:33:25 PM] Formatting file:///home/netoca/coding-challenges/fullstack-labs/toy-blocks-client-react/src/reducers/nodes.ts
["INFO" - 2:33:25 PM] Using ignore file (if present) at /home/netoca/coding-challenges/fullstack-labs/toy-blocks-client-react/.prettierignore
["INFO" - 2:33:25 PM] File Info:
{
  "ignored": false,
  "inferredParser": "typescript"
}
["INFO" - 2:33:25 PM] Detected local configuration (i.e. .prettierrc or .editorconfig), VS Code configuration will not be used
["INFO" - 2:33:25 PM] Prettier Options:
{
  "filepath": "/home/netoca/coding-challenges/fullstack-labs/toy-blocks-client-react/src/reducers/nodes.ts",
  "parser": "typescript",
  "useTabs": false,
  "tabWidth": 2,
  "endOfLine": "lf"
}
["INFO" - 2:33:25 PM] Formatting completed in 32ms.
["INFO" - 2:33:45 PM] Formatting file:///home/netoca/coding-challenges/fullstack-labs/toy-blocks-client-react/src/reducers/nodes.ts
["INFO" - 2:33:45 PM] Using ignore file (if present) at /home/netoca/coding-challenges/fullstack-labs/toy-blocks-client-react/.prettierignore
["INFO" - 2:33:45 PM] File Info:
{
  "ignored": false,
  "inferredParser": "typescript"
}
["INFO" - 2:33:45 PM] Detected local configuration (i.e. .prettierrc or .editorconfig), VS Code configuration will not be used
["INFO" - 2:33:45 PM] Prettier Options:
{
  "filepath": "/home/netoca/coding-challenges/fullstack-labs/toy-blocks-client-react/src/reducers/nodes.ts",
  "parser": "typescript",
  "useTabs": false,
  "tabWidth": 2,
  "endOfLine": "lf"
}
["INFO" - 2:33:46 PM] Formatting completed in 36ms.
["INFO" - 3:36:40 PM] Formatting file:///home/netoca/coding-challenges/fullstack-labs/toy-blocks-client-react/src/containers/Blocks.tsx
["INFO" - 3:36:40 PM] Using ignore file (if present) at /home/netoca/coding-challenges/fullstack-labs/toy-blocks-client-react/.prettierignore
["INFO" - 3:36:40 PM] File Info:
{
  "ignored": false,
  "inferredParser": "typescript"
}
["INFO" - 3:36:40 PM] Detected local configuration (i.e. .prettierrc or .editorconfig), VS Code configuration will not be used
["INFO" - 3:36:40 PM] Prettier Options:
{
  "filepath": "/home/netoca/coding-challenges/fullstack-labs/toy-blocks-client-react/src/containers/Blocks.tsx",
  "parser": "typescript",
  "useTabs": false,
  "tabWidth": 2,
  "endOfLine": "lf"
}
["INFO" - 3:36:40 PM] Formatting completed in 13ms.
["INFO" - 3:42:35 PM] Formatting file:///home/netoca/coding-challenges/fullstack-labs/toy-blocks-client-react/src/containers/Blocks.tsx
["INFO" - 3:42:35 PM] Using ignore file (if present) at /home/netoca/coding-challenges/fullstack-labs/toy-blocks-client-react/.prettierignore
["INFO" - 3:42:35 PM] File Info:
{
  "ignored": false,
  "inferredParser": "typescript"
}
["INFO" - 3:42:35 PM] Detected local configuration (i.e. .prettierrc or .editorconfig), VS Code configuration will not be used
["INFO" - 3:42:35 PM] Prettier Options:
{
  "filepath": "/home/netoca/coding-challenges/fullstack-labs/toy-blocks-client-react/src/containers/Blocks.tsx",
  "parser": "typescript",
  "useTabs": false,
  "tabWidth": 2,
  "endOfLine": "lf"
}
["INFO" - 3:42:35 PM] Formatting completed in 12ms.
["INFO" - 3:42:47 PM] Formatting file:///home/netoca/coding-challenges/fullstack-labs/toy-blocks-client-react/src/containers/Blocks.tsx
["INFO" - 3:42:47 PM] Using ignore file (if present) at /home/netoca/coding-challenges/fullstack-labs/toy-blocks-client-react/.prettierignore
["INFO" - 3:42:47 PM] File Info:
{
  "ignored": false,
  "inferredParser": "typescript"
}
["INFO" - 3:42:47 PM] Detected local configuration (i.e. .prettierrc or .editorconfig), VS Code configuration will not be used
["INFO" - 3:42:47 PM] Prettier Options:
{
  "filepath": "/home/netoca/coding-challenges/fullstack-labs/toy-blocks-client-react/src/containers/Blocks.tsx",
  "parser": "typescript",
  "useTabs": false,
  "tabWidth": 2,
  "endOfLine": "lf"
}
["INFO" - 3:42:47 PM] Formatting completed in 15ms.
["INFO" - 3:43:12 PM] Formatting file:///home/netoca/coding-challenges/fullstack-labs/toy-blocks-client-react/src/reducers/nodes.ts
["INFO" - 3:43:12 PM] Using ignore file (if present) at /home/netoca/coding-challenges/fullstack-labs/toy-blocks-client-react/.prettierignore
["INFO" - 3:43:12 PM] File Info:
{
  "ignored": false,
  "inferredParser": "typescript"
}
["INFO" - 3:43:12 PM] Detected local configuration (i.e. .prettierrc or .editorconfig), VS Code configuration will not be used
["INFO" - 3:43:12 PM] Prettier Options:
{
  "filepath": "/home/netoca/coding-challenges/fullstack-labs/toy-blocks-client-react/src/reducers/nodes.ts",
  "parser": "typescript",
  "useTabs": false,
  "tabWidth": 2,
  "endOfLine": "lf"
}
["INFO" - 3:43:12 PM] Formatting completed in 27ms.
["INFO" - 3:43:18 PM] Formatting file:///home/netoca/coding-challenges/fullstack-labs/toy-blocks-client-react/src/types/Node.ts
["INFO" - 3:43:18 PM] Using ignore file (if present) at /home/netoca/coding-challenges/fullstack-labs/toy-blocks-client-react/.prettierignore
["INFO" - 3:43:18 PM] File Info:
{
  "ignored": false,
  "inferredParser": "typescript"
}
["INFO" - 3:43:18 PM] Detected local configuration (i.e. .prettierrc or .editorconfig), VS Code configuration will not be used
["INFO" - 3:43:18 PM] Prettier Options:
{
  "filepath": "/home/netoca/coding-challenges/fullstack-labs/toy-blocks-client-react/src/types/Node.ts",
  "parser": "typescript",
  "useTabs": false,
  "tabWidth": 2,
  "endOfLine": "lf"
}
["INFO" - 3:43:18 PM] Formatting completed in 11ms.
["INFO" - 3:43:30 PM] Formatting file:///home/netoca/coding-challenges/fullstack-labs/toy-blocks-client-react/src/containers/Blocks.tsx
["INFO" - 3:43:30 PM] Using ignore file (if present) at /home/netoca/coding-challenges/fullstack-labs/toy-blocks-client-react/.prettierignore
["INFO" - 3:43:30 PM] File Info:
{
  "ignored": false,
  "inferredParser": "typescript"
}
["INFO" - 3:43:30 PM] Detected local configuration (i.e. .prettierrc or .editorconfig), VS Code configuration will not be used
["INFO" - 3:43:30 PM] Prettier Options:
{
  "filepath": "/home/netoca/coding-challenges/fullstack-labs/toy-blocks-client-react/src/containers/Blocks.tsx",
  "parser": "typescript",
  "useTabs": false,
  "tabWidth": 2,
  "endOfLine": "lf"
}
["INFO" - 3:43:30 PM] Formatting completed in 14ms.
["INFO" - 3:43:49 PM] Formatting file:///home/netoca/coding-challenges/fullstack-labs/toy-blocks-client-react/src/containers/Blocks.tsx
["INFO" - 3:43:49 PM] Using ignore file (if present) at /home/netoca/coding-challenges/fullstack-labs/toy-blocks-client-react/.prettierignore
["INFO" - 3:43:49 PM] File Info:
{
  "ignored": false,
  "inferredParser": "typescript"
}
["INFO" - 3:43:49 PM] Detected local configuration (i.e. .prettierrc or .editorconfig), VS Code configuration will not be used
["INFO" - 3:43:49 PM] Prettier Options:
{
  "filepath": "/home/netoca/coding-challenges/fullstack-labs/toy-blocks-client-react/src/containers/Blocks.tsx",
  "parser": "typescript",
  "useTabs": false,
  "tabWidth": 2,
  "endOfLine": "lf"
}
["INFO" - 3:43:49 PM] Formatting completed in 14ms.
["INFO" - 4:40:54 PM] Formatting file:///home/netoca/coding-challenges/fullstack-labs/toy-blocks-client-react/src/containers/Blocks.tsx
["INFO" - 4:40:54 PM] Using ignore file (if present) at /home/netoca/coding-challenges/fullstack-labs/toy-blocks-client-react/.prettierignore
["INFO" - 4:40:54 PM] File Info:
{
  "ignored": false,
  "inferredParser": "typescript"
}
["INFO" - 4:40:54 PM] Detected local configuration (i.e. .prettierrc or .editorconfig), VS Code configuration will not be used
["INFO" - 4:40:54 PM] Prettier Options:
{
  "filepath": "/home/netoca/coding-challenges/fullstack-labs/toy-blocks-client-react/src/containers/Blocks.tsx",
  "parser": "typescript",
  "useTabs": false,
  "tabWidth": 2,
  "endOfLine": "lf"
}
["INFO" - 4:40:54 PM] Formatting completed in 23ms.
