[2022-09-13 13:39:28.622] [exthost] [info] Extension host with pid 122081 started
[2022-09-13 13:39:28.622] [exthost] [info] Skipping acquiring lock for /home/netoca/.config/Code/User/workspaceStorage/2e04b71b364d796886d932b926ce0794.
[2022-09-13 13:39:28.666] [exthost] [info] ExtensionService#_doActivateExtension vscode.typescript-language-features, startup: false, activationEvent: 'onLanguage:typescript'
[2022-09-13 13:39:28.758] [exthost] [info] ExtensionService#_doActivateExtension dsznajder.es7-react-js-snippets, startup: false, activationEvent: 'onLanguage:typescript'
[2022-09-13 13:39:29.090] [exthost] [info] ExtensionService#_doActivateExtension rvest.vs-code-prettier-eslint, startup: false, activationEvent: 'onLanguage:typescript'
[2022-09-13 13:39:29.151] [exthost] [info] ExtensionService#_doActivateExtension vscode.microsoft-authentication, startup: false, activationEvent: 'onAuthenticationRequest:microsoft'
[2022-09-13 13:39:29.173] [exthost] [info] ExtensionService#_doActivateExtension vscode.debug-auto-launch, startup: true, activationEvent: '*'
[2022-09-13 13:39:29.175] [exthost] [info] ExtensionService#_doActivateExtension vscode.git-base, startup: true, activationEvent: '*', root cause: vscode.git
[2022-09-13 13:39:29.177] [exthost] [info] ExtensionService#_doActivateExtension vscode.ipynb, startup: true, activationEvent: '*'
[2022-09-13 13:39:29.182] [exthost] [info] ExtensionService#_doActivateExtension vscode.npm, startup: true, activationEvent: 'workspaceContains:package.json'
[2022-09-13 13:39:29.365] [exthost] [info] ExtensionService#_doActivateExtension vscode.git, startup: true, activationEvent: '*'
[2022-09-13 13:39:29.393] [exthost] [info] ExtensionService#_doActivateExtension vscode.github, startup: true, activationEvent: '*'
[2022-09-13 13:39:29.476] [exthost] [info] ExtensionService#_doActivateExtension vscode.github-authentication, startup: false, activationEvent: 'onAuthenticationRequest:github'
[2022-09-13 13:39:29.524] [exthost] [info] Eager extensions activated
[2022-09-13 13:39:29.540] [exthost] [info] ExtensionService#_doActivateExtension vscode.emmet, startup: false, activationEvent: 'onStartupFinished'
[2022-09-13 13:39:29.546] [exthost] [info] ExtensionService#_doActivateExtension vscode.merge-conflict, startup: false, activationEvent: 'onStartupFinished'
[2022-09-13 13:39:29.548] [exthost] [info] ExtensionService#_doActivateExtension dbaeumer.vscode-eslint, startup: false, activationEvent: 'onStartupFinished'
[2022-09-13 13:39:29.582] [exthost] [info] ExtensionService#_doActivateExtension esbenp.prettier-vscode, startup: false, activationEvent: 'onStartupFinished'
[2022-09-13 13:45:19.024] [exthost] [info] ExtensionService#_doActivateExtension vscode.configuration-editing, startup: false, activationEvent: 'onLanguage:json'
[2022-09-13 13:45:19.029] [exthost] [info] ExtensionService#_doActivateExtension vscode.extension-editing, startup: false, activationEvent: 'onLanguage:json'
[2022-09-13 13:45:19.037] [exthost] [info] ExtensionService#_doActivateExtension vscode.json-language-features, startup: false, activationEvent: 'onLanguage:json'
[2022-09-13 13:53:19.600] [exthost] [error] [vscode.typescript-language-features] provider FAILED
[2022-09-13 13:53:19.601] [exthost] [error] Error: DisposableStore is missing...
	at J._convertCompletionItem (/opt/visual-studio-code/resources/app/out/vs/workbench/api/node/extensionHostProcess.js:87:52875)
	at J.resolveCompletionItem (/opt/visual-studio-code/resources/app/out/vs/workbench/api/node/extensionHostProcess.js:87:52653)
	at process.processTicksAndRejections (node:internal/process/task_queues:96:5)
[2022-09-13 14:01:27.625] [exthost] [error] [vscode.typescript-language-features] provider FAILED
[2022-09-13 14:01:27.625] [exthost] [error] Error: <semantic> TypeScript Server Error (4.8.2)
Debug Failure.
Error: Debug Failure.
    at Object.getImportCompletionAction (/opt/visual-studio-code/resources/app/extensions/node_modules/typescript/lib/tsserver.js:154882:32)
    at getCompletionEntryCodeActionsAndSourceDisplay (/opt/visual-studio-code/resources/app/extensions/node_modules/typescript/lib/tsserver.js:134871:33)
    at Object.getCompletionEntryDetails (/opt/visual-studio-code/resources/app/extensions/node_modules/typescript/lib/tsserver.js:134810:30)
    at Object.getCompletionEntryDetails (/opt/visual-studio-code/resources/app/extensions/node_modules/typescript/lib/tsserver.js:167280:35)
    at /opt/visual-studio-code/resources/app/extensions/node_modules/typescript/lib/tsserver.js:179454:57
    at Object.mapDefined (/opt/visual-studio-code/resources/app/extensions/node_modules/typescript/lib/tsserver.js:622:30)
    at Session.getCompletionEntryDetails (/opt/visual-studio-code/resources/app/extensions/node_modules/typescript/lib/tsserver.js:179452:33)
    at Session.handlers.ts.Map.ts.getEntries._a.<computed> (/opt/visual-studio-code/resources/app/extensions/node_modules/typescript/lib/tsserver.js:178089:61)
    at /opt/visual-studio-code/resources/app/extensions/node_modules/typescript/lib/tsserver.js:180140:96
    at Session.executeWithRequestId (/opt/visual-studio-code/resources/app/extensions/node_modules/typescript/lib/tsserver.js:180131:28)
    at Session.executeCommand (/opt/visual-studio-code/resources/app/extensions/node_modules/typescript/lib/tsserver.js:180140:41)
    at Session.onMessage (/opt/visual-studio-code/resources/app/extensions/node_modules/typescript/lib/tsserver.js:180168:35)
    at process.<anonymous> (/opt/visual-studio-code/resources/app/extensions/node_modules/typescript/lib/tsserver.js:184334:31)
    at process.emit (node:events:526:28)
    at emit (node:internal/child_process:938:14)
    at process.processTicksAndRejections (node:internal/process/task_queues:84:21)
	at r.create (/opt/visual-studio-code/resources/app/extensions/typescript-language-features/dist/extension.js:1:511605)
	at d.dispatchResponse (/opt/visual-studio-code/resources/app/extensions/typescript-language-features/dist/extension.js:1:505453)
	at d.dispatchMessage (/opt/visual-studio-code/resources/app/extensions/typescript-language-features/dist/extension.js:1:504321)
	at ChildProcess.<anonymous> (/opt/visual-studio-code/resources/app/extensions/typescript-language-features/dist/extension.js:1:503806)
	at ChildProcess.emit (node:events:526:28)
	at emit (node:internal/child_process:938:14)
	at process.processTicksAndRejections (node:internal/process/task_queues:84:21)
[2022-09-13 14:02:08.720] [exthost] [error] [vscode.typescript-language-features] provider FAILED
[2022-09-13 14:02:08.720] [exthost] [error] Error: <semantic> TypeScript Server Error (4.8.2)
Debug Failure.
Error: Debug Failure.
    at Object.getImportCompletionAction (/opt/visual-studio-code/resources/app/extensions/node_modules/typescript/lib/tsserver.js:154882:32)
    at getCompletionEntryCodeActionsAndSourceDisplay (/opt/visual-studio-code/resources/app/extensions/node_modules/typescript/lib/tsserver.js:134871:33)
    at Object.getCompletionEntryDetails (/opt/visual-studio-code/resources/app/extensions/node_modules/typescript/lib/tsserver.js:134810:30)
    at Object.getCompletionEntryDetails (/opt/visual-studio-code/resources/app/extensions/node_modules/typescript/lib/tsserver.js:167280:35)
    at /opt/visual-studio-code/resources/app/extensions/node_modules/typescript/lib/tsserver.js:179454:57
    at Object.mapDefined (/opt/visual-studio-code/resources/app/extensions/node_modules/typescript/lib/tsserver.js:622:30)
    at Session.getCompletionEntryDetails (/opt/visual-studio-code/resources/app/extensions/node_modules/typescript/lib/tsserver.js:179452:33)
    at Session.handlers.ts.Map.ts.getEntries._a.<computed> (/opt/visual-studio-code/resources/app/extensions/node_modules/typescript/lib/tsserver.js:178089:61)
    at /opt/visual-studio-code/resources/app/extensions/node_modules/typescript/lib/tsserver.js:180140:96
    at Session.executeWithRequestId (/opt/visual-studio-code/resources/app/extensions/node_modules/typescript/lib/tsserver.js:180131:28)
    at Session.executeCommand (/opt/visual-studio-code/resources/app/extensions/node_modules/typescript/lib/tsserver.js:180140:41)
    at Session.onMessage (/opt/visual-studio-code/resources/app/extensions/node_modules/typescript/lib/tsserver.js:180168:35)
    at process.<anonymous> (/opt/visual-studio-code/resources/app/extensions/node_modules/typescript/lib/tsserver.js:184334:31)
    at process.emit (node:events:526:28)
    at emit (node:internal/child_process:938:14)
    at process.processTicksAndRejections (node:internal/process/task_queues:84:21)
	at r.create (/opt/visual-studio-code/resources/app/extensions/typescript-language-features/dist/extension.js:1:511605)
	at d.dispatchResponse (/opt/visual-studio-code/resources/app/extensions/typescript-language-features/dist/extension.js:1:505453)
	at d.dispatchMessage (/opt/visual-studio-code/resources/app/extensions/typescript-language-features/dist/extension.js:1:504321)
	at ChildProcess.<anonymous> (/opt/visual-studio-code/resources/app/extensions/typescript-language-features/dist/extension.js:1:503806)
	at ChildProcess.emit (node:events:526:28)
	at emit (node:internal/child_process:938:14)
	at process.processTicksAndRejections (node:internal/process/task_queues:84:21)
[2022-09-13 14:02:20.616] [exthost] [error] [vscode.typescript-language-features] provider FAILED
[2022-09-13 14:02:20.616] [exthost] [error] Error: <semantic> TypeScript Server Error (4.8.2)
Debug Failure.
Error: Debug Failure.
    at Object.getImportCompletionAction (/opt/visual-studio-code/resources/app/extensions/node_modules/typescript/lib/tsserver.js:154882:32)
    at getCompletionEntryCodeActionsAndSourceDisplay (/opt/visual-studio-code/resources/app/extensions/node_modules/typescript/lib/tsserver.js:134871:33)
    at Object.getCompletionEntryDetails (/opt/visual-studio-code/resources/app/extensions/node_modules/typescript/lib/tsserver.js:134810:30)
    at Object.getCompletionEntryDetails (/opt/visual-studio-code/resources/app/extensions/node_modules/typescript/lib/tsserver.js:167280:35)
    at /opt/visual-studio-code/resources/app/extensions/node_modules/typescript/lib/tsserver.js:179454:57
    at Object.mapDefined (/opt/visual-studio-code/resources/app/extensions/node_modules/typescript/lib/tsserver.js:622:30)
    at Session.getCompletionEntryDetails (/opt/visual-studio-code/resources/app/extensions/node_modules/typescript/lib/tsserver.js:179452:33)
    at Session.handlers.ts.Map.ts.getEntries._a.<computed> (/opt/visual-studio-code/resources/app/extensions/node_modules/typescript/lib/tsserver.js:178089:61)
    at /opt/visual-studio-code/resources/app/extensions/node_modules/typescript/lib/tsserver.js:180140:96
    at Session.executeWithRequestId (/opt/visual-studio-code/resources/app/extensions/node_modules/typescript/lib/tsserver.js:180131:28)
    at Session.executeCommand (/opt/visual-studio-code/resources/app/extensions/node_modules/typescript/lib/tsserver.js:180140:41)
    at Session.onMessage (/opt/visual-studio-code/resources/app/extensions/node_modules/typescript/lib/tsserver.js:180168:35)
    at process.<anonymous> (/opt/visual-studio-code/resources/app/extensions/node_modules/typescript/lib/tsserver.js:184334:31)
    at process.emit (node:events:526:28)
    at emit (node:internal/child_process:938:14)
    at process.processTicksAndRejections (node:internal/process/task_queues:84:21)
	at r.create (/opt/visual-studio-code/resources/app/extensions/typescript-language-features/dist/extension.js:1:511605)
	at d.dispatchResponse (/opt/visual-studio-code/resources/app/extensions/typescript-language-features/dist/extension.js:1:505453)
	at d.dispatchMessage (/opt/visual-studio-code/resources/app/extensions/typescript-language-features/dist/extension.js:1:504321)
	at ChildProcess.<anonymous> (/opt/visual-studio-code/resources/app/extensions/typescript-language-features/dist/extension.js:1:503806)
	at ChildProcess.emit (node:events:526:28)
	at emit (node:internal/child_process:938:14)
	at process.processTicksAndRejections (node:internal/process/task_queues:84:21)
[2022-09-13 14:16:38.260] [exthost] [error] [vscode.typescript-language-features] provider FAILED
[2022-09-13 14:16:38.260] [exthost] [error] Error: DisposableStore is missing...
	at J._convertCompletionItem (/opt/visual-studio-code/resources/app/out/vs/workbench/api/node/extensionHostProcess.js:87:52875)
	at J.resolveCompletionItem (/opt/visual-studio-code/resources/app/out/vs/workbench/api/node/extensionHostProcess.js:87:52653)
[2022-09-13 17:25:23.940] [exthost] [info] Extension host terminating: received terminate message from renderer
[2022-09-13 17:25:23.985] [exthost] [info] Extension host with pid 122081 exiting with code 0
